2025-04-09 18:22:12,321 - root - INFO - sra_tools,iuc remove de0f7e0a3896 
2025-04-09 18:22:12,321 - root - INFO - sra_tools,iuc remove fb723c531be5 
2025-04-09 18:22:12,321 - root - INFO - fastqc,devteam remove 0b201de108b9 
2025-04-09 18:22:12,321 - root - INFO - fastqc,devteam remove 3a458e268066 
2025-04-09 18:22:12,321 - root - INFO - fastqc,devteam remove 9337dd1fbc66 
2025-04-09 18:22:12,321 - root - INFO - trim_galore,bgruening remove 2c1f0fe810f7 
2025-04-09 18:22:12,321 - root - INFO - trim_galore,bgruening remove f1e71aeaa923 
2025-04-09 18:22:12,321 - root - INFO - multiqc,iuc remove 161f4383df15 
2025-04-09 18:22:12,321 - root - INFO - sortmerna,rnateam remove 185effcdfb68 
2025-04-09 18:22:12,321 - root - INFO - data_manager_sortmerna_database_downloader,rnateam remove 30bb49887172 
2025-04-09 18:22:12,321 - root - WARNING - data_manager_sortmerna_database_downloader,rnateam has no more installed revisions
2025-04-09 18:22:12,321 - root - INFO - bwa,devteam remove 48f306c57611 
2025-04-09 18:22:12,321 - root - WARNING - bwa,devteam has no more installed revisions
2025-04-09 18:22:12,321 - root - INFO - bowtie2,devteam remove 42bb952b4e3c 
2025-04-09 18:22:12,321 - root - INFO - bowtie2,devteam remove 8ccbdbe9a695 
2025-04-09 18:22:12,321 - root - INFO - bowtie2,devteam remove 96d2e31a3938 
2025-04-09 18:22:12,321 - root - INFO - nonpareil,iuc remove 45210df786b9 
2025-04-09 18:22:12,321 - root - INFO - metaspades,nml remove 01a241476407 
2025-04-09 18:22:12,321 - root - WARNING - metaspades,nml has no more installed revisions
2025-04-09 18:22:12,321 - root - INFO - quast,iuc remove f30d03867854 
2025-04-09 18:22:12,321 - root - INFO - data_manager_qiime_database_downloader,iuc remove cbe065fbd038 
2025-04-09 18:22:12,321 - root - INFO - interproscan5,bgruening remove 82547f0d3a29 
2025-04-09 18:22:12,321 - root - WARNING - interproscan5,bgruening has no more installed revisions
2025-04-09 18:22:12,321 - root - INFO - export2graphlan,iuc remove b16989c1e3a7 
