2025-04-09 18:22:33,661 - root - INFO - graphicsmagick_image_convert,bgruening remove 57e2503e6039 
2025-04-09 18:22:33,661 - root - INFO - graphicsmagick_image_convert,bgruening remove 627e8b38f24f 
2025-04-09 18:22:33,661 - root - INFO - graphicsmagick_image_convert,bgruening remove c01226f0d828 
2025-04-09 18:22:33,661 - root - INFO - graphicsmagick_image_montage,bgruening remove 39881709807e 
2025-04-09 18:22:33,661 - root - INFO - graphicsmagick_image_montage,bgruening remove 4dada93ef525 
2025-04-09 18:22:33,661 - root - INFO - hictk,bgruening remove a2e75bad2872 
2025-04-09 18:22:33,662 - root - INFO - blobtoolkit,bgruening remove 8c2167481e72 
2025-04-09 18:22:33,662 - root - INFO - flye,bgruening remove cd11366d92cf 
2025-04-09 18:22:33,662 - root - INFO - flye,bgruening remove de24438c9988 
2025-04-09 18:22:33,662 - root - INFO - instagraal,bgruening remove 8d5b13b571fd 
2025-04-09 18:22:33,662 - root - INFO - racon,bgruening remove 7c847ec300b8 
2025-04-09 18:22:33,662 - root - INFO - racon,bgruening remove 936f0b5e7fcc 
2025-04-09 18:22:33,662 - root - INFO - racon,bgruening remove e100a765370e 
2025-04-09 18:22:33,662 - root - INFO - split_file_to_collection,bgruening remove d150ac3d853d 
2025-04-09 18:22:33,662 - root - INFO - jbrowse2,fubar remove 137e08517410 
2025-04-09 18:22:33,662 - root - INFO - jbrowse2,fubar remove 2fff478aca4b 
2025-04-09 18:22:33,662 - root - INFO - jbrowse2,fubar remove c017111e976a 
2025-04-09 18:22:33,662 - root - INFO - jbrowse2,fubar remove cec274db51c0 
2025-04-09 18:22:33,662 - root - INFO - jbrowse2,fubar remove dc3fe98e7b37 
2025-04-09 18:22:33,662 - root - INFO - plotly_ml_performance_plots,bgruening remove 4fac53da862f 
2025-04-09 18:22:33,662 - root - INFO - plotly_regression_performance_plots,bgruening remove 0800a1b66bbd 
2025-04-09 18:22:33,662 - root - INFO - keras_batch_models,bgruening remove 0a7f2b9e1fcb 
2025-04-09 18:22:33,662 - root - INFO - keras_batch_models,bgruening remove 0dc3027df8f4 
2025-04-09 18:22:33,662 - root - INFO - keras_batch_models,bgruening remove 33d8be959bf3 
2025-04-09 18:22:33,662 - root - INFO - keras_batch_models,bgruening remove 3814a92c1416 
2025-04-09 18:22:33,662 - root - INFO - keras_batch_models,bgruening remove 4a5266c96889 
2025-04-09 18:22:33,662 - root - INFO - keras_batch_models,bgruening remove 508ce0649bec 
2025-04-09 18:22:33,662 - root - INFO - keras_batch_models,bgruening remove 62b85c8ad8fa 
2025-04-09 18:22:33,662 - root - INFO - keras_batch_models,bgruening remove 68eb154fa0c6 
2025-04-09 18:22:33,662 - root - INFO - keras_batch_models,bgruening remove 77c04469e8b8 
2025-04-09 18:22:33,662 - root - INFO - keras_batch_models,bgruening remove 7f6079deac6f 
2025-04-09 18:22:33,662 - root - INFO - keras_batch_models,bgruening remove 9d77b259ef27 
2025-04-09 18:22:33,662 - root - INFO - keras_batch_models,bgruening remove a98b60c639af 
2025-04-09 18:22:33,662 - root - INFO - keras_batch_models,bgruening remove ed4d31f47d65 
2025-04-09 18:22:33,662 - root - INFO - keras_batch_models,bgruening remove f5e7df4f7975 
2025-04-09 18:22:33,662 - root - INFO - keras_model_builder,bgruening remove 053570bac5ea 
2025-04-09 18:22:33,662 - root - INFO - keras_model_builder,bgruening remove 1b9f617942f7 
2025-04-09 18:22:33,662 - root - INFO - keras_model_builder,bgruening remove 1f0c955fabc7 
2025-04-09 18:22:33,662 - root - INFO - keras_model_builder,bgruening remove 20cd4269deb2 
2025-04-09 18:22:33,662 - root - INFO - keras_model_builder,bgruening remove 4bd0bd2add7f 
2025-04-09 18:22:33,662 - root - INFO - keras_model_builder,bgruening remove 5b35833076f0 
2025-04-09 18:22:33,662 - root - INFO - keras_model_builder,bgruening remove 5f39cff2a372 
2025-04-09 18:22:33,662 - root - INFO - keras_model_builder,bgruening remove 8611b3f52a38 
2025-04-09 18:22:33,662 - root - INFO - keras_model_builder,bgruening remove 9b6faa256f15 
2025-04-09 18:22:33,662 - root - INFO - keras_model_builder,bgruening remove c51571d0a0b1 
2025-04-09 18:22:33,662 - root - INFO - keras_model_builder,bgruening remove e3b420d0b71a 
2025-04-09 18:22:33,662 - root - INFO - keras_model_builder,bgruening remove ed7c222e47e3 
2025-04-09 18:22:33,662 - root - INFO - keras_model_builder,bgruening remove f7ecdde4b201 
2025-04-09 18:22:33,662 - root - INFO - keras_model_config,bgruening remove 0c933465d70e 
2025-04-09 18:22:33,662 - root - INFO - keras_model_config,bgruening remove 0fd7d8e90e2a 
2025-04-09 18:22:33,662 - root - INFO - keras_model_config,bgruening remove 2a853a2d2e72 
2025-04-09 18:22:33,662 - root - INFO - keras_model_config,bgruening remove 2b8d85927742 
2025-04-09 18:22:33,662 - root - INFO - keras_model_config,bgruening remove 2d8478144bb2 
2025-04-09 18:22:33,662 - root - INFO - keras_model_config,bgruening remove 463a197abbd1 
2025-04-09 18:22:33,662 - root - INFO - keras_model_config,bgruening remove 61a6132df9e0 
2025-04-09 18:22:33,662 - root - INFO - keras_model_config,bgruening remove 64bbfa592868 
2025-04-09 18:22:33,662 - root - INFO - keras_model_config,bgruening remove 94d91334c787 
2025-04-09 18:22:33,662 - root - INFO - keras_model_config,bgruening remove b9906ce4756c 
2025-04-09 18:22:33,662 - root - INFO - keras_model_config,bgruening remove bedbda03c573 
2025-04-09 18:22:33,662 - root - INFO - keras_model_config,bgruening remove c3813c64d678 
2025-04-09 18:22:33,662 - root - INFO - keras_model_config,bgruening remove de19ef9ff031 
2025-04-09 18:22:33,662 - root - INFO - keras_model_config,bgruening remove e474e701d58b 
2025-04-09 18:22:33,662 - root - INFO - keras_train_and_eval,bgruening remove 03f61bb3ca43 
2025-04-09 18:22:33,662 - root - INFO - keras_train_and_eval,bgruening remove 0af678661e20 
2025-04-09 18:22:33,662 - root - INFO - keras_train_and_eval,bgruening remove 470aed90aa41 
2025-04-09 18:22:33,662 - root - INFO - keras_train_and_eval,bgruening remove 785dd890e27d 
2025-04-09 18:22:33,662 - root - INFO - keras_train_and_eval,bgruening remove bba502278c25 
2025-04-09 18:22:33,662 - root - INFO - keras_train_and_eval,bgruening remove ccd6269fad60 
2025-04-09 18:22:33,662 - root - INFO - keras_train_and_eval,bgruening remove e29894cdea47 
2025-04-09 18:22:33,662 - root - INFO - keras_train_and_eval,bgruening remove ead8f1822587 
2025-04-09 18:22:33,662 - root - INFO - ml_visualization_ex,bgruening remove 09efff9a5765 
2025-04-09 18:22:33,662 - root - INFO - ml_visualization_ex,bgruening remove 14bd6d59650d 
2025-04-09 18:22:33,662 - root - INFO - ml_visualization_ex,bgruening remove 177d0766e2fb 
2025-04-09 18:22:33,662 - root - INFO - ml_visualization_ex,bgruening remove 222c02df5d55 
2025-04-09 18:22:33,662 - root - INFO - ml_visualization_ex,bgruening remove 4a229a7ad638 
2025-04-09 18:22:33,662 - root - INFO - ml_visualization_ex,bgruening remove 6b94d76a1397 
2025-04-09 18:22:33,662 - root - INFO - ml_visualization_ex,bgruening remove 6fabdcde0214 
2025-04-09 18:22:33,662 - root - INFO - ml_visualization_ex,bgruening remove a536d2736c2d 
2025-04-09 18:22:33,662 - root - INFO - ml_visualization_ex,bgruening remove dd13740e8fdc 
2025-04-09 18:22:33,662 - root - INFO - ml_visualization_ex,bgruening remove e88c782a127d 
2025-04-09 18:22:33,662 - root - INFO - ml_visualization_ex,bgruening remove f96efab83b65 
2025-04-09 18:22:33,662 - root - INFO - model_prediction,bgruening remove 1e088aa741eb 
2025-04-09 18:22:33,662 - root - INFO - model_prediction,bgruening remove 22f9cbcf1582 
2025-04-09 18:22:33,662 - root - INFO - model_prediction,bgruening remove 60c726f5cc5e 
2025-04-09 18:22:33,662 - root - INFO - model_prediction,bgruening remove 61ed5b826c32 
2025-04-09 18:22:33,662 - root - INFO - model_prediction,bgruening remove 65820fb7257b 
2025-04-09 18:22:33,662 - root - INFO - model_prediction,bgruening remove 6efb9bc6bf32 
2025-04-09 18:22:33,662 - root - INFO - model_prediction,bgruening remove 948eca2af157 
2025-04-09 18:22:33,662 - root - INFO - model_prediction,bgruening remove 980bf31faa05 
2025-04-09 18:22:33,662 - root - INFO - model_prediction,bgruening remove af7ed4d45619 
2025-04-09 18:22:33,662 - root - INFO - model_prediction,bgruening remove ce00f1cccb03 
2025-04-09 18:22:33,662 - root - INFO - model_prediction,bgruening remove fb1fa391189e 
2025-04-09 18:22:33,662 - root - INFO - sklearn_build_pipeline,bgruening remove 0c74d3164ac8 
2025-04-09 18:22:33,662 - root - INFO - sklearn_build_pipeline,bgruening remove 118e230e85ce 
2025-04-09 18:22:33,662 - root - INFO - sklearn_build_pipeline,bgruening remove 3519f6003259 
2025-04-09 18:22:33,662 - root - INFO - sklearn_build_pipeline,bgruening remove 3f25f37ee3db 
2025-04-09 18:22:33,662 - root - INFO - sklearn_build_pipeline,bgruening remove 3f3c6dc38f3e 
2025-04-09 18:22:33,662 - root - INFO - sklearn_build_pipeline,bgruening remove 653be9c354ec 
2025-04-09 18:22:33,662 - root - INFO - sklearn_build_pipeline,bgruening remove 664666bd14ec 
2025-04-09 18:22:33,662 - root - INFO - sklearn_build_pipeline,bgruening remove 6d056a1b2249 
2025-04-09 18:22:33,662 - root - INFO - sklearn_build_pipeline,bgruening remove 7388ffedf12c 
2025-04-09 18:22:33,662 - root - INFO - sklearn_build_pipeline,bgruening remove 913ee94945f3 
2025-04-09 18:22:33,662 - root - INFO - sklearn_build_pipeline,bgruening remove 9160cb4069c2 
2025-04-09 18:22:33,662 - root - INFO - sklearn_build_pipeline,bgruening remove 97dce66fe158 
2025-04-09 18:22:33,662 - root - INFO - sklearn_build_pipeline,bgruening remove 9ddacd0b8c8b 
2025-04-09 18:22:33,662 - root - INFO - sklearn_clf_metrics,bgruening remove 15bcf1a7543b 
2025-04-09 18:22:33,662 - root - INFO - sklearn_clf_metrics,bgruening remove 25cc25ea10b8 
2025-04-09 18:22:33,662 - root - INFO - sklearn_clf_metrics,bgruening remove 40e31fb88836 
2025-04-09 18:22:33,662 - root - INFO - sklearn_clf_metrics,bgruening remove 55703205546f 
2025-04-09 18:22:33,662 - root - INFO - sklearn_clf_metrics,bgruening remove 5621f2be9fbc 
2025-04-09 18:22:33,663 - root - INFO - sklearn_clf_metrics,bgruening remove 5a21a631d2eb 
2025-04-09 18:22:33,663 - root - INFO - sklearn_clf_metrics,bgruening remove 9bf11bbeccc3 
2025-04-09 18:22:33,663 - root - INFO - sklearn_clf_metrics,bgruening remove ae69f6918abe 
2025-04-09 18:22:33,663 - root - INFO - sklearn_clf_metrics,bgruening remove c8547d3993c0 
2025-04-09 18:22:33,663 - root - INFO - sklearn_clf_metrics,bgruening remove c89a3bfb3b1d 
2025-04-09 18:22:33,663 - root - INFO - sklearn_clf_metrics,bgruening remove daaa56720686 
2025-04-09 18:22:33,663 - root - INFO - sklearn_clf_metrics,bgruening remove e8ded63c3fa8 
2025-04-09 18:22:33,663 - root - INFO - sklearn_clf_metrics,bgruening remove e9821a426d75 
2025-04-09 18:22:33,663 - root - INFO - sklearn_data_preprocess,bgruening remove 045faa05e712 
2025-04-09 18:22:33,663 - root - INFO - sklearn_data_preprocess,bgruening remove 1bef885255e0 
2025-04-09 18:22:33,663 - root - INFO - sklearn_data_preprocess,bgruening remove 29e863d1491e 
2025-04-09 18:22:33,663 - root - INFO - sklearn_data_preprocess,bgruening remove 4952fe39b61d 
2025-04-09 18:22:33,663 - root - INFO - sklearn_data_preprocess,bgruening remove 4fc54bac4254 
2025-04-09 18:22:33,663 - root - INFO - sklearn_data_preprocess,bgruening remove 50b3e080cef0 
2025-04-09 18:22:33,663 - root - INFO - sklearn_data_preprocess,bgruening remove 66df2aa6cd6b 
2025-04-09 18:22:33,663 - root - INFO - sklearn_data_preprocess,bgruening remove 826c3e68e7a9 
2025-04-09 18:22:33,663 - root - INFO - sklearn_data_preprocess,bgruening remove 9e43ee712723 
2025-04-09 18:22:33,663 - root - INFO - sklearn_data_preprocess,bgruening remove a5c2ce4ea328 
2025-04-09 18:22:33,663 - root - INFO - sklearn_data_preprocess,bgruening remove add3c3a7c2b4 
2025-04-09 18:22:33,663 - root - INFO - sklearn_data_preprocess,bgruening remove b75cae00f980 
2025-04-09 18:22:33,663 - root - INFO - sklearn_data_preprocess,bgruening remove eb79bde99328 
2025-04-09 18:22:33,663 - root - INFO - sklearn_discriminant_classifier,bgruening remove 1bd039aca44f 
2025-04-09 18:22:33,663 - root - INFO - sklearn_discriminant_classifier,bgruening remove 1d2bcebc8678 
2025-04-09 18:22:33,663 - root - INFO - sklearn_discriminant_classifier,bgruening remove 237ae72d58a3 
2025-04-09 18:22:33,663 - root - INFO - sklearn_discriminant_classifier,bgruening remove 420a4bf99244 
2025-04-09 18:22:33,663 - root - INFO - sklearn_discriminant_classifier,bgruening remove 5552eda109bd 
2025-04-09 18:22:33,663 - root - INFO - sklearn_discriminant_classifier,bgruening remove 64b771b1471a 
2025-04-09 18:22:33,663 - root - INFO - sklearn_discriminant_classifier,bgruening remove 74fe0dc82c00 
2025-04-09 18:22:33,663 - root - INFO - sklearn_discriminant_classifier,bgruening remove 7696d389675c 
2025-04-09 18:22:33,663 - root - INFO - sklearn_discriminant_classifier,bgruening remove 893285b150f8 
2025-04-09 18:22:33,663 - root - INFO - sklearn_discriminant_classifier,bgruening remove 8e49f26b14d3 
2025-04-09 18:22:33,663 - root - INFO - sklearn_discriminant_classifier,bgruening remove 95d0f81e46e8 
2025-04-09 18:22:33,663 - root - INFO - sklearn_discriminant_classifier,bgruening remove e76f6dfea5c9 
2025-04-09 18:22:33,663 - root - INFO - sklearn_discriminant_classifier,bgruening remove fc48ce12454b 
2025-04-09 18:22:33,663 - root - INFO - sklearn_ensemble,bgruening remove 0087d6db4290 
2025-04-09 18:22:33,663 - root - INFO - sklearn_ensemble,bgruening remove 1682df52c084 
2025-04-09 18:22:33,663 - root - INFO - sklearn_ensemble,bgruening remove 172365bc2b5f 
2025-04-09 18:22:33,663 - root - INFO - sklearn_ensemble,bgruening remove 315f01a9d2c2 
2025-04-09 18:22:33,663 - root - INFO - sklearn_ensemble,bgruening remove 3ab7af14f1b5 
2025-04-09 18:22:33,663 - root - INFO - sklearn_ensemble,bgruening remove 407495139a09 
2025-04-09 18:22:33,663 - root - INFO - sklearn_ensemble,bgruening remove 47d4baa183b2 
2025-04-09 18:22:33,663 - root - INFO - sklearn_ensemble,bgruening remove 4ecc0ce9d0a2 
2025-04-09 18:22:33,663 - root - INFO - sklearn_ensemble,bgruening remove a98fdfcd9f5f 
2025-04-09 18:22:33,663 - root - INFO - sklearn_ensemble,bgruening remove af0523c606a7 
2025-04-09 18:22:33,663 - root - INFO - sklearn_ensemble,bgruening remove d868914bce73 
2025-04-09 18:22:33,663 - root - INFO - sklearn_ensemble,bgruening remove e94395c672bd 
2025-04-09 18:22:33,663 - root - INFO - sklearn_ensemble,bgruening remove f4d8a82e167c 
2025-04-09 18:22:33,663 - root - INFO - sklearn_estimator_attributes,bgruening remove 2ad4c2798be7 
2025-04-09 18:22:33,663 - root - INFO - sklearn_estimator_attributes,bgruening remove 5a125d1ac9b9 
2025-04-09 18:22:33,663 - root - INFO - sklearn_estimator_attributes,bgruening remove 5ae00d2908f2 
2025-04-09 18:22:33,663 - root - INFO - sklearn_estimator_attributes,bgruening remove 74de84506e74 
2025-04-09 18:22:33,663 - root - INFO - sklearn_estimator_attributes,bgruening remove 7a64b9f39a46 
2025-04-09 18:22:33,663 - root - INFO - sklearn_estimator_attributes,bgruening remove 7a9a9349eb42 
2025-04-09 18:22:33,663 - root - INFO - sklearn_estimator_attributes,bgruening remove 867caa39eaa4 
2025-04-09 18:22:33,663 - root - INFO - sklearn_estimator_attributes,bgruening remove adaf2457d6ec 
2025-04-09 18:22:33,663 - root - INFO - sklearn_estimator_attributes,bgruening remove bd27a211182a 
2025-04-09 18:22:33,663 - root - INFO - sklearn_estimator_attributes,bgruening remove c2c7761363b9 
2025-04-09 18:22:33,663 - root - INFO - sklearn_estimator_attributes,bgruening remove c9ddd20d25d0 
2025-04-09 18:22:33,663 - root - INFO - sklearn_estimator_attributes,bgruening remove f4a7c3aa1e10 
2025-04-09 18:22:33,663 - root - INFO - sklearn_feature_selection,bgruening remove 1d20e0dce176 
2025-04-09 18:22:33,663 - root - INFO - sklearn_feature_selection,bgruening remove 41b109e70a7f 
2025-04-09 18:22:33,663 - root - INFO - sklearn_feature_selection,bgruening remove 46b43ee6d367 
2025-04-09 18:22:33,663 - root - INFO - sklearn_feature_selection,bgruening remove 5276bdb49315 
2025-04-09 18:22:33,663 - root - INFO - sklearn_feature_selection,bgruening remove 5773e98921fc 
2025-04-09 18:22:33,663 - root - INFO - sklearn_feature_selection,bgruening remove 8a307b946c58 
2025-04-09 18:22:33,663 - root - INFO - sklearn_feature_selection,bgruening remove a7c667ff83fe 
2025-04-09 18:22:33,663 - root - INFO - sklearn_feature_selection,bgruening remove ae0fafb53c1d 
2025-04-09 18:22:33,663 - root - INFO - sklearn_feature_selection,bgruening remove c2cd3219543a 
2025-04-09 18:22:33,663 - root - INFO - sklearn_feature_selection,bgruening remove d84b3a229a52 
2025-04-09 18:22:33,663 - root - INFO - sklearn_feature_selection,bgruening remove ec25331946b8 
2025-04-09 18:22:33,663 - root - INFO - sklearn_feature_selection,bgruening remove fe47a06943fb 
2025-04-09 18:22:33,663 - root - INFO - sklearn_fitted_model_eval,bgruening remove 044729657181 
2025-04-09 18:22:33,663 - root - INFO - sklearn_fitted_model_eval,bgruening remove 0926c2b1315f 
2025-04-09 18:22:33,663 - root - INFO - sklearn_fitted_model_eval,bgruening remove 4f243b0169db 
2025-04-09 18:22:33,663 - root - INFO - sklearn_fitted_model_eval,bgruening remove 61fb99c55558 
2025-04-09 18:22:33,663 - root - INFO - sklearn_fitted_model_eval,bgruening remove c2a7717d96ce 
2025-04-09 18:22:33,663 - root - INFO - sklearn_fitted_model_eval,bgruening remove cf54bae8ad42 
2025-04-09 18:22:33,663 - root - INFO - sklearn_fitted_model_eval,bgruening remove e00c1c9d206b 
2025-04-09 18:22:33,663 - root - INFO - sklearn_fitted_model_eval,bgruening remove eaddff553324 
2025-04-09 18:22:33,663 - root - INFO - sklearn_fitted_model_eval,bgruening remove f73a2b68a37b 
2025-04-09 18:22:33,663 - root - INFO - sklearn_generalized_linear,bgruening remove 14f0ccc85505 
2025-04-09 18:22:33,663 - root - INFO - sklearn_generalized_linear,bgruening remove 3e4a7684d402 
2025-04-09 18:22:33,663 - root - INFO - sklearn_generalized_linear,bgruening remove 616a241c5b37 
2025-04-09 18:22:33,663 - root - INFO - sklearn_generalized_linear,bgruening remove 63417d0acc72 
2025-04-09 18:22:33,663 - root - INFO - sklearn_generalized_linear,bgruening remove 6cf4b82c72bc 
2025-04-09 18:22:33,663 - root - INFO - sklearn_generalized_linear,bgruening remove 913bf1c4c7bb 
2025-04-09 18:22:33,663 - root - INFO - sklearn_generalized_linear,bgruening remove a8c7b9fa426c 
2025-04-09 18:22:33,663 - root - INFO - sklearn_generalized_linear,bgruening remove a9474cdda506 
2025-04-09 18:22:33,663 - root - INFO - sklearn_generalized_linear,bgruening remove b628de0d101f 
2025-04-09 18:22:33,663 - root - INFO - sklearn_generalized_linear,bgruening remove bf78d5caca65 
2025-04-09 18:22:33,663 - root - INFO - sklearn_generalized_linear,bgruening remove c648d0716fb0 
2025-04-09 18:22:33,663 - root - INFO - sklearn_generalized_linear,bgruening remove c9969328b42f 
2025-04-09 18:22:33,663 - root - INFO - sklearn_generalized_linear,bgruening remove f12dc92b6699 
2025-04-09 18:22:33,663 - root - INFO - sklearn_label_encoder,bgruening remove 026ff1ea9f94 
2025-04-09 18:22:33,663 - root - INFO - sklearn_label_encoder,bgruening remove 2be90d2f29a7 
2025-04-09 18:22:33,663 - root - INFO - sklearn_label_encoder,bgruening remove 5e1581dfb419 
2025-04-09 18:22:33,663 - root - INFO - sklearn_lightgbm,bgruening remove 3045d322d4ac 
2025-04-09 18:22:33,663 - root - INFO - sklearn_lightgbm,bgruening remove 455ff9bec9b5 
2025-04-09 18:22:33,663 - root - INFO - sklearn_lightgbm,bgruening remove 74f96ebc5554 
2025-04-09 18:22:33,663 - root - INFO - sklearn_lightgbm,bgruening remove 8e95b68b178b 
2025-04-09 18:22:33,663 - root - INFO - sklearn_lightgbm,bgruening remove 9b70bf3306e5 
2025-04-09 18:22:33,663 - root - INFO - sklearn_lightgbm,bgruening remove aff86cee673c 
2025-04-09 18:22:33,663 - root - INFO - sklearn_lightgbm,bgruening remove c48ffc96fe79 
2025-04-09 18:22:33,663 - root - INFO - sklearn_model_fit,bgruening remove 17999807dc1b 
2025-04-09 18:22:33,663 - root - INFO - sklearn_model_fit,bgruening remove 5dc03d8e137e 
2025-04-09 18:22:33,663 - root - INFO - sklearn_model_fit,bgruening remove 734c66aa945a 
2025-04-09 18:22:33,663 - root - INFO - sklearn_model_fit,bgruening remove 8861ece0b66f 
2025-04-09 18:22:33,663 - root - INFO - sklearn_model_fit,bgruening remove 8f469d961e30 
2025-04-09 18:22:33,663 - root - INFO - sklearn_model_fit,bgruening remove adb084b901cc 
2025-04-09 18:22:33,663 - root - INFO - sklearn_model_fit,bgruening remove fb17e19b62a4 
2025-04-09 18:22:33,663 - root - INFO - sklearn_model_fit,bgruening remove fc2e64a27e90 
2025-04-09 18:22:33,663 - root - INFO - sklearn_model_validation,bgruening remove 0474777be433 
2025-04-09 18:22:33,663 - root - INFO - sklearn_model_validation,bgruening remove 30f892a9b46d 
2025-04-09 18:22:33,663 - root - INFO - sklearn_model_validation,bgruening remove 4b359039f09f 
2025-04-09 18:22:33,663 - root - INFO - sklearn_model_validation,bgruening remove 5895fe0b8bde 
2025-04-09 18:22:33,664 - root - INFO - sklearn_model_validation,bgruening remove 60b8a683ba99 
2025-04-09 18:22:33,664 - root - INFO - sklearn_model_validation,bgruening remove 65f18ab91132 
2025-04-09 18:22:33,664 - root - INFO - sklearn_model_validation,bgruening remove 887e0aaa482e 
2025-04-09 18:22:33,664 - root - INFO - sklearn_model_validation,bgruening remove 95b04e086576 
2025-04-09 18:22:33,664 - root - INFO - sklearn_model_validation,bgruening remove 9dc28a4b6ca8 
2025-04-09 18:22:33,664 - root - INFO - sklearn_model_validation,bgruening remove a5aed87b2cc0 
2025-04-09 18:22:33,664 - root - INFO - sklearn_model_validation,bgruening remove caa3995d5f23 
2025-04-09 18:22:33,664 - root - INFO - sklearn_model_validation,bgruening remove cf9aa11b91c8 
2025-04-09 18:22:33,664 - root - INFO - sklearn_model_validation,bgruening remove de360b57a5ab 
2025-04-09 18:22:33,664 - root - INFO - sklearn_nn_classifier,bgruening remove 23fb598a09d7 
2025-04-09 18:22:33,664 - root - INFO - sklearn_nn_classifier,bgruening remove 309cc7c6af56 
2025-04-09 18:22:33,664 - root - INFO - sklearn_nn_classifier,bgruening remove 34d31bd995e9 
2025-04-09 18:22:33,664 - root - INFO - sklearn_nn_classifier,bgruening remove 39ae3c043096 
2025-04-09 18:22:33,664 - root - INFO - sklearn_nn_classifier,bgruening remove 4db563e8d453 
2025-04-09 18:22:33,664 - root - INFO - sklearn_nn_classifier,bgruening remove 699024d5c451 
2025-04-09 18:22:33,664 - root - INFO - sklearn_nn_classifier,bgruening remove 823ecc0bce45 
2025-04-09 18:22:33,664 - root - INFO - sklearn_nn_classifier,bgruening remove 9871a634540f 
2025-04-09 18:22:33,664 - root - INFO - sklearn_nn_classifier,bgruening remove d33d37f32e54 
2025-04-09 18:22:33,664 - root - INFO - sklearn_nn_classifier,bgruening remove e9ba818e7877 
2025-04-09 18:22:33,664 - root - INFO - sklearn_nn_classifier,bgruening remove fa2d8618bab0 
2025-04-09 18:22:33,664 - root - INFO - sklearn_nn_classifier,bgruening remove fbc38059bb8f 
2025-04-09 18:22:33,664 - root - INFO - sklearn_nn_classifier,bgruening remove fdd27282ed8e 
2025-04-09 18:22:33,664 - root - INFO - sklearn_numeric_clustering,bgruening remove 2d7c60aa6c62 
2025-04-09 18:22:33,664 - root - INFO - sklearn_numeric_clustering,bgruening remove 6edcaa8dbb9f 
2025-04-09 18:22:33,664 - root - INFO - sklearn_numeric_clustering,bgruening remove 73e7f1c76ece 
2025-04-09 18:22:33,664 - root - INFO - sklearn_numeric_clustering,bgruening remove 838ca001438d 
2025-04-09 18:22:33,664 - root - INFO - sklearn_numeric_clustering,bgruening remove 83938131dd46 
2025-04-09 18:22:33,664 - root - INFO - sklearn_numeric_clustering,bgruening remove 8eed73e8e04d 
2025-04-09 18:22:33,664 - root - INFO - sklearn_numeric_clustering,bgruening remove 9ff214ce6ec2 
2025-04-09 18:22:33,664 - root - INFO - sklearn_numeric_clustering,bgruening remove abb5a3f256e3 
2025-04-09 18:22:33,664 - root - INFO - sklearn_numeric_clustering,bgruening remove aeca97d9a214 
2025-04-09 18:22:33,664 - root - INFO - sklearn_numeric_clustering,bgruening remove e13a7c05b3a4 
2025-04-09 18:22:33,664 - root - INFO - sklearn_numeric_clustering,bgruening remove e7f047a9dca9 
2025-04-09 18:22:33,664 - root - INFO - sklearn_numeric_clustering,bgruening remove ff955d4fc5b1 
2025-04-09 18:22:33,664 - root - INFO - sklearn_pairwise_metrics,bgruening remove 053e7f32d37e 
2025-04-09 18:22:33,664 - root - INFO - sklearn_pairwise_metrics,bgruening remove 09bfbef3dd90 
2025-04-09 18:22:33,664 - root - INFO - sklearn_pairwise_metrics,bgruening remove 1682b64aad9e 
2025-04-09 18:22:33,664 - root - INFO - sklearn_pairwise_metrics,bgruening remove 20b7295ae6e9 
2025-04-09 18:22:33,664 - root - INFO - sklearn_pairwise_metrics,bgruening remove 26ae8c074d95 
2025-04-09 18:22:33,664 - root - INFO - sklearn_pairwise_metrics,bgruening remove 2a1afd3481ce 
2025-04-09 18:22:33,664 - root - INFO - sklearn_pairwise_metrics,bgruening remove 62945303e6bd 
2025-04-09 18:22:33,664 - root - INFO - sklearn_pairwise_metrics,bgruening remove 7366e5108e9f 
2025-04-09 18:22:33,664 - root - INFO - sklearn_pairwise_metrics,bgruening remove 86020dbc8ef7 
2025-04-09 18:22:33,664 - root - INFO - sklearn_pairwise_metrics,bgruening remove bc17040617c0 
2025-04-09 18:22:33,664 - root - INFO - sklearn_pairwise_metrics,bgruening remove bd9481c0af38 
2025-04-09 18:22:33,664 - root - INFO - sklearn_pairwise_metrics,bgruening remove cd4328a02798 
2025-04-09 18:22:33,664 - root - INFO - sklearn_pairwise_metrics,bgruening remove e79200975daf 
2025-04-09 18:22:33,664 - root - INFO - sklearn_pca,bgruening remove 03e0da430d44 
2025-04-09 18:22:33,664 - root - INFO - sklearn_pca,bgruening remove 24c1cc2dd4a4 
2025-04-09 18:22:33,664 - root - INFO - sklearn_pca,bgruening remove 945a53c248de 
2025-04-09 18:22:33,664 - root - INFO - sklearn_pca,bgruening remove caf164dd0e18 
2025-04-09 18:22:33,664 - root - INFO - sklearn_pca,bgruening remove e36ab18cbaca 
2025-04-09 18:22:33,664 - root - INFO - sklearn_pca,bgruening remove e3b3f375b61e 
2025-04-09 18:22:33,664 - root - INFO - sklearn_regression_metrics,bgruening remove 146133e04fbc 
2025-04-09 18:22:33,664 - root - INFO - sklearn_regression_metrics,bgruening remove 1e98dbb8d5bc 
2025-04-09 18:22:33,664 - root - INFO - sklearn_regression_metrics,bgruening remove 203b2ade8097 
2025-04-09 18:22:33,664 - root - INFO - sklearn_regression_metrics,bgruening remove 3703b5796442 
2025-04-09 18:22:33,664 - root - INFO - sklearn_regression_metrics,bgruening remove 40ee30b5e456 
2025-04-09 18:22:33,664 - root - INFO - sklearn_regression_metrics,bgruening remove 6000c1589f33 
2025-04-09 18:22:33,664 - root - INFO - sklearn_regression_metrics,bgruening remove 64c87ceb6766 
2025-04-09 18:22:33,664 - root - INFO - sklearn_regression_metrics,bgruening remove 6db5c1dfb076 
2025-04-09 18:22:33,664 - root - INFO - sklearn_regression_metrics,bgruening remove 70c5a9127f99 
2025-04-09 18:22:33,664 - root - INFO - sklearn_regression_metrics,bgruening remove 9c8ede554b7c 
2025-04-09 18:22:33,664 - root - INFO - sklearn_regression_metrics,bgruening remove a152c1d23379 
2025-04-09 18:22:33,664 - root - INFO - sklearn_regression_metrics,bgruening remove b4ebe47701e4 
2025-04-09 18:22:33,664 - root - INFO - sklearn_regression_metrics,bgruening remove f5dcb87fd14e 
2025-04-09 18:22:33,664 - root - INFO - sklearn_sample_generator,bgruening remove 04f34751dae3 
2025-04-09 18:22:33,664 - root - INFO - sklearn_sample_generator,bgruening remove 0ba38603a0d6 
2025-04-09 18:22:33,664 - root - INFO - sklearn_sample_generator,bgruening remove 0f460421b212 
2025-04-09 18:22:33,664 - root - INFO - sklearn_sample_generator,bgruening remove 1fe020b2108f 
2025-04-09 18:22:33,664 - root - INFO - sklearn_sample_generator,bgruening remove 52ea044c667f 
2025-04-09 18:22:33,664 - root - INFO - sklearn_sample_generator,bgruening remove 6b14fe097541 
2025-04-09 18:22:33,664 - root - INFO - sklearn_sample_generator,bgruening remove 7c2e71e4acf3 
2025-04-09 18:22:33,664 - root - INFO - sklearn_sample_generator,bgruening remove 97b467e06354 
2025-04-09 18:22:33,664 - root - INFO - sklearn_sample_generator,bgruening remove 999e07f0a9fa 
2025-04-09 18:22:33,664 - root - INFO - sklearn_sample_generator,bgruening remove ab9977548806 
2025-04-09 18:22:33,664 - root - INFO - sklearn_sample_generator,bgruening remove b4ba9602a36e 
2025-04-09 18:22:33,664 - root - INFO - sklearn_sample_generator,bgruening remove db7eb7302fc9 
2025-04-09 18:22:33,664 - root - INFO - sklearn_sample_generator,bgruening remove df579b31311d 
2025-04-09 18:22:33,664 - root - INFO - sklearn_searchcv,bgruening remove 103aaea17119 
2025-04-09 18:22:33,664 - root - INFO - sklearn_searchcv,bgruening remove 1ae5dfd5ac17 
2025-04-09 18:22:33,664 - root - INFO - sklearn_searchcv,bgruening remove 1c4a241bef5c 
2025-04-09 18:22:33,664 - root - INFO - sklearn_searchcv,bgruening remove 1ddf415cb349 
2025-04-09 18:22:33,664 - root - INFO - sklearn_searchcv,bgruening remove 3d5b2491c62b 
2025-04-09 18:22:33,664 - root - INFO - sklearn_searchcv,bgruening remove 586e68c83df2 
2025-04-09 18:22:33,664 - root - INFO - sklearn_searchcv,bgruening remove 68753d45815f 
2025-04-09 18:22:33,664 - root - INFO - sklearn_searchcv,bgruening remove 907bb0418c9f 
2025-04-09 18:22:33,664 - root - INFO - sklearn_searchcv,bgruening remove a36a45cb96fa 
2025-04-09 18:22:33,664 - root - INFO - sklearn_searchcv,bgruening remove c1ca24a1509d 
2025-04-09 18:22:33,664 - root - INFO - sklearn_searchcv,bgruening remove d37a7f17e35d 
2025-04-09 18:22:33,664 - root - INFO - sklearn_searchcv,bgruening remove d709e2d0d199 
2025-04-09 18:22:33,664 - root - INFO - sklearn_searchcv,bgruening remove f0d2e8a3c575 
2025-04-09 18:22:33,664 - root - INFO - sklearn_stacking_ensemble_models,bgruening remove 0e20520a63ee 
2025-04-09 18:22:33,664 - root - INFO - sklearn_stacking_ensemble_models,bgruening remove 22560cf810b8 
2025-04-09 18:22:33,664 - root - INFO - sklearn_stacking_ensemble_models,bgruening remove 2b679bb676be 
2025-04-09 18:22:33,664 - root - INFO - sklearn_stacking_ensemble_models,bgruening remove 3dc6734056e6 
2025-04-09 18:22:33,664 - root - INFO - sklearn_stacking_ensemble_models,bgruening remove a2e4a45c6083 
2025-04-09 18:22:33,664 - root - INFO - sklearn_stacking_ensemble_models,bgruening remove b8378d4791b7 
2025-04-09 18:22:33,664 - root - INFO - sklearn_stacking_ensemble_models,bgruening remove d25127d5f4e0 
2025-04-09 18:22:33,664 - root - INFO - sklearn_stacking_ensemble_models,bgruening remove fcc5eaaec401 
2025-04-09 18:22:33,664 - root - INFO - sklearn_svm_classifier,bgruening remove 14fa42b095c4 
2025-04-09 18:22:33,664 - root - INFO - sklearn_svm_classifier,bgruening remove 1a9d5a8fff12 
2025-04-09 18:22:33,664 - root - INFO - sklearn_svm_classifier,bgruening remove 295c383c3282 
2025-04-09 18:22:33,664 - root - INFO - sklearn_svm_classifier,bgruening remove 2df8f5c30edc 
2025-04-09 18:22:33,664 - root - INFO - sklearn_svm_classifier,bgruening remove 6d23883e0b94 
2025-04-09 18:22:33,664 - root - INFO - sklearn_svm_classifier,bgruening remove 73d2ef652879 
2025-04-09 18:22:33,664 - root - INFO - sklearn_svm_classifier,bgruening remove 7d7379dfef8b 
2025-04-09 18:22:33,664 - root - INFO - sklearn_svm_classifier,bgruening remove 9295c5f34630 
2025-04-09 18:22:33,664 - root - INFO - sklearn_svm_classifier,bgruening remove a5665e1b06b0 
2025-04-09 18:22:33,664 - root - INFO - sklearn_svm_classifier,bgruening remove d2afc87db26b 
2025-04-09 18:22:33,664 - root - INFO - sklearn_svm_classifier,bgruening remove e92c8a69b0e0 
2025-04-09 18:22:33,664 - root - INFO - sklearn_svm_classifier,bgruening remove f458724cc317 
2025-04-09 18:22:33,664 - root - INFO - sklearn_svm_classifier,bgruening remove fa9d6a4d95ad 
2025-04-09 18:22:33,665 - root - INFO - sklearn_to_categorical,bgruening remove 2d53571c2f00 
2025-04-09 18:22:33,665 - root - INFO - sklearn_to_categorical,bgruening remove 59e8b4328c82 
2025-04-09 18:22:33,665 - root - INFO - sklearn_to_categorical,bgruening remove 612ca26c197d 
2025-04-09 18:22:33,665 - root - INFO - sklearn_to_categorical,bgruening remove a38de68880df 
2025-04-09 18:22:33,665 - root - INFO - sklearn_to_categorical,bgruening remove a4f18bbb4eca 
2025-04-09 18:22:33,665 - root - INFO - sklearn_to_categorical,bgruening remove f93f0cdbaf18 
2025-04-09 18:22:33,665 - root - INFO - sklearn_train_test_eval,bgruening remove 1b68acd5ac08 
2025-04-09 18:22:33,665 - root - INFO - sklearn_train_test_eval,bgruening remove 20bb2a45f922 
2025-04-09 18:22:33,665 - root - INFO - sklearn_train_test_eval,bgruening remove 2b8406e74f9e 
2025-04-09 18:22:33,665 - root - INFO - sklearn_train_test_eval,bgruening remove 443471b0a27a 
2025-04-09 18:22:33,665 - root - INFO - sklearn_train_test_eval,bgruening remove 8b822484debc 
2025-04-09 18:22:33,665 - root - INFO - sklearn_train_test_eval,bgruening remove a9e0b963b7bb 
2025-04-09 18:22:33,665 - root - INFO - sklearn_train_test_eval,bgruening remove adf9f8d5ab9a 
2025-04-09 18:22:33,665 - root - INFO - sklearn_train_test_eval,bgruening remove caf7d2b71a48 
2025-04-09 18:22:33,665 - root - INFO - sklearn_train_test_eval,bgruening remove cc49634df38f 
2025-04-09 18:22:33,665 - root - INFO - sklearn_train_test_eval,bgruening remove e23cfe4be9d4 
2025-04-09 18:22:33,665 - root - INFO - sklearn_train_test_eval,bgruening remove f12383ee3234 
2025-04-09 18:22:33,665 - root - INFO - sklearn_train_test_split,bgruening remove 03611d7232f6 
2025-04-09 18:22:33,665 - root - INFO - sklearn_train_test_split,bgruening remove 0985b0dd6f1a 
2025-04-09 18:22:33,665 - root - INFO - sklearn_train_test_split,bgruening remove 13b9ac5d277c 
2025-04-09 18:22:33,665 - root - INFO - sklearn_train_test_split,bgruening remove 145208b3579d 
2025-04-09 18:22:33,665 - root - INFO - sklearn_train_test_split,bgruening remove 3312fb686ffb 
2025-04-09 18:22:33,665 - root - INFO - sklearn_train_test_split,bgruening remove 33c564caa3c4 
2025-04-09 18:22:33,665 - root - INFO - sklearn_train_test_split,bgruening remove 382b63d4744b 
2025-04-09 18:22:33,665 - root - INFO - sklearn_train_test_split,bgruening remove 5a092779412e 
2025-04-09 18:22:33,665 - root - INFO - sklearn_train_test_split,bgruening remove b6f5443c4f58 
2025-04-09 18:22:33,665 - root - INFO - tabpfn,bgruening remove c081e5e1d7ce 
2025-04-09 18:22:33,665 - root - INFO - graphmap_align,bgruening remove 190175f4e143 
2025-04-09 18:22:33,665 - root - INFO - graphmap_overlap,bgruening remove d0a712cf0518 
2025-04-09 18:22:33,665 - root - INFO - combine_metaphlan2_humann2,bebatut remove 01ac9954c27f 
2025-04-09 18:22:33,665 - root - INFO - compare_humann2_output,bebatut remove eaa95ea1195c 
2025-04-09 18:22:33,665 - root - INFO - format_metaphlan2_output,bebatut remove 370b56f8a02d 
2025-04-09 18:22:33,665 - root - INFO - data_manager_motus,bgruening remove 0370fe3cf518 
2025-04-09 18:22:33,665 - root - INFO - nanopolish_eventalign,bgruening remove 5c360c46eac7 
2025-04-09 18:22:33,665 - root - INFO - nanopolish_eventalign,bgruening remove 8fdb079ddaf0 
2025-04-09 18:22:33,665 - root - INFO - nanopolish_eventalign,bgruening remove bee42f615f28 
2025-04-09 18:22:33,665 - root - INFO - nanopolish_methylation,bgruening remove 07cf146e8964 
2025-04-09 18:22:33,665 - root - INFO - nanopolish_methylation,bgruening remove 12efe2f03697 
2025-04-09 18:22:33,665 - root - INFO - nanopolish_methylation,bgruening remove f9dadc362197 
2025-04-09 18:22:33,665 - root - INFO - nanopolish_polya,bgruening remove be717b65851f 
2025-04-09 18:22:33,665 - root - INFO - nanopolish_variants,bgruening remove 639b3a5bb415 
2025-04-09 18:22:33,665 - root - INFO - nanopolish_variants,bgruening remove 63af3144371a 
2025-04-09 18:22:33,665 - root - INFO - nanopolish_variants,bgruening remove f1cb13497323 
2025-04-09 18:22:33,665 - root - INFO - music_compare,bgruening remove 4447ed460308 
2025-04-09 18:22:33,665 - root - INFO - music_compare,bgruening remove 7009462b958f 
2025-04-09 18:22:33,665 - root - INFO - music_construct_eset,bgruening remove 282819d09a4f 
2025-04-09 18:22:33,665 - root - INFO - music_construct_eset,bgruening remove 7022ce682d2f 
2025-04-09 18:22:33,665 - root - INFO - music_deconvolution,bgruening remove 2ba99a52bd44 
2025-04-09 18:22:33,665 - root - INFO - music_deconvolution,bgruening remove e7b79fd6b595 
2025-04-09 18:22:33,665 - root - INFO - music_inspect_eset,bgruening remove 7705cc75ac18 
2025-04-09 18:22:33,665 - root - INFO - music_inspect_eset,bgruening remove 94c0b3baf8fd 
2025-04-09 18:22:33,665 - root - INFO - music_manipulate_eset,bgruening remove 192355cd1641 
2025-04-09 18:22:33,665 - root - INFO - music_manipulate_eset,bgruening remove 22232092be53 
2025-04-09 18:22:33,665 - root - INFO - create_tool_recommendation_model,bgruening remove 12764915e1c5 
2025-04-09 18:22:33,665 - root - INFO - create_tool_recommendation_model,bgruening remove 9bf25dbe00ad 
2025-04-09 18:22:33,665 - root - INFO - scipy_sparse,bgruening remove 102c8bae2e9c 
2025-04-09 18:22:33,665 - root - INFO - scipy_sparse,bgruening remove 1658dff33c46 
2025-04-09 18:22:33,665 - root - INFO - scipy_sparse,bgruening remove 2a32d1d9c8da 
2025-04-09 18:22:33,665 - root - INFO - scipy_sparse,bgruening remove 318484f56b6a 
2025-04-09 18:22:33,665 - root - INFO - scipy_sparse,bgruening remove 6d1a9fae57eb 
2025-04-09 18:22:33,665 - root - INFO - scipy_sparse,bgruening remove 92e09b827300 
2025-04-09 18:22:33,665 - root - INFO - scipy_sparse,bgruening remove 9f9cf31e3111 
2025-04-09 18:22:33,665 - root - INFO - scipy_sparse,bgruening remove a2da4cebc584 
2025-04-09 18:22:33,665 - root - INFO - scipy_sparse,bgruening remove b3d80cb1ed87 
2025-04-09 18:22:33,665 - root - INFO - scipy_sparse,bgruening remove b9ed7b774ba3 
2025-04-09 18:22:33,665 - root - INFO - scipy_sparse,bgruening remove e6893a4bcb7b 
2025-04-09 18:22:33,665 - root - INFO - scipy_sparse,bgruening remove eb3091b4ee4b 
