2025-04-09 18:22:43,181 - root - INFO - mmpbsa_mmgbsa,chemteam remove 12caa50c0d5f 
2025-04-09 18:22:43,181 - root - INFO - mmpbsa_mmgbsa,chemteam remove 45dc2555933c 
2025-04-09 18:22:43,181 - root - INFO - mmpbsa_mmgbsa,chemteam remove 51023da731c0 
2025-04-09 18:22:43,181 - root - INFO - mmpbsa_mmgbsa,chemteam remove cf2be7b90ea5 
2025-04-09 18:22:43,181 - root - INFO - rxdock_sort_filter,bgruening remove 475cde209992 
2025-04-09 18:22:43,181 - root - INFO - rxdock_rbcavity,bgruening remove e99f861ba68a 
2025-04-09 18:22:43,181 - root - INFO - rdock_sort_filter,bgruening remove 13f16cd0500f 
2025-04-09 18:22:43,181 - root - INFO - rdock_sort_filter,bgruening remove 784a9f7f079e 
2025-04-09 18:22:43,181 - root - INFO - rdock_sort_filter,bgruening remove a6ec6c55267e 
2025-04-09 18:22:43,181 - root - INFO - rdock_sort_filter,bgruening remove c88da0252e85 
2025-04-09 18:22:43,181 - root - INFO - rdock_rbdock,bgruening remove 07fa39ed62c7 
2025-04-09 18:22:43,181 - root - INFO - rdock_rbdock,bgruening remove 309fd04bcfd2 
2025-04-09 18:22:43,181 - root - INFO - rdock_rbdock,bgruening remove a428230b38f6 
2025-04-09 18:22:43,181 - root - INFO - rdock_rbdock,bgruening remove bad150d12198 
2025-04-09 18:22:43,181 - root - INFO - rdock_rbcavity,bgruening remove 06f376dc117a 
2025-04-09 18:22:43,181 - root - INFO - rdock_rbcavity,bgruening remove 2f218be61685 
2025-04-09 18:22:43,181 - root - INFO - rdock_rbcavity,bgruening remove 5f73eb32ddbf 
2025-04-09 18:22:43,181 - root - INFO - rdock_rbcavity,bgruening remove 82193638d0c5 
2025-04-09 18:22:43,181 - root - INFO - rdock_rbcavity,bgruening remove d52d6ee95cf2 
2025-04-09 18:22:43,181 - root - INFO - rdock_rbcavity,bgruening remove df7ba4536f77 
2025-04-09 18:22:43,181 - root - INFO - openbabel_structure_distance_finder,bgruening remove 2c5c7da26e08 
2025-04-09 18:22:43,181 - root - INFO - openbabel_structure_distance_finder,bgruening remove 49242402887b 
2025-04-09 18:22:43,181 - root - INFO - openbabel_structure_distance_finder,bgruening remove 4c9d6b47045c 
2025-04-09 18:22:43,181 - root - INFO - openbabel_structure_distance_finder,bgruening remove c066b5accacf 
2025-04-09 18:22:43,181 - root - INFO - sucos_max_score,bgruening remove 55ac04db36aa 
2025-04-09 18:22:43,181 - root - INFO - sucos_clustering,bgruening remove 12725d4b90f3 
2025-04-09 18:22:43,181 - root - INFO - sucos_clustering,bgruening remove 334ad24525db 
2025-04-09 18:22:43,181 - root - INFO - sucos_clustering,bgruening remove 58d18838e244 
2025-04-09 18:22:43,181 - root - INFO - sucos_clustering,bgruening remove bd12f4b4c3a8 
2025-04-09 18:22:43,181 - root - INFO - sucos_docking_scoring,bgruening remove 2e67eea82ff7 
2025-04-09 18:22:43,181 - root - INFO - sucos_docking_scoring,bgruening remove 8161c08627bf 
2025-04-09 18:22:43,181 - root - INFO - sucos_docking_scoring,bgruening remove a3c1e2eea7d3 
2025-04-09 18:22:43,181 - root - INFO - sucos_clustering,bgruening remove 12725d4b90f3 
2025-04-09 18:22:43,181 - root - INFO - sucos_clustering,bgruening remove 334ad24525db 
2025-04-09 18:22:43,181 - root - INFO - sucos_clustering,bgruening remove 58d18838e244 
2025-04-09 18:22:43,181 - root - INFO - sucos_clustering,bgruening remove bd12f4b4c3a8 
2025-04-09 18:22:43,181 - root - INFO - sucos_clustering,bgruening remove 12725d4b90f3 
2025-04-09 18:22:43,181 - root - INFO - sucos_clustering,bgruening remove 334ad24525db 
2025-04-09 18:22:43,181 - root - INFO - sucos_clustering,bgruening remove 58d18838e244 
2025-04-09 18:22:43,181 - root - INFO - sucos_clustering,bgruening remove bd12f4b4c3a8 
2025-04-09 18:22:43,181 - root - INFO - padel,bgruening remove 30c673b5b061 
2025-04-09 18:22:43,181 - root - INFO - md_converter,chemteam remove b61cbdf78765 
2025-04-09 18:22:43,181 - root - INFO - gmx_setup,chemteam remove 1a5991ec7ce1 
2025-04-09 18:22:43,181 - root - INFO - gmx_setup,chemteam remove 1d4dd4f908d4 
2025-04-09 18:22:43,181 - root - INFO - gmx_setup,chemteam remove 5463ee41fe6b 
2025-04-09 18:22:43,181 - root - INFO - gmx_setup,chemteam remove 8ad46f918541 
2025-04-09 18:22:43,181 - root - INFO - gmx_setup,chemteam remove 92a2fedec6c9 
2025-04-09 18:22:43,181 - root - INFO - gmx_setup,chemteam remove a66c193fafdb 
2025-04-09 18:22:43,181 - root - INFO - gmx_setup,chemteam remove acc9922f3eab 
2025-04-09 18:22:43,181 - root - INFO - gmx_setup,chemteam remove c7bcae9fe040 
2025-04-09 18:22:43,181 - root - INFO - gmx_setup,chemteam remove ccdf0b30a422 
2025-04-09 18:22:43,181 - root - INFO - gmx_setup,chemteam remove ea2287ee360b 
2025-04-09 18:22:43,181 - root - INFO - gmx_em,chemteam remove 1b46398cc8ca 
2025-04-09 18:22:43,181 - root - INFO - gmx_em,chemteam remove 476cdf677b03 
2025-04-09 18:22:43,181 - root - INFO - gmx_em,chemteam remove 59c662ca4211 
2025-04-09 18:22:43,181 - root - INFO - gmx_em,chemteam remove 6b79ed3d924d 
2025-04-09 18:22:43,181 - root - INFO - gmx_em,chemteam remove 6d9a9ab96195 
2025-04-09 18:22:43,181 - root - INFO - gmx_em,chemteam remove 91fc33483094 
2025-04-09 18:22:43,181 - root - INFO - gmx_em,chemteam remove 9660b2c5fdda 
2025-04-09 18:22:43,181 - root - INFO - gmx_em,chemteam remove a71723f870f7 
2025-04-09 18:22:43,181 - root - INFO - gmx_em,chemteam remove aeec3c2719da 
2025-04-09 18:22:43,182 - root - INFO - gmx_solvate,chemteam remove 2dfcf594c838 
2025-04-09 18:22:43,182 - root - INFO - gmx_solvate,chemteam remove 3c77d66e7fe5 
2025-04-09 18:22:43,182 - root - INFO - gmx_solvate,chemteam remove 589652e8eb31 
2025-04-09 18:22:43,182 - root - INFO - gmx_solvate,chemteam remove 598e0078040b 
2025-04-09 18:22:43,182 - root - INFO - gmx_solvate,chemteam remove 645139abefae 
2025-04-09 18:22:43,182 - root - INFO - gmx_solvate,chemteam remove 696c5419ea84 
2025-04-09 18:22:43,182 - root - INFO - gmx_solvate,chemteam remove 77aaf9a68166 
2025-04-09 18:22:43,182 - root - INFO - gmx_solvate,chemteam remove 97b2c06ae168 
2025-04-09 18:22:43,182 - root - INFO - gmx_solvate,chemteam remove 9a1e472aa515 
2025-04-09 18:22:43,182 - root - INFO - gmx_solvate,chemteam remove bd858380ad7a 
2025-04-09 18:22:43,182 - root - INFO - gmx_md,chemteam remove d97433b7d482 
2025-04-09 18:22:43,182 - root - INFO - gmx_merge_topology_files,chemteam remove 04abdf96978b 
2025-04-09 18:22:43,182 - root - INFO - gmx_merge_topology_files,chemteam remove 06ea4e040d45 
2025-04-09 18:22:43,182 - root - INFO - gmx_merge_topology_files,chemteam remove 17c12d5cb336 
2025-04-09 18:22:43,182 - root - INFO - gmx_merge_topology_files,chemteam remove 19d4b07e7ca7 
2025-04-09 18:22:43,182 - root - INFO - gmx_merge_topology_files,chemteam remove 33ed3c26b8c2 
2025-04-09 18:22:43,182 - root - INFO - gmx_merge_topology_files,chemteam remove 3c56532ba462 
2025-04-09 18:22:43,182 - root - INFO - gmx_merge_topology_files,chemteam remove 3cf3b3b305ea 
2025-04-09 18:22:43,182 - root - INFO - gmx_merge_topology_files,chemteam remove 439bf0e21ca1 
2025-04-09 18:22:43,182 - root - INFO - gmx_merge_topology_files,chemteam remove 534ff13ea227 
2025-04-09 18:22:43,182 - root - INFO - gmx_merge_topology_files,chemteam remove 930a403f7389 
2025-04-09 18:22:43,182 - root - INFO - gmx_merge_topology_files,chemteam remove 9389cd867cf2 
2025-04-09 18:22:43,182 - root - INFO - gmx_merge_topology_files,chemteam remove ced8ec975548 
2025-04-09 18:22:43,182 - root - INFO - gmx_sim,chemteam remove 171ce1253b19 
2025-04-09 18:22:43,182 - root - INFO - gmx_sim,chemteam remove 4c4f1761d31f 
2025-04-09 18:22:43,182 - root - INFO - gmx_sim,chemteam remove 5642f48f5698 
2025-04-09 18:22:43,182 - root - INFO - gmx_sim,chemteam remove 633f27174e8f 
2025-04-09 18:22:43,182 - root - INFO - gmx_sim,chemteam remove a97dcfc23b4b 
2025-04-09 18:22:43,182 - root - INFO - gmx_sim,chemteam remove b1061cc2653a 
2025-04-09 18:22:43,182 - root - INFO - gmx_sim,chemteam remove b7cebf442209 
2025-04-09 18:22:43,182 - root - INFO - gmx_sim,chemteam remove ef8e6d99fc15 
2025-04-09 18:22:43,182 - root - INFO - gmx_fep,chemteam remove 19d1d4c30402 
2025-04-09 18:22:43,182 - root - INFO - gmx_fep,chemteam remove 453311042f29 
2025-04-09 18:22:43,182 - root - INFO - gmx_trj,chemteam remove 16fad30d566a 
2025-04-09 18:22:43,182 - root - INFO - gmx_trj,chemteam remove 72459c3ea5f6 
2025-04-09 18:22:43,182 - root - INFO - gmx_trj,chemteam remove 95fa9dfbc4bb 
2025-04-09 18:22:43,182 - root - INFO - gmx_trj,chemteam remove aefa274e0126 
2025-04-09 18:22:43,182 - root - INFO - gmx_trj,chemteam remove b4705476229d 
2025-04-09 18:22:43,182 - root - INFO - gmx_trj,chemteam remove bb0053c4e4f2 
2025-04-09 18:22:43,182 - root - INFO - gmx_trj,chemteam remove e9cc595562b8 
2025-04-09 18:22:43,182 - root - INFO - gmx_energy,chemteam remove 58c3e6711e94 
2025-04-09 18:22:43,182 - root - INFO - gmx_energy,chemteam remove 593c63b5aff8 
2025-04-09 18:22:43,182 - root - INFO - gmx_energy,chemteam remove 6dbf73a62977 
2025-04-09 18:22:43,182 - root - INFO - gmx_energy,chemteam remove 97872d87ba80 
2025-04-09 18:22:43,182 - root - INFO - gmx_energy,chemteam remove b3ce2a978520 
2025-04-09 18:22:43,182 - root - INFO - gmx_energy,chemteam remove b4a47b4ed264 
2025-04-09 18:22:43,182 - root - INFO - gmx_restraints,chemteam remove 14a7bf3e03df 
2025-04-09 18:22:43,182 - root - INFO - gmx_restraints,chemteam remove 25b8272872c8 
2025-04-09 18:22:43,182 - root - INFO - gmx_restraints,chemteam remove 455470c9d8e6 
2025-04-09 18:22:43,182 - root - INFO - gmx_restraints,chemteam remove 4f371a6a30d4 
2025-04-09 18:22:43,182 - root - INFO - gmx_restraints,chemteam remove 54eadeb47ab9 
2025-04-09 18:22:43,182 - root - INFO - gmx_restraints,chemteam remove f79f4671eaf2 
2025-04-09 18:22:43,182 - root - INFO - gmx_restraints,chemteam remove f9dd1349d76d 
2025-04-09 18:22:43,182 - root - INFO - gmx_makendx,chemteam remove 01a435922dd5 
2025-04-09 18:22:43,182 - root - INFO - gmx_makendx,chemteam remove 5f9f51642a24 
2025-04-09 18:22:43,182 - root - INFO - gmx_makendx,chemteam remove 9acc0fc74373 
2025-04-09 18:22:43,182 - root - INFO - gmx_makendx,chemteam remove a72a739de916 
2025-04-09 18:22:43,182 - root - INFO - gmx_makendx,chemteam remove abe615727ccd 
2025-04-09 18:22:43,182 - root - INFO - gmx_makendx,chemteam remove bff4c37097b5 
2025-04-09 18:22:43,182 - root - INFO - gmx_makendx,chemteam remove c102b3f42778 
2025-04-09 18:22:43,182 - root - INFO - gmx_editconf,chemteam remove 067c643b0cc0 
2025-04-09 18:22:43,182 - root - INFO - gmx_editconf,chemteam remove 206b219f4847 
2025-04-09 18:22:43,182 - root - INFO - gmx_editconf,chemteam remove 861b2487aaea 
2025-04-09 18:22:43,182 - root - INFO - gmx_editconf,chemteam remove 8be9cb12a4fa 
2025-04-09 18:22:43,182 - root - INFO - gmx_editconf,chemteam remove b9e25ec471eb 
2025-04-09 18:22:43,182 - root - INFO - gmx_editconf,chemteam remove d06c503b33bd 
2025-04-09 18:22:43,182 - root - INFO - gmx_editconf,chemteam remove e69ce1e7fb6a 
2025-04-09 18:22:43,182 - root - INFO - gmx_check,chemteam remove 26467f738ed4 
2025-04-09 18:22:43,182 - root - INFO - alchemical_analysis,chemteam remove 5f136e371f44 
2025-04-09 18:22:43,182 - root - INFO - ctb_rdkit_descriptors,bgruening remove 414edd9ea77d 
2025-04-09 18:22:43,182 - root - INFO - ctb_rdkit_descriptors,bgruening remove 617d4555d8d3 
2025-04-09 18:22:43,182 - root - INFO - ctb_rdkit_descriptors,bgruening remove 6674260c1459 
2025-04-09 18:22:43,182 - root - INFO - ctb_rdkit_descriptors,bgruening remove a1c53f0533b0 
2025-04-09 18:22:43,182 - root - INFO - packmol,chemteam remove 0b8a0ce446f5 
2025-04-09 18:22:43,182 - root - INFO - mdanalysis_angle,chemteam remove 62ce73c9d737 
2025-04-09 18:22:43,182 - root - INFO - mdanalysis_angle,chemteam remove a0d210b9d287 
2025-04-09 18:22:43,182 - root - INFO - mdanalysis_angle,chemteam remove e3fee32a78e8 
2025-04-09 18:22:43,182 - root - INFO - mdanalysis_angle,chemteam remove e7d0075052c9 
2025-04-09 18:22:43,182 - root - INFO - mdanalysis_rdf,chemteam remove 1a220575ad7a 
2025-04-09 18:22:43,182 - root - INFO - mdanalysis_rdf,chemteam remove 36babbdd7818 
2025-04-09 18:22:43,182 - root - INFO - mdanalysis_rdf,chemteam remove 4510baed86ee 
2025-04-09 18:22:43,182 - root - INFO - mdanalysis_rdf,chemteam remove 9bb57bd1fdc8 
2025-04-09 18:22:43,182 - root - INFO - mdanalysis_rdf,chemteam remove b63a8bdb4b90 
2025-04-09 18:22:43,182 - root - INFO - mdanalysis_dihedral,chemteam remove 47dd4e854598 
2025-04-09 18:22:43,182 - root - INFO - mdanalysis_dihedral,chemteam remove aaa130695a2b 
2025-04-09 18:22:43,182 - root - INFO - mdanalysis_dihedral,chemteam remove d8178fe9aaff 
2025-04-09 18:22:43,182 - root - INFO - mdanalysis_dihedral,chemteam remove f55dd7c08112 
2025-04-09 18:22:43,182 - root - INFO - mdanalysis_distance,chemteam remove 312f912de69d 
2025-04-09 18:22:43,182 - root - INFO - mdanalysis_distance,chemteam remove 8a1a8e2fbad4 
2025-04-09 18:22:43,182 - root - INFO - mdanalysis_distance,chemteam remove c33b972fe040 
2025-04-09 18:22:43,182 - root - INFO - mdanalysis_distance,chemteam remove d540ea77b909 
2025-04-09 18:22:43,182 - root - INFO - mdanalysis_distance,chemteam remove ffd6f8d159e1 
2025-04-09 18:22:43,182 - root - INFO - mdanalysis_ramachandran_plot,chemteam remove 70a2d548e62c 
2025-04-09 18:22:43,182 - root - INFO - mdanalysis_ramachandran_plot,chemteam remove af9f01ca6a5c 
2025-04-09 18:22:43,182 - root - INFO - mdanalysis_ramachandran_plot,chemteam remove b348dfa55e0a 
2025-04-09 18:22:43,182 - root - INFO - mdanalysis_ramachandran_plot,chemteam remove ce0728b92289 
2025-04-09 18:22:43,182 - root - INFO - mdanalysis_hbonds,chemteam remove 4c36f5ad2799 
2025-04-09 18:22:43,182 - root - INFO - mdanalysis_hbonds,chemteam remove 5c38e38dbc35 
2025-04-09 18:22:43,182 - root - INFO - mdanalysis_hbonds,chemteam remove d23ef0663267 
2025-04-09 18:22:43,182 - root - INFO - mdanalysis_hbonds,chemteam remove dfda5e713926 
2025-04-09 18:22:43,182 - root - INFO - mdanalysis_cosine_analysis,chemteam remove a842da7ef42b 
2025-04-09 18:22:43,182 - root - INFO - mdanalysis_cosine_analysis,chemteam remove d18e7db42633 
2025-04-09 18:22:43,182 - root - INFO - mdanalysis_cosine_analysis,chemteam remove d60c274980f7 
2025-04-09 18:22:43,182 - root - INFO - mdanalysis_cosine_analysis,chemteam remove e39bc1f90d8f 
2025-04-09 18:22:43,182 - root - INFO - mdanalysis_endtoend,chemteam remove 78aa3659fcd1 
2025-04-09 18:22:43,182 - root - INFO - mdanalysis_endtoend,chemteam remove ce9dc91ff87f 
2025-04-09 18:22:43,182 - root - INFO - acpype_amber2gromacs,chemteam remove 79c856227ff1 
2025-04-09 18:22:43,182 - root - INFO - mdanalysis_ramachandran_protein,chemteam remove 0f270722aca6 
2025-04-09 18:22:43,182 - root - INFO - mdanalysis_ramachandran_protein,chemteam remove 631b2a62d500 
2025-04-09 18:22:43,183 - root - INFO - bio3d_rmsf,chemteam remove e838317708a6 
2025-04-09 18:22:43,183 - root - INFO - bio3d_rmsd,chemteam remove 75fd897bd85d 
2025-04-09 18:22:43,183 - root - INFO - bio3d_pca,chemteam remove f56fb2762abb 
2025-04-09 18:22:43,183 - root - INFO - bio3d_pca_visualize,chemteam remove 65bfd1b90b96 
2025-04-09 18:22:43,183 - root - INFO - bio3d_dccm,chemteam remove 386b4f4b6a85 
2025-04-09 18:22:43,183 - root - INFO - fastpca,chemteam remove 6f2029791c94 
2025-04-09 18:22:43,183 - root - INFO - fastpca,chemteam remove d9f8cc3258f9 
2025-04-09 18:22:43,183 - root - INFO - fastpca,chemteam remove dd195f7a791c 
2025-04-09 18:22:43,183 - root - INFO - biomd_extract_clusters,chemteam remove ad49025ba90d 
2025-04-09 18:22:43,183 - root - INFO - biomd_rmsd_clustering,chemteam remove ee1f38eb220e 
2025-04-09 18:22:43,183 - root - INFO - prepare_ligands_for_docking,bgruening remove 2ba07316c7e0 
2025-04-09 18:22:43,183 - root - INFO - prepare_ligands_for_docking,bgruening remove 5486f7a2b0cb 
2025-04-09 18:22:43,183 - root - INFO - prepare_ligands_for_docking,bgruening remove a5f4b80e6769 
2025-04-09 18:22:43,183 - root - INFO - prepare_ligands_for_docking,bgruening remove de4c80d17527 
2025-04-09 18:22:43,183 - root - INFO - openbabel_remsmall,bgruening remove ac9567d307a2 
2025-04-09 18:22:43,183 - root - INFO - openbabel_remsmall,bgruening remove aebc671bae78 
2025-04-09 18:22:43,183 - root - INFO - openbabel_remsmall,bgruening remove c8d8caa9a54d 
2025-04-09 18:22:43,183 - root - INFO - openbabel_remsmall,bgruening remove d7f0ca1f2669 
2025-04-09 18:22:43,183 - root - INFO - openbabel_remsmall,bgruening remove e94b2920d4e4 
2025-04-09 18:22:43,183 - root - INFO - openbabel_obgrep,bgruening remove 14712e15f196 
2025-04-09 18:22:43,183 - root - INFO - openbabel_obgrep,bgruening remove 2912ebf12ef2 
2025-04-09 18:22:43,183 - root - INFO - openbabel_obgrep,bgruening remove 78640d0127ce 
2025-04-09 18:22:43,183 - root - INFO - openbabel_obgrep,bgruening remove 99517f9b780d 
2025-04-09 18:22:43,183 - root - INFO - openbabel_change_title,bgruening remove 01ab890bf0ad 
2025-04-09 18:22:43,183 - root - INFO - openbabel_change_title,bgruening remove 2cd8aee0d830 
2025-04-09 18:22:43,183 - root - INFO - openbabel_change_title,bgruening remove 3ecaa9634126 
2025-04-09 18:22:43,183 - root - INFO - openbabel_change_title,bgruening remove 9c15e92bed39 
2025-04-09 18:22:43,183 - root - INFO - openbabel_change_title,bgruening remove eed751918a20 
2025-04-09 18:22:43,183 - root - INFO - openbabel_genprop,bgruening remove 417845394cdf 
2025-04-09 18:22:43,183 - root - INFO - openbabel_genprop,bgruening remove a26f96c1f061 
2025-04-09 18:22:43,183 - root - INFO - openbabel_genprop,bgruening remove a72ae2711a97 
2025-04-09 18:22:43,183 - root - INFO - openbabel_genprop,bgruening remove aafffb37d168 
2025-04-09 18:22:43,183 - root - INFO - openbabel_remions,bgruening remove 04da8dc033e1 
2025-04-09 18:22:43,183 - root - INFO - openbabel_remions,bgruening remove 4e3b2049a4d3 
2025-04-09 18:22:43,183 - root - INFO - openbabel_remions,bgruening remove 76bbd52058ab 
2025-04-09 18:22:43,183 - root - INFO - openbabel_svg_depiction,bgruening remove 3ec5e9a716ac 
2025-04-09 18:22:43,183 - root - INFO - openbabel_svg_depiction,bgruening remove 672b3365ddbc 
2025-04-09 18:22:43,183 - root - INFO - openbabel_svg_depiction,bgruening remove a66827fc370d 
2025-04-09 18:22:43,183 - root - INFO - openbabel_svg_depiction,bgruening remove d3b48303045b 
2025-04-09 18:22:43,183 - root - INFO - openbabel_spectrophore_search,bgruening remove 63a121e6f224 
2025-04-09 18:22:43,183 - root - INFO - openbabel_spectrophore_search,bgruening remove 9ce9f996b941 
2025-04-09 18:22:43,183 - root - INFO - openbabel_spectrophore_search,bgruening remove afd14e10a318 
2025-04-09 18:22:43,183 - root - INFO - openbabel_spectrophore_search,bgruening remove f93f3e01abe8 
2025-04-09 18:22:43,183 - root - INFO - openbabel_remove_protonation_state,bgruening remove 00263ca6ffb8 
2025-04-09 18:22:43,183 - root - INFO - openbabel_remove_protonation_state,bgruening remove 0bf5331f62ef 
2025-04-09 18:22:43,183 - root - INFO - openbabel_remove_protonation_state,bgruening remove b578d0c101cd 
2025-04-09 18:22:43,183 - root - INFO - openbabel_remove_protonation_state,bgruening remove e376ba0fcde0 
2025-04-09 18:22:43,183 - root - INFO - openbabel_compound_convert,bgruening remove 1400d1977e7b 
2025-04-09 18:22:43,183 - root - INFO - openbabel_compound_convert,bgruening remove 1c66bf08f687 
2025-04-09 18:22:43,183 - root - INFO - openbabel_compound_convert,bgruening remove a072cb207571 
2025-04-09 18:22:43,183 - root - INFO - openbabel_compound_convert,bgruening remove a9df9aae60bb 
2025-04-09 18:22:43,183 - root - INFO - openbabel_subsearch,bgruening remove 171c94786a56 
2025-04-09 18:22:43,183 - root - INFO - openbabel_subsearch,bgruening remove 202e3a64859b 
2025-04-09 18:22:43,183 - root - INFO - openbabel_subsearch,bgruening remove ab2b9d87b067 
2025-04-09 18:22:43,183 - root - INFO - openbabel_subsearch,bgruening remove bd678d7db2ae 
2025-04-09 18:22:43,183 - root - INFO - openbabel_filter,bgruening remove 0e382252d23d 
2025-04-09 18:22:43,183 - root - INFO - openbabel_filter,bgruening remove 8ee975c49a3d 
2025-04-09 18:22:43,183 - root - INFO - openbabel_filter,bgruening remove da03b00048b1 
2025-04-09 18:22:43,183 - root - INFO - openbabel_filter,bgruening remove df4dc55197dd 
2025-04-09 18:22:43,183 - root - INFO - openbabel_filter,bgruening remove ff2dd4b7d918 
2025-04-09 18:22:43,183 - root - INFO - openbabel_addh,bgruening remove 0691e5e97cd5 
2025-04-09 18:22:43,183 - root - INFO - openbabel_addh,bgruening remove 6e4b7e0c61a6 
2025-04-09 18:22:43,183 - root - INFO - openbabel_addh,bgruening remove d2e6d682bcd0 
2025-04-09 18:22:43,183 - root - INFO - openbabel_addh,bgruening remove f697d9601273 
2025-04-09 18:22:43,183 - root - INFO - openbabel_remduplicates,bgruening remove 12aca74f07d7 
2025-04-09 18:22:43,183 - root - INFO - openbabel_remduplicates,bgruening remove 39895aff0dd7 
2025-04-09 18:22:43,183 - root - INFO - openbabel_remduplicates,bgruening remove 50ca8845e7f5 
2025-04-09 18:22:43,183 - root - INFO - openbabel_remduplicates,bgruening remove 65254472e5b4 
2025-04-09 18:22:43,183 - root - INFO - openbabel_remduplicates,bgruening remove b2569e22b40c 
2025-04-09 18:22:43,183 - root - INFO - autodock_vina_prepare_box,bgruening remove 4f7c5cad3377 
2025-04-09 18:22:43,183 - root - INFO - autodock_vina_prepare_box,bgruening remove 761762031eee 
2025-04-09 18:22:43,183 - root - INFO - mordred,bgruening remove ea68b86303e2 
2025-04-09 18:22:43,183 - root - INFO - ambertools_acpype,chemteam remove 0d640d752e8a 
2025-04-09 18:22:43,183 - root - INFO - ambertools_acpype,chemteam remove 2417677038b2 
2025-04-09 18:22:43,183 - root - INFO - ambertools_acpype,chemteam remove 7e0b829bbc22 
2025-04-09 18:22:43,183 - root - INFO - ambertools_acpype,chemteam remove a0c154146234 
2025-04-09 18:22:43,183 - root - INFO - ambertools_acpype,chemteam remove c6afbb28f547 
2025-04-09 18:22:43,183 - root - INFO - ambertools_antechamber,chemteam remove 4fff93efc0f9 
2025-04-09 18:22:43,183 - root - INFO - ambertools_antechamber,chemteam remove 8029dfe04b28 
2025-04-09 18:22:43,183 - root - INFO - ambertools_antechamber,chemteam remove c280abd461a6 
2025-04-09 18:22:43,183 - root - INFO - ambertools_antechamber,chemteam remove ca57ded3ec32 
2025-04-09 18:22:43,183 - root - INFO - ambertools_antechamber,chemteam remove d3cdf6fe972a 
2025-04-09 18:22:43,183 - root - INFO - ambertools_antechamber,chemteam remove e4de81eea04c 
2025-04-09 18:22:43,183 - root - INFO - ambertools_parmchk2,chemteam remove 0c0104b3d5da 
2025-04-09 18:22:43,183 - root - INFO - ambertools_parmchk2,chemteam remove 3549852f413f 
2025-04-09 18:22:43,183 - root - INFO - ambertools_parmchk2,chemteam remove 6aa2b60f3195 
2025-04-09 18:22:43,183 - root - INFO - ambertools_parmchk2,chemteam remove 79f570a89e3d 
2025-04-09 18:22:43,183 - root - INFO - ambertools_parmchk2,chemteam remove 7c9bfca84241 
2025-04-09 18:22:43,183 - root - INFO - ambertools_parmchk2,chemteam remove dbfb86927de6 
2025-04-09 18:22:43,183 - root - INFO - chembl,bgruening remove 6f8458d1cf46 
2025-04-09 18:22:43,183 - root - INFO - chembl,bgruening remove 915e9be38994 
2025-04-09 18:22:43,183 - root - INFO - sdf_to_tab,bgruening remove 06828e0cc8a7 
2025-04-09 18:22:43,183 - root - INFO - sdf_to_tab,bgruening remove 351fbd750a6d 
2025-04-09 18:22:43,183 - root - INFO - sdf_to_tab,bgruening remove 55553120df69 
2025-04-09 18:22:43,183 - root - INFO - enumerate_charges,bgruening remove 0f3e5c69251e 
2025-04-09 18:22:43,183 - root - INFO - enumerate_charges,bgruening remove 36360fa103d6 
2025-04-09 18:22:43,183 - root - INFO - enumerate_charges,bgruening remove bbbf5fb356dd 
2025-04-09 18:22:43,183 - root - INFO - parmconv,chemteam remove 30120022aa5c 
2025-04-09 18:22:43,183 - root - INFO - parmconv,chemteam remove 5a97cb53a456 
2025-04-09 18:22:43,183 - root - INFO - parmconv,chemteam remove da2252f1ccab 
2025-04-09 18:22:43,183 - root - INFO - apoc,earlhaminst remove 451f90534945 
2025-04-09 18:22:43,183 - root - INFO - apoc,earlhaminst remove da07fb6a7c62 
2025-04-09 18:22:43,183 - root - INFO - smina,earlhaminst remove 214e001014f7 
2025-04-09 18:22:43,183 - root - INFO - smina,earlhaminst remove 3c170cc50eeb 
2025-04-09 18:22:43,183 - root - INFO - smina,earlhaminst remove 7c0bb0c48a27 
2025-04-09 18:22:43,183 - root - INFO - gmx_rg,chemteam remove 018628703771 
2025-04-09 18:22:43,183 - root - INFO - gmx_rg,chemteam remove 28c34e9949ac 
2025-04-09 18:22:43,184 - root - INFO - gmx_rg,chemteam remove a5afe283962d 
2025-04-09 18:22:43,184 - root - INFO - gmx_rg,chemteam remove b01f3db44534 
2025-04-09 18:22:43,184 - root - INFO - acpype_amber2gromacs,chemteam remove 79c856227ff1 
2025-04-09 18:22:43,184 - root - INFO - gmx_get_builtin_file,chemteam remove 1f98845f4df4 
2025-04-09 18:22:43,184 - root - INFO - gmx_get_builtin_file,chemteam remove 377fe4ce732d 
2025-04-09 18:22:43,184 - root - INFO - gmx_get_builtin_file,chemteam remove 42dfec375136 
