2025-04-09 18:23:13,414 - root - INFO - cpt_get_orfs,cpt remove f97bc7f587a1 
2025-04-09 18:23:13,414 - root - INFO - cpt_convert_mga,cpt remove 1bf722ba06e3 
2025-04-09 18:23:13,414 - root - INFO - cpt_fix_aragorn,cpt remove 733cb0807083 
2025-04-09 18:23:13,414 - root - INFO - cpt_fix_aragorn,cpt remove f0f0ab9db43f 
2025-04-09 18:23:13,414 - root - INFO - cpt_fix_sixpack,cpt remove 326429ea1d33 
2025-04-09 18:23:13,414 - root - INFO - cpt_fix_sixpack,cpt remove efa4dfc23549 
2025-04-09 18:23:13,414 - root - INFO - cpt_shinefind,cpt remove 6a5aac2a4c89 
2025-04-09 18:23:13,414 - root - INFO - cpt_type_filter,cpt remove 3df8d991938a 
2025-04-09 18:23:13,414 - root - INFO - cpt_type_filter,cpt remove a77124b86382 
2025-04-09 18:23:13,414 - root - INFO - cpt_req_phage_start,cpt remove 33b5403e0357 
2025-04-09 18:23:13,414 - root - INFO - cpt_req_phage_start,cpt remove cc3b78f2b4b2 
2025-04-09 18:23:13,414 - root - INFO - cpt_convert_glimmer,cpt remove faff58a642fb 
2025-04-09 18:23:13,414 - root - INFO - cpt_gff_extract_seq,cpt remove ab40380424c9 
2025-04-09 18:23:13,414 - root - INFO - cpt_lipory,cpt remove b79df4966ebb 
2025-04-09 18:23:13,414 - root - INFO - cpt_gbk_to_5col,cpt remove 1bdd481d5c25 
2025-04-09 18:23:13,414 - root - INFO - cpt_gff_to_gbk,cpt remove 35a6c466e270 
2025-04-09 18:23:13,414 - root - INFO - cpt_genome_editor,cpt remove 78ce8a1a8fd1 
2025-04-09 18:23:13,414 - root - INFO - cpt_annotation_table,cpt remove 6998c2570145 
2025-04-09 18:23:13,415 - root - INFO - cpt_annotation_table,cpt remove 83af8dfd079d 
2025-04-09 18:23:13,415 - root - INFO - cpt_linear_genome_plot,cpt remove a3d67997b07a 
2025-04-09 18:23:13,415 - root - INFO - cpt_linear_genome_plot,cpt remove e923c686ead9 
2025-04-09 18:23:13,415 - root - INFO - cpt_gff_split,cpt remove 4b60e0b6a150 
2025-04-09 18:23:13,415 - root - INFO - cpt_gff_split,cpt remove 8bd03ba8510a 
2025-04-09 18:23:13,415 - root - INFO - cpt_gbk_to_gff,cpt remove bb6332a85aa6 
2025-04-09 18:23:13,415 - root - INFO - cpt_gff_rebase,cpt remove 4f4b413056f6 
