2025-04-09 18:23:35,250 - root - INFO - apoc,earlhaminst remove 451f90534945 
2025-04-09 18:23:35,251 - root - INFO - apoc,earlhaminst remove da07fb6a7c62 
2025-04-09 18:23:35,251 - root - INFO - smina,earlhaminst remove 214e001014f7 
2025-04-09 18:23:35,251 - root - INFO - smina,earlhaminst remove 3c170cc50eeb 
2025-04-09 18:23:35,251 - root - INFO - smina,earlhaminst remove 7c0bb0c48a27 
2025-04-09 18:23:35,251 - root - INFO - blast_parser,earlhaminst remove 363f3480622d 
2025-04-09 18:23:35,251 - root - INFO - hcluster_sg,earlhaminst remove 1d2de27d7a9c 
2025-04-09 18:23:35,251 - root - INFO - hcluster_sg,earlhaminst remove 9b7694333ba8 
2025-04-09 18:23:35,251 - root - INFO - hcluster_sg_parser,earlhaminst remove 02d73e6ca869 
2025-04-09 18:23:35,251 - root - INFO - hcluster_sg_parser,earlhaminst remove 07f5b2c5ac10 
2025-04-09 18:23:35,251 - root - INFO - t_coffee,earlhaminst remove ae69d14b6fbf 
2025-04-09 18:23:35,251 - root - INFO - t_coffee,earlhaminst remove c67bd5acbae2 
2025-04-09 18:23:35,251 - root - INFO - t_coffee,earlhaminst remove e3507be607eb 
2025-04-09 18:23:35,251 - root - INFO - treebest_best,earlhaminst remove b78b529f66db 
2025-04-09 18:23:35,251 - root - INFO - treebest_best,earlhaminst remove bc049ecd9907 
2025-04-09 18:23:35,251 - root - INFO - treebest_best,earlhaminst remove d5105943417d 
2025-04-09 18:23:35,251 - root - INFO - gstf_preparation,earlhaminst remove 51a7a2a82902 
2025-04-09 18:23:35,251 - root - INFO - gstf_preparation,earlhaminst remove 598e9172b8e7 
2025-04-09 18:23:35,251 - root - INFO - gstf_preparation,earlhaminst remove 9c62ad7dd113 
2025-04-09 18:23:35,251 - root - INFO - gstf_preparation,earlhaminst remove f4acbfe8d6fe 
2025-04-09 18:23:35,251 - root - INFO - ete,earlhaminst remove dc32007a6b36 
2025-04-09 18:23:35,251 - root - INFO - ete,earlhaminst remove ed74587a13c8 
2025-04-09 18:23:35,251 - root - INFO - lotus2,earlhaminst remove 1d660ee0b1c8 
2025-04-09 18:23:35,251 - root - INFO - lotus2,earlhaminst remove 6e9fd3e0dcbb 
2025-04-09 18:23:35,251 - root - INFO - lotus2,earlhaminst remove ceb2cb800298 
2025-04-09 18:23:35,251 - root - INFO - ensembl_get_feature_info,earlhaminst remove 234d7babf34b 
2025-04-09 18:23:35,251 - root - INFO - ensembl_get_feature_info,earlhaminst remove 70e4134eb0ed 
2025-04-09 18:23:35,251 - root - INFO - ensembl_get_genetree,earlhaminst remove 0602dcf02768 
2025-04-09 18:23:35,251 - root - INFO - ensembl_get_genetree,earlhaminst remove 0618e3bd5138 
2025-04-09 18:23:35,251 - root - INFO - ensembl_get_genetree,earlhaminst remove 675fd774314e 
2025-04-09 18:23:35,251 - root - INFO - ensembl_get_genetree,earlhaminst remove 935de83b470b 
2025-04-09 18:23:35,251 - root - INFO - ensembl_get_sequences,earlhaminst remove 0fa1d1cc417d 
2025-04-09 18:23:35,251 - root - INFO - ensembl_get_sequences,earlhaminst remove 3b686142e9c2 
