2025-04-09 18:23:46,199 - root - INFO - pampa_presabs,ecology remove 07b081730994 
2025-04-09 18:23:46,199 - root - INFO - pampa_presabs,ecology remove 8d8aec182fb1 
2025-04-09 18:23:46,199 - root - INFO - pampa_communitymetrics,ecology remove 2cd0a5a321c2 
2025-04-09 18:23:46,199 - root - INFO - pampa_communitymetrics,ecology remove 5bd7ddd7601f 
2025-04-09 18:23:46,199 - root - INFO - pampa_glmsp,ecology remove 0778efa9eb2e 
2025-04-09 18:23:46,199 - root - INFO - pampa_glmsp,ecology remove 6c14021f678e 
2025-04-09 18:23:46,199 - root - INFO - pampa_glmsp,ecology remove c12897ba5f83 
2025-04-09 18:23:46,199 - root - INFO - pampa_glmcomm,ecology remove 44b9069775ca 
2025-04-09 18:23:46,199 - root - INFO - pampa_glmcomm,ecology remove 8db02073b671 
2025-04-09 18:23:46,199 - root - INFO - pampa_glmcomm,ecology remove f0dc3958e65d 
2025-04-09 18:23:46,199 - root - INFO - pampa_plotglm,ecology remove 3ab852a7ff53 
2025-04-09 18:23:46,199 - root - INFO - pampa_plotglm,ecology remove 5ddca052c314 
2025-04-09 18:23:46,199 - root - INFO - cb_div,ecology remove abc8da8c12ba 
2025-04-09 18:23:46,199 - root - INFO - cb_dissim,ecology remove 7e6cc3da1189 
2025-04-09 18:23:46,199 - root - INFO - cb_dissim,ecology remove ffaa9a71b2d2 
2025-04-09 18:23:46,199 - root - INFO - cb_ivr,ecology remove 8c6142630659 
2025-04-09 18:23:46,199 - root - INFO - cb_ivr,ecology remove b67730406f1b 
2025-04-09 18:23:46,199 - root - INFO - collection_column_join,iuc remove 071084070619 
2025-04-09 18:23:46,199 - root - INFO - text_processing,bgruening remove fb4ff3c42cd3 
2025-04-09 18:23:46,199 - root - INFO - column_maker,devteam remove 427903d47026 
2025-04-09 18:23:46,199 - root - INFO - coverage,devteam remove 4ef9819dc7fb 
2025-04-09 18:23:46,199 - root - INFO - merge,devteam remove 381cd27bf67a 
2025-04-09 18:23:46,199 - root - INFO - intersect,devteam remove 33b3f3688db4 
2025-04-09 18:23:46,199 - root - INFO - join,devteam remove a10f49d9218a 
2025-04-09 18:23:46,199 - root - INFO - subtract,devteam remove 0145969324c4 
2025-04-09 18:23:46,199 - root - INFO - flanking_features,devteam remove a09d13b108fd 
2025-04-09 18:23:46,199 - root - INFO - cluster,devteam remove 05696474ee89 
2025-04-09 18:23:46,199 - root - INFO - complement,devteam remove 38c8bb402872 
2025-04-09 18:23:46,199 - root - INFO - basecoverage,devteam remove 2cedec3759e4 
2025-04-09 18:23:46,199 - root - INFO - gff3_rebase,iuc remove 238981ed43b7 
2025-04-09 18:23:46,200 - root - INFO - divand_full_analysis,ecology remove 484930fdc002 
2025-04-09 18:23:46,200 - root - INFO - divand_full_analysis,ecology remove 77787acbd793 
2025-04-09 18:23:46,200 - root - INFO - ggplot2_pca,iuc remove 1b9406a1a769 
2025-04-09 18:23:46,200 - root - INFO - ggplot2_pca,iuc remove 90928b255abb 
2025-04-09 18:23:46,200 - root - INFO - pygenometracks,iuc remove 59fd173ac850 
2025-04-09 18:23:46,200 - root - INFO - pygenometracks,iuc remove eca03db4f612 
2025-04-09 18:23:46,200 - root - INFO - ggplot2_heatmap,iuc remove a4d83ba2a1bc 
2025-04-09 18:23:46,200 - root - INFO - ggplot2_heatmap,iuc remove de002ba2b849 
2025-04-09 18:23:46,200 - root - INFO - ggplot2_violin,iuc remove 637cf21db396 
2025-04-09 18:23:46,200 - root - INFO - ggplot2_violin,iuc remove d8305f18060e 
2025-04-09 18:23:46,200 - root - INFO - ggplot2_point,iuc remove 3b12bf9b4b87 
2025-04-09 18:23:46,200 - root - INFO - ggplot2_point,iuc remove 87908c76ca8d 
2025-04-09 18:23:46,200 - root - INFO - ggplot2_point,iuc remove a36551483a8f 
2025-04-09 18:23:46,200 - root - INFO - ggplot2_histogram,iuc remove 497d700a5229 
2025-04-09 18:23:46,200 - root - INFO - ggplot2_histogram,iuc remove 536078949ae4 
2025-04-09 18:23:46,200 - root - INFO - sklearn_svm_classifier,bgruening remove 14fa42b095c4 
2025-04-09 18:23:46,200 - root - INFO - sklearn_svm_classifier,bgruening remove 1a9d5a8fff12 
2025-04-09 18:23:46,200 - root - INFO - sklearn_svm_classifier,bgruening remove 6d23883e0b94 
2025-04-09 18:23:46,200 - root - INFO - sklearn_svm_classifier,bgruening remove a5665e1b06b0 
2025-04-09 18:23:46,200 - root - INFO - sklearn_svm_classifier,bgruening remove d2afc87db26b 
2025-04-09 18:23:46,200 - root - INFO - sklearn_svm_classifier,bgruening remove e92c8a69b0e0 
2025-04-09 18:23:46,200 - root - INFO - sklearn_svm_classifier,bgruening remove f458724cc317 
2025-04-09 18:23:46,200 - root - INFO - sklearn_svm_classifier,bgruening remove fa9d6a4d95ad 
2025-04-09 18:23:46,200 - root - INFO - sklearn_sample_generator,bgruening remove 04f34751dae3 
2025-04-09 18:23:46,200 - root - INFO - sklearn_sample_generator,bgruening remove 0f460421b212 
2025-04-09 18:23:46,200 - root - INFO - sklearn_sample_generator,bgruening remove 1fe020b2108f 
2025-04-09 18:23:46,200 - root - INFO - sklearn_sample_generator,bgruening remove 7c2e71e4acf3 
2025-04-09 18:23:46,200 - root - INFO - sklearn_sample_generator,bgruening remove 97b467e06354 
2025-04-09 18:23:46,200 - root - INFO - sklearn_sample_generator,bgruening remove 999e07f0a9fa 
2025-04-09 18:23:46,200 - root - INFO - sklearn_sample_generator,bgruening remove ab9977548806 
2025-04-09 18:23:46,200 - root - INFO - sklearn_sample_generator,bgruening remove b4ba9602a36e 
2025-04-09 18:23:46,200 - root - INFO - sklearn_searchcv,bgruening remove 1ae5dfd5ac17 
2025-04-09 18:23:46,200 - root - INFO - sklearn_searchcv,bgruening remove 1c4a241bef5c 
2025-04-09 18:23:46,200 - root - INFO - sklearn_searchcv,bgruening remove 1ddf415cb349 
2025-04-09 18:23:46,200 - root - INFO - sklearn_searchcv,bgruening remove 586e68c83df2 
2025-04-09 18:23:46,200 - root - INFO - sklearn_searchcv,bgruening remove a36a45cb96fa 
2025-04-09 18:23:46,200 - root - INFO - sklearn_searchcv,bgruening remove d37a7f17e35d 
2025-04-09 18:23:46,200 - root - INFO - sklearn_searchcv,bgruening remove d709e2d0d199 
2025-04-09 18:23:46,200 - root - INFO - sklearn_searchcv,bgruening remove f0d2e8a3c575 
2025-04-09 18:23:46,200 - root - INFO - sklearn_build_pipeline,bgruening remove 0c74d3164ac8 
2025-04-09 18:23:46,200 - root - INFO - sklearn_build_pipeline,bgruening remove 118e230e85ce 
2025-04-09 18:23:46,200 - root - INFO - sklearn_build_pipeline,bgruening remove 3519f6003259 
2025-04-09 18:23:46,200 - root - INFO - sklearn_build_pipeline,bgruening remove 3f25f37ee3db 
2025-04-09 18:23:46,200 - root - INFO - sklearn_build_pipeline,bgruening remove 664666bd14ec 
2025-04-09 18:23:46,200 - root - INFO - sklearn_build_pipeline,bgruening remove 913ee94945f3 
2025-04-09 18:23:46,200 - root - INFO - sklearn_build_pipeline,bgruening remove 9160cb4069c2 
2025-04-09 18:23:46,200 - root - INFO - sklearn_build_pipeline,bgruening remove 97dce66fe158 
2025-04-09 18:23:46,200 - root - INFO - sklearn_pairwise_metrics,bgruening remove 053e7f32d37e 
2025-04-09 18:23:46,200 - root - INFO - sklearn_pairwise_metrics,bgruening remove 09bfbef3dd90 
2025-04-09 18:23:46,200 - root - INFO - sklearn_pairwise_metrics,bgruening remove 26ae8c074d95 
2025-04-09 18:23:46,200 - root - INFO - sklearn_pairwise_metrics,bgruening remove 2a1afd3481ce 
2025-04-09 18:23:46,200 - root - INFO - sklearn_pairwise_metrics,bgruening remove 7366e5108e9f 
2025-04-09 18:23:46,200 - root - INFO - sklearn_pairwise_metrics,bgruening remove 86020dbc8ef7 
2025-04-09 18:23:46,200 - root - INFO - sklearn_pairwise_metrics,bgruening remove cd4328a02798 
2025-04-09 18:23:46,200 - root - INFO - sklearn_pairwise_metrics,bgruening remove e79200975daf 
2025-04-09 18:23:46,200 - root - INFO - sklearn_nn_classifier,bgruening remove 309cc7c6af56 
2025-04-09 18:23:46,200 - root - INFO - sklearn_nn_classifier,bgruening remove 34d31bd995e9 
2025-04-09 18:23:46,200 - root - INFO - sklearn_nn_classifier,bgruening remove 39ae3c043096 
2025-04-09 18:23:46,200 - root - INFO - sklearn_nn_classifier,bgruening remove 4db563e8d453 
2025-04-09 18:23:46,200 - root - INFO - sklearn_nn_classifier,bgruening remove 823ecc0bce45 
2025-04-09 18:23:46,200 - root - INFO - sklearn_nn_classifier,bgruening remove d33d37f32e54 
2025-04-09 18:23:46,200 - root - INFO - sklearn_nn_classifier,bgruening remove e9ba818e7877 
2025-04-09 18:23:46,200 - root - INFO - sklearn_nn_classifier,bgruening remove fdd27282ed8e 
2025-04-09 18:23:46,200 - root - INFO - sklearn_numeric_clustering,bgruening remove 73e7f1c76ece 
2025-04-09 18:23:46,200 - root - INFO - sklearn_numeric_clustering,bgruening remove 838ca001438d 
2025-04-09 18:23:46,200 - root - INFO - sklearn_numeric_clustering,bgruening remove 8eed73e8e04d 
2025-04-09 18:23:46,200 - root - INFO - sklearn_numeric_clustering,bgruening remove abb5a3f256e3 
2025-04-09 18:23:46,200 - root - INFO - sklearn_numeric_clustering,bgruening remove aeca97d9a214 
2025-04-09 18:23:46,200 - root - INFO - sklearn_numeric_clustering,bgruening remove e13a7c05b3a4 
2025-04-09 18:23:46,200 - root - INFO - sklearn_numeric_clustering,bgruening remove e7f047a9dca9 
2025-04-09 18:23:46,200 - root - INFO - sklearn_ensemble,bgruening remove 0087d6db4290 
2025-04-09 18:23:46,200 - root - INFO - sklearn_ensemble,bgruening remove 1682df52c084 
2025-04-09 18:23:46,200 - root - INFO - sklearn_ensemble,bgruening remove 315f01a9d2c2 
2025-04-09 18:23:46,200 - root - INFO - sklearn_ensemble,bgruening remove 3ab7af14f1b5 
2025-04-09 18:23:46,200 - root - INFO - sklearn_ensemble,bgruening remove 407495139a09 
2025-04-09 18:23:46,200 - root - INFO - sklearn_ensemble,bgruening remove 4ecc0ce9d0a2 
2025-04-09 18:23:46,200 - root - INFO - sklearn_ensemble,bgruening remove a98fdfcd9f5f 
2025-04-09 18:23:46,200 - root - INFO - sklearn_ensemble,bgruening remove e94395c672bd 
2025-04-09 18:23:46,200 - root - INFO - sklearn_feature_selection,bgruening remove 1d20e0dce176 
2025-04-09 18:23:46,200 - root - INFO - sklearn_feature_selection,bgruening remove 46b43ee6d367 
2025-04-09 18:23:46,200 - root - INFO - sklearn_feature_selection,bgruening remove 5276bdb49315 
2025-04-09 18:23:46,200 - root - INFO - sklearn_feature_selection,bgruening remove 5773e98921fc 
2025-04-09 18:23:46,200 - root - INFO - sklearn_feature_selection,bgruening remove a7c667ff83fe 
2025-04-09 18:23:46,200 - root - INFO - sklearn_feature_selection,bgruening remove ae0fafb53c1d 
2025-04-09 18:23:46,200 - root - INFO - sklearn_feature_selection,bgruening remove d84b3a229a52 
2025-04-09 18:23:46,200 - root - INFO - sklearn_feature_selection,bgruening remove ec25331946b8 
2025-04-09 18:23:46,200 - root - INFO - sklearn_data_preprocess,bgruening remove 045faa05e712 
2025-04-09 18:23:46,200 - root - INFO - sklearn_data_preprocess,bgruening remove 1bef885255e0 
2025-04-09 18:23:46,200 - root - INFO - sklearn_data_preprocess,bgruening remove 29e863d1491e 
2025-04-09 18:23:46,200 - root - INFO - sklearn_data_preprocess,bgruening remove 826c3e68e7a9 
2025-04-09 18:23:46,200 - root - INFO - sklearn_data_preprocess,bgruening remove 9e43ee712723 
2025-04-09 18:23:46,200 - root - INFO - sklearn_data_preprocess,bgruening remove a5c2ce4ea328 
2025-04-09 18:23:46,200 - root - INFO - sklearn_data_preprocess,bgruening remove add3c3a7c2b4 
2025-04-09 18:23:46,200 - root - INFO - sklearn_data_preprocess,bgruening remove b75cae00f980 
2025-04-09 18:23:46,200 - root - INFO - sklearn_clf_metrics,bgruening remove 15bcf1a7543b 
2025-04-09 18:23:46,200 - root - INFO - sklearn_clf_metrics,bgruening remove 25cc25ea10b8 
2025-04-09 18:23:46,200 - root - INFO - sklearn_clf_metrics,bgruening remove 40e31fb88836 
2025-04-09 18:23:46,200 - root - INFO - sklearn_clf_metrics,bgruening remove 55703205546f 
2025-04-09 18:23:46,200 - root - INFO - sklearn_clf_metrics,bgruening remove 9bf11bbeccc3 
2025-04-09 18:23:46,200 - root - INFO - sklearn_clf_metrics,bgruening remove c8547d3993c0 
2025-04-09 18:23:46,200 - root - INFO - sklearn_clf_metrics,bgruening remove daaa56720686 
2025-04-09 18:23:46,200 - root - INFO - sklearn_clf_metrics,bgruening remove e9821a426d75 
2025-04-09 18:23:46,200 - root - INFO - sklearn_regression_metrics,bgruening remove 1e98dbb8d5bc 
2025-04-09 18:23:46,200 - root - INFO - sklearn_regression_metrics,bgruening remove 40ee30b5e456 
2025-04-09 18:23:46,200 - root - INFO - sklearn_regression_metrics,bgruening remove 6000c1589f33 
2025-04-09 18:23:46,200 - root - INFO - sklearn_regression_metrics,bgruening remove 6db5c1dfb076 
2025-04-09 18:23:46,200 - root - INFO - sklearn_regression_metrics,bgruening remove 70c5a9127f99 
2025-04-09 18:23:46,200 - root - INFO - sklearn_regression_metrics,bgruening remove 9c8ede554b7c 
2025-04-09 18:23:46,201 - root - INFO - sklearn_regression_metrics,bgruening remove b4ebe47701e4 
2025-04-09 18:23:46,201 - root - INFO - sklearn_regression_metrics,bgruening remove f5dcb87fd14e 
2025-04-09 18:23:46,201 - root - INFO - sklearn_discriminant_classifier,bgruening remove 1bd039aca44f 
2025-04-09 18:23:46,201 - root - INFO - sklearn_discriminant_classifier,bgruening remove 237ae72d58a3 
2025-04-09 18:23:46,201 - root - INFO - sklearn_discriminant_classifier,bgruening remove 420a4bf99244 
2025-04-09 18:23:46,201 - root - INFO - sklearn_discriminant_classifier,bgruening remove 5552eda109bd 
2025-04-09 18:23:46,201 - root - INFO - sklearn_discriminant_classifier,bgruening remove 74fe0dc82c00 
2025-04-09 18:23:46,201 - root - INFO - sklearn_discriminant_classifier,bgruening remove 893285b150f8 
2025-04-09 18:23:46,201 - root - INFO - sklearn_discriminant_classifier,bgruening remove e76f6dfea5c9 
2025-04-09 18:23:46,201 - root - INFO - sklearn_discriminant_classifier,bgruening remove fc48ce12454b 
2025-04-09 18:23:46,201 - root - INFO - sklearn_generalized_linear,bgruening remove 14f0ccc85505 
2025-04-09 18:23:46,201 - root - INFO - sklearn_generalized_linear,bgruening remove 3e4a7684d402 
2025-04-09 18:23:46,201 - root - INFO - sklearn_generalized_linear,bgruening remove 616a241c5b37 
2025-04-09 18:23:46,201 - root - INFO - sklearn_generalized_linear,bgruening remove 913bf1c4c7bb 
2025-04-09 18:23:46,201 - root - INFO - sklearn_generalized_linear,bgruening remove b628de0d101f 
2025-04-09 18:23:46,201 - root - INFO - sklearn_generalized_linear,bgruening remove bf78d5caca65 
2025-04-09 18:23:46,201 - root - INFO - sklearn_generalized_linear,bgruening remove c648d0716fb0 
2025-04-09 18:23:46,201 - root - INFO - sklearn_generalized_linear,bgruening remove c9969328b42f 
2025-04-09 18:23:46,201 - root - INFO - sklearn_model_validation,bgruening remove 0474777be433 
2025-04-09 18:23:46,201 - root - INFO - sklearn_model_validation,bgruening remove 30f892a9b46d 
2025-04-09 18:23:46,201 - root - INFO - sklearn_model_validation,bgruening remove 4b359039f09f 
2025-04-09 18:23:46,201 - root - INFO - sklearn_model_validation,bgruening remove 65f18ab91132 
2025-04-09 18:23:46,201 - root - INFO - sklearn_model_validation,bgruening remove 9dc28a4b6ca8 
2025-04-09 18:23:46,201 - root - INFO - sklearn_model_validation,bgruening remove caa3995d5f23 
2025-04-09 18:23:46,201 - root - INFO - sklearn_model_validation,bgruening remove cf9aa11b91c8 
2025-04-09 18:23:46,201 - root - INFO - sklearn_model_validation,bgruening remove de360b57a5ab 
2025-04-09 18:23:46,201 - root - INFO - scipy_sparse,bgruening remove 318484f56b6a 
2025-04-09 18:23:46,201 - root - INFO - scipy_sparse,bgruening remove 6d1a9fae57eb 
2025-04-09 18:23:46,201 - root - INFO - scipy_sparse,bgruening remove 92e09b827300 
2025-04-09 18:23:46,201 - root - INFO - scipy_sparse,bgruening remove 9f9cf31e3111 
2025-04-09 18:23:46,201 - root - INFO - scipy_sparse,bgruening remove b3d80cb1ed87 
2025-04-09 18:23:46,201 - root - INFO - scipy_sparse,bgruening remove b9ed7b774ba3 
2025-04-09 18:23:46,201 - root - INFO - scipy_sparse,bgruening remove e6893a4bcb7b 
2025-04-09 18:23:46,201 - root - INFO - fastq_groomer,devteam remove 71e5fa25b8a2 
2025-04-09 18:23:46,201 - root - INFO - mothur_sffinfo,iuc remove 09e3b0966a11 
2025-04-09 18:23:46,201 - root - INFO - mothur_sffinfo,iuc remove 3839397c8f28 
2025-04-09 18:23:46,201 - root - INFO - mothur_sffinfo,iuc remove 8b42e4ec39df 
2025-04-09 18:23:46,201 - root - INFO - mothur_sffinfo,iuc remove f3a65ee4bfda 
2025-04-09 18:23:46,201 - root - INFO - fastq_combiner,devteam remove 56389130cb63 
2025-04-09 18:23:46,201 - root - INFO - xarray_metadata_info,ecology remove 7edbe5ae8b72 
2025-04-09 18:23:46,201 - root - INFO - xarray_select,ecology remove 225d0d275a24 
2025-04-09 18:23:46,201 - root - INFO - xarray_netcdf2netcdf,ecology remove b0780241f916 
2025-04-09 18:23:46,201 - root - INFO - obi_illumina_pairend,iuc remove 83fbdf93d51e 
2025-04-09 18:23:46,201 - root - INFO - obi_ngsfilter,iuc remove 3bf57dadf7cd 
2025-04-09 18:23:46,201 - root - INFO - obi_annotate,iuc remove f82cefbbcea5 
2025-04-09 18:23:46,201 - root - INFO - obi_grep,iuc remove fe7ec8a3d35e 
2025-04-09 18:23:46,201 - root - INFO - obi_uniq,iuc remove ec215ed98831 
2025-04-09 18:23:46,201 - root - INFO - obi_clean,iuc remove 12baadec7809 
2025-04-09 18:23:46,201 - root - INFO - obi_convert,iuc remove 374fd9feb032 
2025-04-09 18:23:46,201 - root - INFO - obi_sort,iuc remove e614dcabd870 
2025-04-09 18:23:46,201 - root - INFO - obi_tab,iuc remove 5f7003111e32 
2025-04-09 18:23:46,201 - root - INFO - obi_stat,iuc remove 723a93febe89 
2025-04-09 18:23:46,201 - root - INFO - stacks2_populations,iuc remove 9a44832748c5 
2025-04-09 18:23:46,201 - root - INFO - stacks_ustacks,iuc remove a4ec4f620a77 
2025-04-09 18:23:46,201 - root - INFO - stacks_ustacks,iuc remove b6de94f2edc0 
2025-04-09 18:23:46,201 - root - INFO - stacks_ustacks,iuc remove e5c97f09fe06 
2025-04-09 18:23:46,201 - root - INFO - stacks_cstacks,iuc remove be3df81c0353 
2025-04-09 18:23:46,201 - root - INFO - stacks_cstacks,iuc remove dab92afa0c98 
2025-04-09 18:23:46,201 - root - INFO - stacks_cstacks,iuc remove ff1f282d731e 
2025-04-09 18:23:46,201 - root - INFO - stacks_sstacks,iuc remove 95e37a28704b 
2025-04-09 18:23:46,201 - root - INFO - stacks_sstacks,iuc remove e38d181d4e72 
2025-04-09 18:23:46,201 - root - INFO - stacks_pstacks,iuc remove 67cbd80b83f5 
2025-04-09 18:23:46,201 - root - INFO - stacks_pstacks,iuc remove 7ebc7d229deb 
2025-04-09 18:23:46,201 - root - INFO - stacks_pstacks,iuc remove ede5223bc7f1 
2025-04-09 18:23:46,201 - root - INFO - stacks_genotypes,iuc remove 00f4a4e553ae 
2025-04-09 18:23:46,201 - root - INFO - stacks_genotypes,iuc remove 46f061f3cfeb 
2025-04-09 18:23:46,201 - root - INFO - stacks_genotypes,iuc remove 5af94af9ec8f 
2025-04-09 18:23:46,201 - root - INFO - stacks_sstacks,iuc remove 95e37a28704b 
2025-04-09 18:23:46,201 - root - INFO - stacks_sstacks,iuc remove e38d181d4e72 
2025-04-09 18:23:46,201 - root - INFO - stacks_rxstacks,iuc remove 2360d8cf42f7 
2025-04-09 18:23:46,201 - root - INFO - stacks_rxstacks,iuc remove 3e43e51b3c3b 
2025-04-09 18:23:46,201 - root - INFO - stacks_rxstacks,iuc remove 9d0ac63dcfcd 
2025-04-09 18:23:46,201 - root - INFO - stacks_procrad,iuc remove 57910d476be9 
2025-04-09 18:23:46,201 - root - INFO - stacks_procrad,iuc remove 8fe258d72ff3 
2025-04-09 18:23:46,201 - root - INFO - stacks_procrad,iuc remove be78e39d56b3 
2025-04-09 18:23:46,201 - root - INFO - stacks_refmap,iuc remove 1ba1185929c1 
2025-04-09 18:23:46,201 - root - INFO - stacks_refmap,iuc remove 4ee074ca88fb 
2025-04-09 18:23:46,201 - root - INFO - stacks_refmap,iuc remove 7c42e6768c41 
2025-04-09 18:23:46,201 - root - INFO - stacks_clonefilter,iuc remove 3009a21724e7 
2025-04-09 18:23:46,201 - root - INFO - stacks_clonefilter,iuc remove 5d12a1115770 
2025-04-09 18:23:46,201 - root - INFO - stacks_clonefilter,iuc remove a0a51078cb61 
2025-04-09 18:23:46,201 - root - INFO - stacks_assembleperead,iuc remove 0c741f364d18 
2025-04-09 18:23:46,201 - root - INFO - stacks_assembleperead,iuc remove 6eaf0f9836c8 
2025-04-09 18:23:46,201 - root - INFO - stacks_assembleperead,iuc remove b08cd32d03ad 
2025-04-09 18:23:46,201 - root - INFO - stacks_stats,iuc remove 3c4c922a4fb0 
2025-04-09 18:23:46,201 - root - INFO - stacks_stats,iuc remove 93b16407d6e9 
2025-04-09 18:23:46,201 - root - INFO - stacks_stats,iuc remove a89b5f7813ad 
2025-04-09 18:23:46,201 - root - INFO - xarray_metadata_info,ecology remove 7edbe5ae8b72 
2025-04-09 18:23:46,201 - root - INFO - xarray_select,ecology remove 225d0d275a24 
2025-04-09 18:23:46,201 - root - INFO - xarray_netcdf2netcdf,ecology remove b0780241f916 
2025-04-09 18:23:46,201 - root - INFO - spocc_occ,ecology remove 724ad06de5a5 
2025-04-09 18:23:46,201 - root - INFO - argo_getdata,ecology remove 055a934a380f 
2025-04-09 18:23:46,201 - root - INFO - argo_getdata,ecology remove 28c8f085d1b4 
2025-04-09 18:23:46,201 - root - INFO - argo_getdata,ecology remove f3c64a15ee7e 
2025-04-09 18:23:46,201 - root - INFO - obis_data,ecology remove 1fcd81d65467 
2025-04-09 18:23:46,201 - root - INFO - copernicusmarine,ecology remove 4de886e6300d 
2025-04-09 18:23:46,201 - root - INFO - vigiechiro_bilanenrichipf,ecology remove 775809e2f6c8 
2025-04-09 18:23:46,201 - root - INFO - vigiechiro_bilanenrichirp,ecology remove be4e28da3919 
2025-04-09 18:23:46,201 - root - INFO - cb_dissim,ecology remove 7e6cc3da1189 
2025-04-09 18:23:46,201 - root - INFO - cb_dissim,ecology remove ffaa9a71b2d2 
2025-04-09 18:23:46,201 - root - INFO - cb_ivr,ecology remove 8c6142630659 
2025-04-09 18:23:46,201 - root - INFO - cb_ivr,ecology remove b67730406f1b 
2025-04-09 18:23:46,202 - root - INFO - srs_spectral_indices,ecology remove a8dabbf47e15 
2025-04-09 18:23:46,202 - root - INFO - srs_pca,ecology remove 0931c98270c9 
2025-04-09 18:23:46,202 - root - INFO - obisindicators,ecology remove 393957ecc97d 
2025-04-09 18:23:46,202 - root - INFO - obisindicators,ecology remove 4e7c1fb5e894 
2025-04-09 18:23:46,202 - root - INFO - eal_templates,ecology remove 3b0fa963ae3e 
2025-04-09 18:23:46,202 - root - INFO - eal_templates,ecology remove 5faa25ba905e 
2025-04-09 18:23:46,202 - root - INFO - eal_templates,ecology remove 67b2cd9c2954 
2025-04-09 18:23:46,202 - root - INFO - eal_templates,ecology remove debfa8a223c0 
2025-04-09 18:23:46,202 - root - INFO - eal_table_template,ecology remove 32707c9f5261 
2025-04-09 18:23:46,202 - root - INFO - eal_table_template,ecology remove 672e25c2c8c8 
2025-04-09 18:23:46,202 - root - INFO - eal_table_template,ecology remove 6de4b4f70b7b 
2025-04-09 18:23:46,202 - root - INFO - eal_table_template,ecology remove c223db6625c1 
2025-04-09 18:23:46,202 - root - INFO - raster_template,ecology remove 06e29cdc08bf 
2025-04-09 18:23:46,202 - root - INFO - raster_template,ecology remove 36150f04b524 
2025-04-09 18:23:46,202 - root - INFO - raster_template,ecology remove 9eaf84bf856f 
2025-04-09 18:23:46,202 - root - INFO - raster_template,ecology remove b34c5a70b706 
2025-04-09 18:23:46,202 - root - INFO - vector_template,ecology remove 330f15f2ad3f 
2025-04-09 18:23:46,202 - root - INFO - vector_template,ecology remove 40eb35199537 
2025-04-09 18:23:46,202 - root - INFO - vector_template,ecology remove 559744b4c50c 
2025-04-09 18:23:46,202 - root - INFO - vector_template,ecology remove c65dd54f9807 
2025-04-09 18:23:46,202 - root - INFO - entities_template,ecology remove 1b11e38718af 
2025-04-09 18:23:46,202 - root - INFO - entities_template,ecology remove 299db57196ac 
2025-04-09 18:23:46,202 - root - INFO - entities_template,ecology remove 5bfceb4ef59b 
2025-04-09 18:23:46,202 - root - INFO - entities_template,ecology remove 8de58d879d6e 
2025-04-09 18:23:46,202 - root - INFO - geo_cov_template,ecology remove 0fe3b8bd9d8b 
2025-04-09 18:23:46,202 - root - INFO - geo_cov_template,ecology remove 4f5816b57c13 
2025-04-09 18:23:46,202 - root - INFO - geo_cov_template,ecology remove a5f887cfcf94 
2025-04-09 18:23:46,202 - root - INFO - geo_cov_template,ecology remove d53b708cb348 
2025-04-09 18:23:46,202 - root - INFO - geo_cov_template,ecology remove ea302cc18332 
2025-04-09 18:23:46,202 - root - INFO - taxo_cov_template,ecology remove 20224597fa2c 
2025-04-09 18:23:46,202 - root - INFO - taxo_cov_template,ecology remove 2af7401f13e0 
2025-04-09 18:23:46,202 - root - INFO - taxo_cov_template,ecology remove 4f2d8a7c97fa 
2025-04-09 18:23:46,202 - root - INFO - taxo_cov_template,ecology remove 9507334a3303 
2025-04-09 18:23:46,202 - root - INFO - taxo_cov_template,ecology remove a45fa46f8010 
2025-04-09 18:23:46,202 - root - INFO - annotations_template,ecology remove dbba9bedd4bd 
2025-04-09 18:23:46,202 - root - INFO - eml_validate,ecology remove ad96b20423cf 
2025-04-09 18:23:46,202 - root - INFO - makeeml,ecology remove 34dcb86a9351 
2025-04-09 18:23:46,202 - root - INFO - makeeml,ecology remove 49f38336f28f 
2025-04-09 18:23:46,202 - root - INFO - makeeml,ecology remove 4cf24a95c4ff 
2025-04-09 18:23:46,202 - root - INFO - makeeml,ecology remove 59349973537f 
2025-04-09 18:23:46,202 - root - INFO - makeeml,ecology remove 8a697f446051 
2025-04-09 18:23:46,202 - root - INFO - makeeml,ecology remove 9cbac7a9b1a3 
2025-04-09 18:23:46,202 - root - INFO - makeeml,ecology remove 9d56f6480194 
2025-04-09 18:23:46,202 - root - INFO - eml2eal,ecology remove 0fa9d8240dc3 
2025-04-09 18:23:46,202 - root - INFO - eml2eal,ecology remove 248b03f124dd 
2025-04-09 18:23:46,202 - root - INFO - eml2eal,ecology remove 3d14d6a4ef7c 
2025-04-09 18:23:46,202 - root - INFO - eml2eal,ecology remove 409d9329d2be 
2025-04-09 18:23:46,202 - root - INFO - eml2eal,ecology remove 5c0290c4225a 
2025-04-09 18:23:46,202 - root - INFO - eml2eal,ecology remove 6fc2341a92cb 
2025-04-09 18:23:46,202 - root - INFO - eml2eal,ecology remove bd8b3e7541d5 
2025-04-09 18:23:46,202 - root - INFO - eml2eal,ecology remove c1d2c0922362 
2025-04-09 18:23:46,202 - root - INFO - ecoregion_geonearestneighbor,ecology remove 36637718c51d 
2025-04-09 18:23:46,202 - root - INFO - ecoregion_geonearestneighbor,ecology remove 5cde56683579 
2025-04-09 18:23:46,202 - root - INFO - ecoregion_brt_analysis,ecology remove 2129484beb61 
2025-04-09 18:23:46,202 - root - INFO - ecoregion_brt_analysis,ecology remove a56c413f3a98 
2025-04-09 18:23:46,202 - root - INFO - ecoregion_brt_analysis,ecology remove f0d6938d0451 
2025-04-09 18:23:46,202 - root - INFO - ecoregion_brt_analysis,ecology remove f8962f1c832a 
2025-04-09 18:23:46,202 - root - INFO - ecoregion_brt_analysis,ecology remove fc621f3f8226 
2025-04-09 18:23:46,202 - root - INFO - ecoregion_taxa_seeker,ecology remove 18c4cd785a74 
2025-04-09 18:23:46,202 - root - INFO - ecoregion_taxa_seeker,ecology remove 788b118910a7 
2025-04-09 18:23:46,202 - root - INFO - ecoregion_taxa_seeker,ecology remove 9dc992f80c25 
2025-04-09 18:23:46,202 - root - INFO - ecoregion_taxa_seeker,ecology remove e3cd588fd14a 
2025-04-09 18:23:46,202 - root - INFO - ecoregion_eco_map,ecology remove 374555fc30bd 
2025-04-09 18:23:46,202 - root - INFO - ecoregion_eco_map,ecology remove 3d750279158b 
2025-04-09 18:23:46,202 - root - INFO - ecoregion_eco_map,ecology remove b38b954b92b9 
2025-04-09 18:23:46,202 - root - INFO - ecoregion_eco_map,ecology remove c6b1bf7b0ac6 
2025-04-09 18:23:46,202 - root - INFO - ecoregion_cluster_estimate,ecology remove 001d7d101915 
2025-04-09 18:23:46,202 - root - INFO - ecoregion_cluster_estimate,ecology remove 0f6542d0986e 
2025-04-09 18:23:46,202 - root - INFO - ecoregion_cluster_estimate,ecology remove 1b9522671e90 
2025-04-09 18:23:46,202 - root - INFO - ecoregion_cluster_estimate,ecology remove e94a25eed489 
2025-04-09 18:23:46,202 - root - INFO - ecoregion_clara_cluster,ecology remove 24a81631a8b5 
2025-04-09 18:23:46,202 - root - INFO - ecoregion_clara_cluster,ecology remove 32849c52aa54 
2025-04-09 18:23:46,202 - root - INFO - ecoregion_clara_cluster,ecology remove 844b5bf84164 
2025-04-09 18:23:46,202 - root - INFO - ecoregion_clara_cluster,ecology remove edb8d19735a6 
2025-04-09 18:23:46,202 - root - INFO - interpolation_run_idw_interpolation,ecology remove d07fcc660f3c 
2025-04-09 18:23:46,202 - root - INFO - otb_band_math,ecology remove 0ed34e3202b9 
2025-04-09 18:23:46,202 - root - INFO - iabiodiv_smartbiodiv_med_environ,ecology remove f82f266381be 
