2025-04-09 18:23:57,401 - root - INFO - recetox_aplcms_generate_feature_table,recetox remove 32b66fb6a6a0 
2025-04-09 18:23:57,401 - root - INFO - recetox_aplcms_recover_weaker_signals,recetox remove a9bb2ccc53de 
2025-04-09 18:23:57,401 - root - INFO - recetox_aplcms_correct_time,recetox remove d69ec1171d71 
2025-04-09 18:23:57,401 - root - INFO - recetox_aplcms_compute_clusters,recetox remove 550667ce03f1 
2025-04-09 18:23:57,401 - root - INFO - recetox_aplcms_remove_noise,recetox remove 12bf74dd09f1 
2025-04-09 18:23:57,401 - root - INFO - recetox_aplcms_merge_known_table,recetox remove 8ecb609cc265 
2025-04-09 18:23:57,401 - root - INFO - recetox_aplcms_compute_template,recetox remove e2dc815e1b2c 
2025-04-09 18:23:57,401 - root - INFO - recetox_aplcms_align_features,recetox remove 2b6bfa234d8b 
2025-04-09 18:23:57,401 - root - INFO - rmassbank,recetox remove c1a9c990d4b0 
2025-04-09 18:23:57,401 - root - INFO - ramclustr_define_experiment,recetox remove 7bbdcce50541 
2025-04-09 18:23:57,401 - root - INFO - ramclustr_define_experiment,recetox remove 7c50666b88e8 
2025-04-09 18:23:57,401 - root - INFO - ramclustr_define_experiment,recetox remove 87ac0b56b9b0 
2025-04-09 18:23:57,401 - root - INFO - recetox_xmsannotator_advanced,recetox remove 50ac7359ffe7 
2025-04-09 18:23:57,401 - root - INFO - recetox_xmsannotator_advanced,recetox remove cfd2e19f00a9 
2025-04-09 18:23:57,401 - root - INFO - matchms_convert,recetox remove 165f303aa2d1 
2025-04-09 18:23:57,401 - root - INFO - matchms_convert,recetox remove 1f063ff015b9 
2025-04-09 18:23:57,401 - root - INFO - matchms_convert,recetox remove 206ba7b3017a 
2025-04-09 18:23:57,401 - root - INFO - matchms_convert,recetox remove 4845979fbe02 
2025-04-09 18:23:57,401 - root - INFO - matchms_convert,recetox remove 5d8553853fab 
2025-04-09 18:23:57,401 - root - INFO - matchms_convert,recetox remove 72759b974615 
2025-04-09 18:23:57,401 - root - INFO - matchms_convert,recetox remove 865d1539e64f 
2025-04-09 18:23:57,401 - root - INFO - matchms_convert,recetox remove a3d2f919cb98 
2025-04-09 18:23:57,401 - root - INFO - matchms_convert,recetox remove bff7bfcf975e 
2025-04-09 18:23:57,401 - root - INFO - matchms_convert,recetox remove c990df6afc24 
2025-04-09 18:23:57,401 - root - INFO - matchms_add_key,recetox remove 1d10d32fa3b3 
2025-04-09 18:23:57,401 - root - INFO - matchms_add_key,recetox remove 24154bc394fb 
2025-04-09 18:23:57,401 - root - INFO - matchms_add_key,recetox remove 3c82adf06cd5 
2025-04-09 18:23:57,401 - root - INFO - matchms_add_key,recetox remove 68fde0dc3d83 
2025-04-09 18:23:57,401 - root - INFO - matchms_add_key,recetox remove 8fb8ac6c37b0 
2025-04-09 18:23:57,401 - root - INFO - matchms_add_key,recetox remove a14e7fe18387 
2025-04-09 18:23:57,401 - root - INFO - matchms_add_key,recetox remove b23b6a640f6a 
2025-04-09 18:23:57,401 - root - INFO - matchms_remove_key,recetox remove 0a64e2bcce96 
2025-04-09 18:23:57,401 - root - INFO - matchms_remove_key,recetox remove 358a151ab81e 
2025-04-09 18:23:57,401 - root - INFO - matchms_remove_key,recetox remove 6b5867cab698 
2025-04-09 18:23:57,401 - root - INFO - matchms_remove_key,recetox remove 8a8a58be3929 
2025-04-09 18:23:57,401 - root - INFO - matchms_remove_key,recetox remove 8c98b3cb320e 
2025-04-09 18:23:57,401 - root - INFO - matchms_remove_key,recetox remove 9d1b01d3fedd 
2025-04-09 18:23:57,401 - root - INFO - matchms_remove_key,recetox remove dd1b4515c5cd 
2025-04-09 18:23:57,401 - root - INFO - matchms_remove_key,recetox remove ea891750acfc 
2025-04-09 18:23:57,401 - root - INFO - matchms_filtering,recetox remove 00e66c401366 
2025-04-09 18:23:57,401 - root - INFO - matchms_filtering,recetox remove 3370f5b08d19 
2025-04-09 18:23:57,402 - root - INFO - matchms_filtering,recetox remove 36a53917818d 
2025-04-09 18:23:57,402 - root - INFO - matchms_filtering,recetox remove 6161895506ff 
2025-04-09 18:23:57,402 - root - INFO - matchms_filtering,recetox remove 7466cd7204ac 
2025-04-09 18:23:57,402 - root - INFO - matchms_filtering,recetox remove 86d265d2a334 
2025-04-09 18:23:57,402 - root - INFO - matchms_filtering,recetox remove a75791758c34 
2025-04-09 18:23:57,402 - root - INFO - matchms_filtering,recetox remove da15e8ea3b28 
2025-04-09 18:23:57,402 - root - INFO - matchms_remove_spectra,recetox remove fbe335d27d25 
2025-04-09 18:23:57,402 - root - INFO - matchms_fingerprint_similarity,recetox remove 1d3ee4f9f63d 
2025-04-09 18:23:57,402 - root - INFO - matchms_fingerprint_similarity,recetox remove 5be32c7ce669 
2025-04-09 18:23:57,402 - root - INFO - matchms_fingerprint_similarity,recetox remove 773fd501befc 
2025-04-09 18:23:57,402 - root - INFO - matchms_fingerprint_similarity,recetox remove 99da744050b7 
2025-04-09 18:23:57,402 - root - INFO - matchms_fingerprint_similarity,recetox remove c2d546691b7a 
2025-04-09 18:23:57,402 - root - INFO - matchms_fingerprint_similarity,recetox remove cbfd7c35e0a4 
2025-04-09 18:23:57,402 - root - INFO - matchms_fingerprint_similarity,recetox remove d7b517f2c5fe 
2025-04-09 18:23:57,402 - root - INFO - matchms_fingerprint_similarity,recetox remove da9c5d40d1ba 
2025-04-09 18:23:57,402 - root - INFO - matchms_fingerprint_similarity,recetox remove f127d2bb3036 
2025-04-09 18:23:57,402 - root - INFO - matchms_fingerprint_similarity,recetox remove f87b1c271012 
2025-04-09 18:23:57,402 - root - INFO - matchms_formatter,recetox remove 23d4bc72c505 
2025-04-09 18:23:57,402 - root - INFO - matchms_formatter,recetox remove 34439ffa6a60 
2025-04-09 18:23:57,402 - root - INFO - matchms_formatter,recetox remove 8bd942dcf1ad 
2025-04-09 18:23:57,402 - root - INFO - matchms_formatter,recetox remove 9287136a396a 
2025-04-09 18:23:57,402 - root - INFO - matchms_formatter,recetox remove 9e3c83d2afc3 
2025-04-09 18:23:57,402 - root - INFO - matchms_formatter,recetox remove c55da3d77c95 
2025-04-09 18:23:57,402 - root - INFO - matchms_formatter,recetox remove d888a64f7c2a 
2025-04-09 18:23:57,402 - root - INFO - matchms_formatter,recetox remove f76a397afbe1 
2025-04-09 18:23:57,402 - root - INFO - matchms_metadata_export,recetox remove 48c7b584032a 
2025-04-09 18:23:57,402 - root - INFO - matchms_metadata_export,recetox remove 7a489b217930 
2025-04-09 18:23:57,402 - root - INFO - matchms_metadata_export,recetox remove 82aaf2631875 
2025-04-09 18:23:57,402 - root - INFO - matchms_metadata_export,recetox remove 8ff29dee9f26 
2025-04-09 18:23:57,402 - root - INFO - matchms_metadata_export,recetox remove 9b36710378ce 
2025-04-09 18:23:57,402 - root - INFO - matchms_metadata_export,recetox remove b576ed720711 
2025-04-09 18:23:57,402 - root - INFO - matchms_metadata_export,recetox remove c01868645f1b 
2025-04-09 18:23:57,402 - root - INFO - matchms_metadata_export,recetox remove e337075d0aaa 
2025-04-09 18:23:57,402 - root - INFO - matchms_metadata_match,recetox remove 05a7fc94e66c 
2025-04-09 18:23:57,402 - root - INFO - matchms_metadata_match,recetox remove 1d443ed476a1 
2025-04-09 18:23:57,402 - root - INFO - matchms_metadata_match,recetox remove 41cf8dd03e42 
2025-04-09 18:23:57,402 - root - INFO - matchms_metadata_match,recetox remove 43d40415654c 
2025-04-09 18:23:57,402 - root - INFO - matchms_metadata_match,recetox remove 44441b0ee4dd 
2025-04-09 18:23:57,402 - root - INFO - matchms_metadata_match,recetox remove 7d171a8c71dc 
2025-04-09 18:23:57,402 - root - INFO - matchms_metadata_match,recetox remove 86e080d81cfb 
2025-04-09 18:23:57,402 - root - INFO - matchms_metadata_match,recetox remove 8a6bcc83171a 
2025-04-09 18:23:57,402 - root - INFO - matchms_metadata_match,recetox remove f72cc5505da3 
2025-04-09 18:23:57,402 - root - INFO - matchms_networking,recetox remove 0c8d3bd964b3 
2025-04-09 18:23:57,402 - root - INFO - matchms_networking,recetox remove 1d74ae228df3 
2025-04-09 18:23:57,402 - root - INFO - matchms_networking,recetox remove 2200e9b7a2b3 
2025-04-09 18:23:57,402 - root - INFO - matchms_networking,recetox remove 3b512cb31cb5 
2025-04-09 18:23:57,402 - root - INFO - matchms_networking,recetox remove 3cd1cf3034d1 
2025-04-09 18:23:57,402 - root - INFO - matchms_networking,recetox remove 7985c63a880c 
2025-04-09 18:23:57,402 - root - INFO - matchms_networking,recetox remove 7c9599ecc2d3 
2025-04-09 18:23:57,402 - root - INFO - matchms_networking,recetox remove 9c12114c7aee 
2025-04-09 18:23:57,402 - root - INFO - matchms_networking,recetox remove 9f2e7e1600c0 
2025-04-09 18:23:57,402 - root - INFO - matchms_networking,recetox remove fe2d9e061bbf 
2025-04-09 18:23:57,402 - root - INFO - matchms_spectral_similarity,recetox remove 44e7027714d7 
2025-04-09 18:23:57,402 - root - INFO - matchms_spectral_similarity,recetox remove 50229f084c4e 
2025-04-09 18:23:57,402 - root - INFO - matchms_spectral_similarity,recetox remove 67f65bcc94bf 
2025-04-09 18:23:57,402 - root - INFO - matchms_spectral_similarity,recetox remove 7627b40601f6 
2025-04-09 18:23:57,402 - root - INFO - matchms_spectral_similarity,recetox remove 9782eb7a22b7 
2025-04-09 18:23:57,402 - root - INFO - matchms_spectral_similarity,recetox remove beae81d5a475 
2025-04-09 18:23:57,402 - root - INFO - matchms_spectral_similarity,recetox remove c7cff4617473 
2025-04-09 18:23:57,402 - root - INFO - matchms_spectral_similarity,recetox remove dbe94781524a 
2025-04-09 18:23:57,402 - root - INFO - matchms_spectral_similarity,recetox remove ee35dcec350a 
2025-04-09 18:23:57,402 - root - INFO - matchms_spectral_similarity,recetox remove f30b53a817af 
2025-04-09 18:23:57,402 - root - INFO - matchms_split,recetox remove 072c7a101da6 
2025-04-09 18:23:57,402 - root - INFO - matchms_split,recetox remove 114617e6ad33 
2025-04-09 18:23:57,402 - root - INFO - matchms_split,recetox remove 14a792c45c0b 
2025-04-09 18:23:57,402 - root - INFO - matchms_split,recetox remove 1dcd8b0bd608 
2025-04-09 18:23:57,402 - root - INFO - matchms_split,recetox remove 3155f877b9d5 
2025-04-09 18:23:57,402 - root - INFO - matchms_split,recetox remove 500f473df7e4 
2025-04-09 18:23:57,402 - root - INFO - matchms_split,recetox remove 5bdb8e7841f4 
2025-04-09 18:23:57,402 - root - INFO - matchms_split,recetox remove 986ecfc55ed9 
2025-04-09 18:23:57,402 - root - INFO - matchms_split,recetox remove eba733715eaf 
2025-04-09 18:23:57,402 - root - INFO - matchms_subsetting,recetox remove 1387786b6206 
2025-04-09 18:23:57,402 - root - INFO - matchms_subsetting,recetox remove 4ef214cf07c1 
2025-04-09 18:23:57,402 - root - INFO - matchms_subsetting,recetox remove 6d2f2c565431 
2025-04-09 18:23:57,402 - root - INFO - matchms_subsetting,recetox remove 9231f7bee46d 
2025-04-09 18:23:57,402 - root - INFO - matchms_subsetting,recetox remove c4835715c7ac 
2025-04-09 18:23:57,402 - root - INFO - matchms_subsetting,recetox remove d8525504d332 
2025-04-09 18:23:57,402 - root - INFO - matchms_subsetting,recetox remove dc4de3b3402a 
2025-04-09 18:23:57,402 - root - INFO - matchms_subsetting,recetox remove f40e2572fbdc 
2025-04-09 18:23:57,402 - root - INFO - matchms_metadata_merge,recetox remove 0c9f977e8d75 
2025-04-09 18:23:57,402 - root - INFO - matchms_metadata_merge,recetox remove 20a6e3c081cc 
2025-04-09 18:23:57,402 - root - INFO - matchms_metadata_merge,recetox remove 3a37748f6c95 
2025-04-09 18:23:57,402 - root - INFO - matchms_metadata_merge,recetox remove 6e965d099233 
2025-04-09 18:23:57,402 - root - INFO - matchms_metadata_merge,recetox remove 84ead993862c 
2025-04-09 18:23:57,402 - root - INFO - matchms_metadata_merge,recetox remove 99ad7552fb10 
2025-04-09 18:23:57,402 - root - INFO - matchms_metadata_merge,recetox remove ab784731b20e 
2025-04-09 18:23:57,402 - root - INFO - matchms_metadata_merge,recetox remove c1c1cb295b74 
2025-04-09 18:23:57,402 - root - INFO - matchms_metadata_merge,recetox remove ec25de0f0c58 
2025-04-09 18:23:57,402 - root - INFO - waveica,recetox remove e424fa636281 
2025-04-09 18:23:57,402 - root - INFO - qcxms_production_run,recetox remove e97bfe7ac906 
2025-04-09 18:23:57,402 - root - INFO - qcxms_getres,recetox remove 53dce0e49af7 
2025-04-09 18:23:57,402 - root - INFO - use_theoretical_mz_annotations,recetox remove e0cac9994a72 
2025-04-09 18:23:57,402 - root - INFO - mfassignr_snplot,recetox remove 434fa3233e96 
2025-04-09 18:23:57,402 - root - INFO - mfassignr_histnoise,recetox remove 12b63108d645 
2025-04-09 18:23:57,402 - root - INFO - mfassignr_histnoise,recetox remove e93401e2ad89 
2025-04-09 18:23:57,402 - root - INFO - mfassignr_kmdnoise,recetox remove 39a642fc9638 
2025-04-09 18:23:57,402 - root - INFO - mfassignr_kmdnoise,recetox remove a9fba8378048 
2025-04-09 18:23:57,402 - root - INFO - mfassignr_isofiltr,recetox remove e7ef7718505d 
2025-04-09 18:23:57,402 - root - INFO - mfassignr_mfassign,recetox remove d2bad53dd220 
2025-04-09 18:23:57,402 - root - INFO - mfassignr_mfassign,recetox remove d5745e78fcfe 
2025-04-09 18:23:57,402 - root - INFO - mfassignr_mfassigncho,recetox remove b92c9388240a 
2025-04-09 18:23:57,402 - root - INFO - mfassignr_mfassigncho,recetox remove b96a462d9c3f 
2025-04-09 18:23:57,402 - root - INFO - mfassignr_recal,recetox remove 3ea8ed561c5a 
2025-04-09 18:23:57,402 - root - INFO - mfassignr_recal,recetox remove a3113a7c1767 
2025-04-09 18:23:57,402 - root - INFO - mfassignr_recallist,recetox remove 1104682fb7cc 
2025-04-09 18:23:57,402 - root - INFO - mfassignr_recallist,recetox remove ddb9d330ecc0 
2025-04-09 18:23:57,402 - root - INFO - mfassignr_findrecalseries,recetox remove ad4176b336dc 
