2025-04-09 18:24:18,123 - root - INFO - bedtools,iuc remove 3e38c9b3214f 
2025-04-09 18:24:18,123 - root - INFO - bedtools,iuc remove 4f7a5ccd2ae9 
2025-04-09 18:24:18,123 - root - INFO - bedtools,iuc remove 7ab85ac5f64b 
2025-04-09 18:24:18,123 - root - INFO - bedtools,iuc remove fe5b4cb8356c 
2025-04-09 18:24:18,123 - root - INFO - paralyzer,rnateam remove 4dbe81be8b81 
2025-04-09 18:24:18,123 - root - WARNING - paralyzer,rnateam has no more installed revisions
2025-04-09 18:24:18,123 - root - INFO - ebi_metagenomics_run_downloader,iuc remove e2e9fae080ad 
2025-04-09 18:24:18,123 - root - INFO - transformation,ethevenot remove d9e05021553c 
2025-04-09 18:24:18,123 - root - WARNING - transformation,ethevenot has no more installed revisions
2025-04-09 18:24:18,123 - root - INFO - heatmap,ethevenot remove db1d80e89156 
2025-04-09 18:24:18,123 - root - WARNING - heatmap,ethevenot has no more installed revisions
2025-04-09 18:24:18,123 - root - INFO - taxonomy_krona_chart,crs4 remove 020b3087d0b7 
2025-04-09 18:24:18,123 - root - WARNING - taxonomy_krona_chart,crs4 has no more installed revisions
2025-04-09 18:24:18,123 - root - INFO - sra_tools,iuc remove de0f7e0a3896 
2025-04-09 18:24:18,123 - root - INFO - sra_tools,iuc remove fb723c531be5 
2025-04-09 18:24:18,123 - root - INFO - split_file_on_column,bgruening remove 90b52d8d6f2c 
2025-04-09 18:24:18,123 - root - WARNING - split_file_on_column,bgruening has no more installed revisions
2025-04-09 18:24:18,123 - root - INFO - tables_arithmetic_operations,devteam remove 82fa5062d611 
2025-04-09 18:24:18,123 - root - WARNING - tables_arithmetic_operations,devteam has no more installed revisions
2025-04-09 18:24:18,123 - root - INFO - collection_column_join,iuc remove 071084070619 
2025-04-09 18:24:18,123 - root - INFO - collection_column_join,iuc remove 58228a4d58fe 
2025-04-09 18:24:18,123 - root - INFO - bam_to_scidx,iuc remove b737f6d83f48 
2025-04-09 18:24:18,123 - root - INFO - resize_coordinate_window,iuc remove 541f300f322d 
2025-04-09 18:24:18,123 - root - INFO - uniprot_rest_interface,bgruening remove 48522382b6a4 
2025-04-09 18:24:18,123 - root - WARNING - uniprot_rest_interface,bgruening has no more installed revisions
2025-04-09 18:24:18,123 - root - INFO - extract_genomic_dna,iuc remove c8467246b57e 
2025-04-09 18:24:18,123 - root - INFO - extract_genomic_dna,iuc remove e400dcbc60d0 
2025-04-09 18:24:18,123 - root - INFO - fasta_nucleotide_color_plot,iuc remove 0fba45ac3987 
2025-04-09 18:24:18,123 - root - INFO - jbrowse,iuc remove 69c5e9c0add0 
2025-04-09 18:24:18,123 - root - INFO - jbrowse,iuc remove 8774b28235bb 
2025-04-09 18:24:18,123 - root - INFO - jbrowse,iuc remove d0743cb18ed8 
2025-04-09 18:24:18,123 - root - INFO - meme_meme,iuc remove 3f0dd362b755 
2025-04-09 18:24:18,123 - root - INFO - meme_meme,iuc remove 9dd5373f6a5a 
2025-04-09 18:24:18,123 - root - INFO - meme_fimo,iuc remove 0c5239d1aa65 
2025-04-09 18:24:18,123 - root - INFO - vegan_diversity,iuc remove a2c047a2c380 
2025-04-09 18:24:18,123 - root - INFO - vegan_fisher_alpha,iuc remove f9966e11885b 
2025-04-09 18:24:18,123 - root - INFO - vegan_rarefaction,iuc remove b0d5976540e3 
2025-04-09 18:24:18,123 - root - INFO - khmer_filter_abundance,iuc remove 97f65399e30d 
2025-04-09 18:24:18,123 - root - INFO - khmer_filter_below_abundance_cutoff,iuc remove b469ab47b490 
2025-04-09 18:24:18,124 - root - INFO - khmer_extract_partitions,iuc remove 98b53d46e851 
2025-04-09 18:24:18,124 - root - INFO - khmer_abundance_distribution,iuc remove c0caca5af183 
2025-04-09 18:24:18,124 - root - INFO - khmer_count_median,iuc remove 06d1d91c67e5 
2025-04-09 18:24:18,124 - root - INFO - khmer_partition,iuc remove b7429b53be2a 
2025-04-09 18:24:18,124 - root - INFO - khmer_normalize_by_median,iuc remove e84073b420a8 
2025-04-09 18:24:18,124 - root - INFO - khmer_abundance_distribution_single,iuc remove c018a72b523e 
2025-04-09 18:24:18,124 - root - INFO - lighter,bgruening remove 89b453176d05 
2025-04-09 18:24:18,124 - root - WARNING - lighter,bgruening has no more installed revisions
2025-04-09 18:24:18,124 - root - INFO - je_markdupes,gbcs-embl-heidelberg remove 384b972e43bc 
2025-04-09 18:24:18,124 - root - WARNING - je_markdupes,gbcs-embl-heidelberg has no more installed revisions
2025-04-09 18:24:18,124 - root - INFO - fasta_filter_by_length,devteam remove c8cd0a03db49 
2025-04-09 18:24:18,124 - root - WARNING - fasta_filter_by_length,devteam has no more installed revisions
2025-04-09 18:24:18,124 - root - INFO - multiqc,iuc remove 161f4383df15 
2025-04-09 18:24:18,124 - root - INFO - rnaspades,iuc remove 675ee1aa5952 
2025-04-09 18:24:18,124 - root - INFO - rnaspades,iuc remove 9e58ff014088 
2025-04-09 18:24:18,124 - root - INFO - rnaspades,iuc remove a8a278849c18 
2025-04-09 18:24:18,124 - root - INFO - rgrnastar,iuc remove 4014de1b6daf 
2025-04-09 18:24:18,124 - root - INFO - rgrnastar,iuc remove 41929aa1e7f3 
2025-04-09 18:24:18,124 - root - INFO - rgrnastar,iuc remove 44959aa06aeb 
2025-04-09 18:24:18,124 - root - INFO - rgrnastar,iuc remove 850f3679b9b4 
2025-04-09 18:24:18,124 - root - INFO - rgrnastar,iuc remove d82339e37e8e 
2025-04-09 18:24:18,124 - root - INFO - hisat2,iuc remove 0c16cad5e03b 
2025-04-09 18:24:18,124 - root - INFO - deseq2,iuc remove 6f91b8ce6e07 
2025-04-09 18:24:18,124 - root - INFO - deseq2,iuc remove 71bacea10eee 
2025-04-09 18:24:18,124 - root - INFO - deseq2,iuc remove de44f8eff84a 
2025-04-09 18:24:18,124 - root - INFO - deseq2,iuc remove e5c8afac22a7 
2025-04-09 18:24:18,124 - root - INFO - featurecounts,iuc remove ce44c6f2ba38 
2025-04-09 18:24:18,124 - root - INFO - trinity,iuc remove 26d5493b20b6 
2025-04-09 18:24:18,124 - root - INFO - trinity,iuc remove 3772d9a10f27 
2025-04-09 18:24:18,124 - root - INFO - trinity,iuc remove 5b60313a6ce7 
2025-04-09 18:24:18,124 - root - INFO - trinity,iuc remove d5e8807a407d 
2025-04-09 18:24:18,124 - root - INFO - stringtie,iuc remove 333a6e13b622 
2025-04-09 18:24:18,124 - root - INFO - dexseq,iuc remove 9fd8b69e6e68 
2025-04-09 18:24:18,124 - root - INFO - cuffdiff,devteam remove d3ae7d9c2202 
2025-04-09 18:24:18,124 - root - WARNING - cuffdiff,devteam has no more installed revisions
2025-04-09 18:24:18,124 - root - INFO - cuffquant,devteam remove 6dc45faebc1d 
2025-04-09 18:24:18,124 - root - WARNING - cuffquant,devteam has no more installed revisions
2025-04-09 18:24:18,124 - root - INFO - cuffnorm,devteam remove f5b2ee725d34 
2025-04-09 18:24:18,124 - root - WARNING - cuffnorm,devteam has no more installed revisions
2025-04-09 18:24:18,124 - root - INFO - macs,devteam remove f6319b0b4391 
2025-04-09 18:24:18,124 - root - WARNING - macs,devteam has no more installed revisions
2025-04-09 18:24:18,124 - root - INFO - bwameth,iuc remove b4e6819b25ef 
2025-04-09 18:24:18,124 - root - INFO - goseq,iuc remove ade933eff007 
2025-04-09 18:24:18,124 - root - INFO - transtermhp,iuc remove 012171ba9fce 
2025-04-09 18:24:18,124 - root - INFO - transtermhp,iuc remove 9a90656a1af9 
2025-04-09 18:24:18,124 - root - INFO - snpsift,iuc remove 2e497a770bca 
2025-04-09 18:24:18,124 - root - INFO - snpeff,iuc remove 36dc3690a82c 
2025-04-09 18:24:18,124 - root - INFO - snpeff,iuc remove 74aebe30fb52 
2025-04-09 18:24:18,124 - root - INFO - snpeff,iuc remove 9473cd297a76 
2025-04-09 18:24:18,124 - root - INFO - snpeff,iuc remove ca2b512e8d7c 
2025-04-09 18:24:18,124 - root - INFO - hardklor,galaxyp remove 539f157784e7 
2025-04-09 18:24:18,124 - root - WARNING - hardklor,galaxyp has no more installed revisions
2025-04-09 18:24:18,124 - root - INFO - autodock_vina_prepare_ligand,bgruening remove 965badb456d4 
2025-04-09 18:24:18,124 - root - WARNING - autodock_vina_prepare_ligand,bgruening has no more installed revisions
2025-04-09 18:24:18,124 - root - INFO - autodock_vina,bgruening remove 65ffed035ca8 
2025-04-09 18:24:18,124 - root - WARNING - autodock_vina,bgruening has no more installed revisions
2025-04-09 18:24:18,124 - root - INFO - emboss_5,devteam remove 1b6538ec8b56 
2025-04-09 18:24:18,124 - root - WARNING - emboss_5,devteam has no more installed revisions
2025-04-09 18:24:18,124 - root - INFO - kraken_taxonomy_report,iuc remove b97694b21bc3 
2025-04-09 18:24:18,124 - root - INFO - taxonomy_krona_chart,crs4 remove 020b3087d0b7 
2025-04-09 18:24:18,124 - root - WARNING - taxonomy_krona_chart,crs4 has no more installed revisions
2025-04-09 18:24:18,124 - root - INFO - bcftools_call,iuc remove 072f606e2e69 
2025-04-09 18:24:18,124 - root - INFO - bcftools_call,iuc remove 3296c3680d96 
2025-04-09 18:24:18,124 - root - INFO - bcftools_call,iuc remove 4fa18320d29b 
2025-04-09 18:24:18,124 - root - INFO - bcftools_call,iuc remove 5801eff9ac7e 
2025-04-09 18:24:18,124 - root - INFO - bcftools_call,iuc remove 912a8ff07fc9 
2025-04-09 18:24:18,124 - root - INFO - bcftools_call,iuc remove cb30a39055d0 
2025-04-09 18:24:18,124 - root - INFO - bcftools_call,iuc remove d267bcfdc8fe 
2025-04-09 18:24:18,124 - root - INFO - bcftools_call,iuc remove f0d44631365f 
2025-04-09 18:24:18,125 - root - INFO - tag_pileup_frequency,iuc remove b7d7ae3963aa 
2025-04-09 18:24:18,125 - root - INFO - ngsutils_bam_filter,iuc remove 49bf71fbc574 
2025-04-09 18:24:18,125 - root - INFO - bamtools_filter,devteam remove bd735cae4ce6 
2025-04-09 18:24:18,125 - root - WARNING - bamtools_filter,devteam has no more installed revisions
2025-04-09 18:24:18,125 - root - INFO - samtools_rmdup,devteam remove 9129584416e2 
2025-04-09 18:24:18,125 - root - WARNING - samtools_rmdup,devteam has no more installed revisions
2025-04-09 18:24:18,125 - root - INFO - samtool_filter2,devteam remove b7aa423007bf 
2025-04-09 18:24:18,125 - root - WARNING - samtool_filter2,devteam has no more installed revisions
2025-04-09 18:24:18,125 - root - INFO - samtools_phase,devteam remove 6166013090c0 
2025-04-09 18:24:18,125 - root - WARNING - samtools_phase,devteam has no more installed revisions
2025-04-09 18:24:18,125 - root - INFO - gemini_db_info,iuc remove 496124e09f82 
2025-04-09 18:24:18,125 - root - INFO - gemini_db_info,iuc remove bc8b01d1b496 
2025-04-09 18:24:18,125 - root - INFO - gemini_windower,iuc remove 3b5b1ebc8423 
2025-04-09 18:24:18,125 - root - INFO - gemini_windower,iuc remove c15b615cdc3b 
2025-04-09 18:24:18,125 - root - INFO - gemini_burden,iuc remove 12112e6e5ea4 
2025-04-09 18:24:18,125 - root - INFO - gemini_burden,iuc remove 699ce2631e79 
2025-04-09 18:24:18,125 - root - INFO - gemini_gene_wise,iuc remove 4b26f6c99227 
2025-04-09 18:24:18,125 - root - INFO - gemini_gene_wise,iuc remove 4f55668547fc 
2025-04-09 18:24:18,125 - root - INFO - gemini_gene_wise,iuc remove 99d6e7b1b7f1 
2025-04-09 18:24:18,125 - root - INFO - gemini_stats,iuc remove 73b103195e2a 
2025-04-09 18:24:18,125 - root - INFO - gemini_stats,iuc remove 86d4303cc3ca 
2025-04-09 18:24:18,125 - root - INFO - gemini_stats,iuc remove ac761838cdaf 
2025-04-09 18:24:18,125 - root - INFO - gemini_mendel_errors,iuc remove dd963f00f297 
2025-04-09 18:24:18,125 - root - INFO - gemini_amend,iuc remove b8b120a4cef7 
2025-04-09 18:24:18,125 - root - INFO - gemini_amend,iuc remove bff8fad3fb69 
2025-04-09 18:24:18,125 - root - INFO - gemini_pathways,iuc remove 66bc68095012 
2025-04-09 18:24:18,125 - root - INFO - gemini_pathways,iuc remove c63b7eefb07a 
2025-04-09 18:24:18,125 - root - INFO - gemini_pathways,iuc remove d5ec6384a3be 
2025-04-09 18:24:18,125 - root - INFO - gemini_dump,iuc remove 187b57debbba 
2025-04-09 18:24:18,125 - root - INFO - gemini_region,iuc remove bb4a5f979906 
2025-04-09 18:24:18,125 - root - INFO - gemini_actionable_mutations,iuc remove 643a9ad97f08 
2025-04-09 18:24:18,125 - root - INFO - gemini_actionable_mutations,iuc remove f62ed0e84665 
2025-04-09 18:24:18,125 - root - INFO - gemini_lof_sieve,iuc remove 295814260d95 
2025-04-09 18:24:18,125 - root - INFO - gemini_lof_sieve,iuc remove be7ac09bc2fa 
2025-04-09 18:24:18,125 - root - INFO - gemini_lof_sieve,iuc remove dda378a72430 
2025-04-09 18:24:18,125 - root - INFO - gemini_query,iuc remove ab195e756e5e 
2025-04-09 18:24:18,125 - root - INFO - gemini_query,iuc remove cd00221d67cb 
2025-04-09 18:24:18,125 - root - INFO - gemini_fusions,iuc remove 6e3d2bd01a96 
2025-04-09 18:24:18,125 - root - INFO - gemini_fusions,iuc remove 8295781a3c27 
2025-04-09 18:24:18,125 - root - INFO - gemini_fusions,iuc remove 8a68d9a33023 
2025-04-09 18:24:18,125 - root - INFO - gemini_load,iuc remove 269c40fdcccb 
2025-04-09 18:24:18,125 - root - INFO - gemini_load,iuc remove 64132aa2d62a 
2025-04-09 18:24:18,125 - root - INFO - gemini_annotate,iuc remove 567837ca5f33 
2025-04-09 18:24:18,125 - root - INFO - gemini_recessive_and_dominant,iuc remove 69ec574f6f41 
2025-04-09 18:24:18,125 - root - INFO - gemini_roh,iuc remove 60f477e3c79b 
2025-04-09 18:24:18,125 - root - INFO - gemini_roh,iuc remove 91b4db3e6df4 
2025-04-09 18:24:18,125 - root - INFO - gemini_roh,iuc remove d65ca2fa673b 
2025-04-09 18:24:18,125 - root - INFO - gemini_set_somatic,iuc remove 230c975e7759 
2025-04-09 18:24:18,125 - root - INFO - gemini_set_somatic,iuc remove 3208dd1dbfe2 
2025-04-09 18:24:18,125 - root - INFO - gemini_set_somatic,iuc remove 991049484627 
2025-04-09 18:24:18,125 - root - INFO - gemini_qc,iuc remove 137a3e07062e 
2025-04-09 18:24:18,125 - root - INFO - gemini_qc,iuc remove 8414eecc3828 
2025-04-09 18:24:18,125 - root - INFO - gemini_qc,iuc remove a875f940d8fd 
2025-04-09 18:24:18,125 - root - INFO - gemini_interactions,iuc remove 527c8e4a356f 
2025-04-09 18:24:18,125 - root - INFO - gemini_interactions,iuc remove 7028ca3cac1c 
2025-04-09 18:24:18,125 - root - INFO - gemini_interactions,iuc remove ce6db5020339 
2025-04-09 18:24:18,125 - root - INFO - stacks_sstacks,iuc remove 95e37a28704b 
2025-04-09 18:24:18,125 - root - INFO - stacks_sstacks,iuc remove e38d181d4e72 
2025-04-09 18:24:18,125 - root - INFO - stacks_genotypes,iuc remove 00f4a4e553ae 
2025-04-09 18:24:18,125 - root - INFO - stacks_genotypes,iuc remove 46f061f3cfeb 
2025-04-09 18:24:18,125 - root - INFO - stacks_genotypes,iuc remove 5af94af9ec8f 
2025-04-09 18:24:18,125 - root - INFO - stacks_denovomap,iuc remove 2b1dd7ab69f7 
2025-04-09 18:24:18,125 - root - INFO - stacks_denovomap,iuc remove 9f9d39f582f3 
2025-04-09 18:24:18,125 - root - INFO - stacks_denovomap,iuc remove eb1e95f88e96 
2025-04-09 18:24:18,125 - root - INFO - stacks_ustacks,iuc remove a4ec4f620a77 
2025-04-09 18:24:18,125 - root - INFO - stacks_ustacks,iuc remove b6de94f2edc0 
2025-04-09 18:24:18,125 - root - INFO - stacks_ustacks,iuc remove e5c97f09fe06 
2025-04-09 18:24:18,125 - root - INFO - stacks_assembleperead,iuc remove 0c741f364d18 
2025-04-09 18:24:18,125 - root - INFO - stacks_assembleperead,iuc remove 6eaf0f9836c8 
2025-04-09 18:24:18,125 - root - INFO - stacks_assembleperead,iuc remove b08cd32d03ad 
2025-04-09 18:24:18,125 - root - INFO - stacks_procrad,iuc remove 57910d476be9 
2025-04-09 18:24:18,125 - root - INFO - stacks_procrad,iuc remove 8fe258d72ff3 
2025-04-09 18:24:18,125 - root - INFO - stacks_procrad,iuc remove be78e39d56b3 
2025-04-09 18:24:18,125 - root - INFO - stacks_refmap,iuc remove 1ba1185929c1 
2025-04-09 18:24:18,125 - root - INFO - stacks_refmap,iuc remove 4ee074ca88fb 
2025-04-09 18:24:18,125 - root - INFO - stacks_refmap,iuc remove 7c42e6768c41 
2025-04-09 18:24:18,125 - root - INFO - stacks_cstacks,iuc remove be3df81c0353 
2025-04-09 18:24:18,125 - root - INFO - stacks_cstacks,iuc remove dab92afa0c98 
2025-04-09 18:24:18,125 - root - INFO - stacks_rxstacks,iuc remove 2360d8cf42f7 
2025-04-09 18:24:18,125 - root - INFO - stacks_rxstacks,iuc remove 3e43e51b3c3b 
2025-04-09 18:24:18,125 - root - INFO - stacks_rxstacks,iuc remove 9d0ac63dcfcd 
2025-04-09 18:24:18,125 - root - INFO - stacks_pstacks,iuc remove 67cbd80b83f5 
2025-04-09 18:24:18,125 - root - INFO - stacks_pstacks,iuc remove 7ebc7d229deb 
2025-04-09 18:24:18,125 - root - INFO - stacks_pstacks,iuc remove ede5223bc7f1 
