2025-04-09 18:24:40,008 - root - INFO - apollo_iframe,gga remove 29159d9ce6f0 
2025-04-09 18:24:40,008 - root - INFO - apollo_iframe,gga remove c6172b538caf 
2025-04-09 18:24:40,008 - root - INFO - apollo_create_account,gga remove 0929c15c3d70 
2025-04-09 18:24:40,008 - root - INFO - apollo_create_account,gga remove a46a509386d3 
2025-04-09 18:24:40,008 - root - INFO - apollo_list_organism,gga remove 78abc724d792 
2025-04-09 18:24:40,008 - root - INFO - apollo_list_organism,gga remove bc2b80fc7e30 
2025-04-09 18:24:40,008 - root - INFO - busco,iuc remove 2a5b8b9936bf 
2025-04-09 18:24:40,008 - root - INFO - maker,iuc remove 5201ec38c01f 
2025-04-09 18:24:40,008 - root - INFO - maker,iuc remove 7bac6f5fcfa2 
2025-04-09 18:24:40,008 - root - INFO - maker,iuc remove a444254e9a57 
2025-04-09 18:24:40,008 - root - INFO - maker,iuc remove d3a2072d8745 
2025-04-09 18:24:40,008 - root - INFO - maker_map_ids,iuc remove 2e3535db1bfa 
2025-04-09 18:24:40,008 - root - INFO - maker_map_ids,iuc remove 9e0cc465595e 
2025-04-09 18:24:40,008 - root - INFO - maker_map_ids,iuc remove e408aa831db3 
2025-04-09 18:24:40,008 - root - INFO - maker_map_ids,iuc remove f1912d5575df 
2025-04-09 18:24:40,008 - root - INFO - progressivemauve,iuc remove 97a43bcbf44d 
2025-04-09 18:24:40,008 - root - INFO - helixer,genouest remove 7c1dc010a819 
2025-04-09 18:24:40,008 - root - INFO - braker3,genouest remove c42bf6424ba4 
2025-04-09 18:24:40,008 - root - INFO - braker3,genouest remove ea8c29a71a76 
2025-04-09 18:24:40,008 - root - INFO - genenotebook_genenotebook_build,gga remove a0358a5ab3ae 
2025-04-09 18:24:40,008 - root - INFO - omark,iuc remove 9607b69326e1 
2025-04-09 18:24:40,008 - root - INFO - compleasm,iuc remove 07a74537acd5 
2025-04-09 18:24:40,008 - root - INFO - compleasm,iuc remove 79413aecc398 
