2025-04-09 18:25:22,340 - root - INFO - 2d_auto_threshold,imgteam remove 4853fc2b50bf 
2025-04-09 18:25:22,340 - root - INFO - 2d_local_threshold,imgteam remove c90b91f4a07b 
2025-04-09 18:25:22,340 - root - INFO - superdsm,imgteam remove dc5f72f6b1e9 
2025-04-09 18:25:22,340 - root - INFO - landmark_registration,imgteam remove a71239f3543a 
2025-04-09 18:25:22,340 - root - INFO - projective_transformation,imgteam remove 17f5d0c3f8a3 
2025-04-09 18:25:22,340 - root - INFO - spot_detection_2d,imgteam remove 859dd1c11ac0 
2025-04-09 18:25:22,340 - root - INFO - curve_fitting,imgteam remove 00feb1ecd040 
2025-04-09 18:25:22,340 - root - INFO - imagecoordinates_flipaxis,imgteam remove 5a210baa2ff1 
2025-04-09 18:25:22,340 - root - INFO - imagecoordinates_flipaxis,imgteam remove d0960e1b25a8 
2025-04-09 18:25:22,340 - root - INFO - 2d_split_binaryimage_by_watershed,imgteam remove 5e21d7342593 
2025-04-09 18:25:22,340 - root - INFO - binary2labelimage,imgteam remove 6c92ac9ce868 
2025-04-09 18:25:22,340 - root - INFO - split_labelmap,imgteam remove 9db1c22dbe17 
2025-04-09 18:25:22,340 - root - INFO - permutate_axis,imgteam remove 5b82f2186244 
2025-04-09 18:25:22,340 - root - INFO - 2d_feature_extraction,imgteam remove 6fdb3542a406 
2025-04-09 18:25:22,340 - root - INFO - count_objects,imgteam remove 895a29ebd0c7 
2025-04-09 18:25:22,340 - root - INFO - coordinates_of_roi,imgteam remove 0d30ffea8874 
2025-04-09 18:25:22,341 - root - INFO - coordinates_of_roi,imgteam remove 24d9bd16c953 
2025-04-09 18:25:22,341 - root - INFO - detection_viz,imgteam remove f46f64f9590d 
2025-04-09 18:25:22,341 - root - INFO - colocalization_viz,imgteam remove fc85eb253163 
2025-04-09 18:25:22,341 - root - INFO - overlay_segmentation_mask,imgteam remove 63b2a10b1001 
2025-04-09 18:25:22,341 - root - INFO - visceral_evaluatesegmentation,imgteam remove 8c1a805c2fc5 
2025-04-09 18:25:22,341 - root - INFO - imagej2_bunwarpj_compare_elastic_raw,imgteam remove 1bffabc15695 
2025-04-09 18:25:22,341 - root - INFO - imagej2_bunwarpj_compose_raw_elastic,imgteam remove 1bf7e70e67f9 
2025-04-09 18:25:22,341 - root - INFO - imagej2_analyze_particles_binary,imgteam remove aeb9bb864b8c 
2025-04-09 18:25:22,341 - root - INFO - imagej2_create_image,imgteam remove dc3935a0165a 
2025-04-09 18:25:22,341 - root - INFO - imagej2_noise,imgteam remove 3f6599ec7d30 
2025-04-09 18:25:22,341 - root - INFO - imagej2_bunwarpj_compose_raw,imgteam remove 93b416f8e9e3 
2025-04-09 18:25:22,341 - root - INFO - imagej2_bunwarpj_align,imgteam remove ab54024c0a88 
2025-04-09 18:25:22,341 - root - INFO - imagej2_smooth,imgteam remove dd20ee3092e3 
2025-04-09 18:25:22,341 - root - INFO - imagej2_analyze_skeleton,imgteam remove bb84f130a4e1 
2025-04-09 18:25:22,341 - root - INFO - imagej2_bunwarpj_compare_elastic,imgteam remove b95f87118c6f 
2025-04-09 18:25:22,341 - root - INFO - imagej2_bunwarpj_compare_raw,imgteam remove d17be9aef142 
2025-04-09 18:25:22,341 - root - INFO - imagej2_bunwarpj_convert_to_raw,imgteam remove 95fb6fa70c2f 
2025-04-09 18:25:22,341 - root - INFO - imagej2_make_binary,imgteam remove baa308e2533a 
2025-04-09 18:25:22,341 - root - INFO - imagej2_sharpen,imgteam remove a84f2cbf091b 
2025-04-09 18:25:22,341 - root - INFO - imagej2_bunwarpj_compose_elastic,imgteam remove 6840ce593a91 
2025-04-09 18:25:22,341 - root - INFO - imagej2_adjust_threshold_binary,imgteam remove f1ba33cd9edf 
2025-04-09 18:25:22,341 - root - INFO - imagej2_bunwarpj_adapt_transform,imgteam remove 706af1d7028a 
2025-04-09 18:25:22,341 - root - INFO - morphological_operations,imgteam remove f10112b317a1 
2025-04-09 18:25:22,341 - root - INFO - cp_cellprofiler,bgruening remove 0b8f8406ee16 
2025-04-09 18:25:22,341 - root - INFO - cp_cellprofiler,bgruening remove 78a16d8c8d5e 
2025-04-09 18:25:22,341 - root - INFO - cp_cellprofiler,bgruening remove a98608f3abc5 
2025-04-09 18:25:22,341 - root - INFO - cp_cellprofiler,bgruening remove ba4fd9fbf924 
2025-04-09 18:25:22,341 - root - INFO - cp_cellprofiler,bgruening remove fca368c99299 
2025-04-09 18:25:22,341 - root - INFO - cp_common,bgruening remove 0b7db679fff8 
2025-04-09 18:25:22,341 - root - INFO - cp_common,bgruening remove 27396311a314 
2025-04-09 18:25:22,341 - root - INFO - cp_common,bgruening remove 3c3cd68d6d5a 
2025-04-09 18:25:22,341 - root - INFO - cp_common,bgruening remove 9c8ee01c0b22 
2025-04-09 18:25:22,341 - root - INFO - cp_tile,bgruening remove 878bafb411dd 
2025-04-09 18:25:22,341 - root - INFO - cp_convert_objects_to_image,bgruening remove 1221c018f7be 
2025-04-09 18:25:22,341 - root - INFO - cp_convert_objects_to_image,bgruening remove 2690da374874 
2025-04-09 18:25:22,341 - root - INFO - cp_convert_objects_to_image,bgruening remove 7ec682d4e4cc 
2025-04-09 18:25:22,341 - root - INFO - cp_convert_objects_to_image,bgruening remove d9fa2e6fae97 
2025-04-09 18:25:22,341 - root - INFO - cp_display_data_on_image,bgruening remove 4e12ef887a2a 
2025-04-09 18:25:22,341 - root - INFO - cp_display_data_on_image,bgruening remove 7c70e5268acd 
2025-04-09 18:25:22,341 - root - INFO - cp_display_data_on_image,bgruening remove c49a557b4e3e 
2025-04-09 18:25:22,341 - root - INFO - cp_display_data_on_image,bgruening remove e46efde93815 
2025-04-09 18:25:22,341 - root - INFO - cp_enhance_or_suppress_features,bgruening remove 29188f9c4ca8 
2025-04-09 18:25:22,341 - root - INFO - cp_enhance_or_suppress_features,bgruening remove 3f9747bda8c4 
2025-04-09 18:25:22,341 - root - INFO - cp_enhance_or_suppress_features,bgruening remove e3243230788c 
2025-04-09 18:25:22,341 - root - INFO - cp_enhance_or_suppress_features,bgruening remove ee0007b3c2d2 
2025-04-09 18:25:22,341 - root - INFO - cp_export_to_spreadsheet,bgruening remove 10257d6d545b 
2025-04-09 18:25:22,341 - root - INFO - cp_export_to_spreadsheet,bgruening remove 72a7f23f3a79 
2025-04-09 18:25:22,341 - root - INFO - cp_export_to_spreadsheet,bgruening remove c0759ca34e20 
2025-04-09 18:25:22,341 - root - INFO - cp_export_to_spreadsheet,bgruening remove c956182d4e2c 
2025-04-09 18:25:22,341 - root - INFO - cp_gray_to_color,bgruening remove bbf1ef17c01b 
2025-04-09 18:25:22,341 - root - INFO - cp_gray_to_color,bgruening remove c72f83dbc7b5 
2025-04-09 18:25:22,341 - root - INFO - cp_gray_to_color,bgruening remove d37580e3f4d0 
2025-04-09 18:25:22,341 - root - INFO - cp_gray_to_color,bgruening remove e5870c434f28 
2025-04-09 18:25:22,341 - root - INFO - cp_identify_primary_objects,bgruening remove 52c01fb29b2a 
2025-04-09 18:25:22,341 - root - INFO - cp_identify_primary_objects,bgruening remove 6bf947501352 
2025-04-09 18:25:22,341 - root - INFO - cp_identify_primary_objects,bgruening remove 99e493b2e951 
2025-04-09 18:25:22,341 - root - INFO - cp_identify_primary_objects,bgruening remove d9bf32d13dfd 
2025-04-09 18:25:22,341 - root - INFO - cp_mask_image,bgruening remove 54d7d3450800 
2025-04-09 18:25:22,341 - root - INFO - cp_mask_image,bgruening remove baa3e6d4d99d 
2025-04-09 18:25:22,341 - root - INFO - cp_mask_image,bgruening remove ca1421f7e3ed 
2025-04-09 18:25:22,341 - root - INFO - cp_mask_image,bgruening remove d1a3ebcacb7a 
2025-04-09 18:25:22,341 - root - INFO - cp_measure_granularity,bgruening remove 1062c9e44147 
2025-04-09 18:25:22,341 - root - INFO - cp_measure_granularity,bgruening remove 382413f8ec1d 
2025-04-09 18:25:22,341 - root - INFO - cp_measure_granularity,bgruening remove 88dd3674c4d0 
2025-04-09 18:25:22,341 - root - INFO - cp_measure_granularity,bgruening remove e336ff1955a0 
2025-04-09 18:25:22,341 - root - INFO - cp_measure_image_area_occupied,bgruening remove 534ed7b8ca34 
2025-04-09 18:25:22,341 - root - INFO - cp_measure_image_area_occupied,bgruening remove 7a08edbc790e 
2025-04-09 18:25:22,341 - root - INFO - cp_measure_image_area_occupied,bgruening remove c2d573d02afc 
2025-04-09 18:25:22,341 - root - INFO - cp_measure_image_area_occupied,bgruening remove c75596eadae1 
2025-04-09 18:25:22,341 - root - INFO - cp_measure_image_intensity,bgruening remove 20525bc7f6f4 
2025-04-09 18:25:22,341 - root - INFO - cp_measure_image_intensity,bgruening remove 2681008d726f 
2025-04-09 18:25:22,341 - root - INFO - cp_measure_image_intensity,bgruening remove 2a404d72850f 
2025-04-09 18:25:22,341 - root - INFO - cp_measure_image_intensity,bgruening remove e87d1fd2d673 
2025-04-09 18:25:22,341 - root - INFO - cp_measure_image_quality,bgruening remove 08a2cf887a44 
2025-04-09 18:25:22,341 - root - INFO - cp_measure_image_quality,bgruening remove 26945c55ddff 
2025-04-09 18:25:22,341 - root - INFO - cp_measure_image_quality,bgruening remove 4dcd464c22ff 
2025-04-09 18:25:22,341 - root - INFO - cp_measure_image_quality,bgruening remove e8a42b438de3 
2025-04-09 18:25:22,341 - root - INFO - cp_measure_object_intensity,bgruening remove 1373b765c8f9 
2025-04-09 18:25:22,341 - root - INFO - cp_measure_object_intensity,bgruening remove 4962d252b2dd 
2025-04-09 18:25:22,341 - root - INFO - cp_measure_object_intensity,bgruening remove ae299f107121 
2025-04-09 18:25:22,341 - root - INFO - cp_measure_object_intensity,bgruening remove b867e9317a06 
2025-04-09 18:25:22,341 - root - INFO - cp_measure_object_size_shape,bgruening remove 5c9549983af8 
2025-04-09 18:25:22,341 - root - INFO - cp_measure_object_size_shape,bgruening remove 5ef26243a4a5 
2025-04-09 18:25:22,341 - root - INFO - cp_measure_object_size_shape,bgruening remove 66408bdb2674 
2025-04-09 18:25:22,341 - root - INFO - cp_measure_object_size_shape,bgruening remove eba2ec72f967 
2025-04-09 18:25:22,341 - root - INFO - cp_measure_texture,bgruening remove 0f751bb492de 
2025-04-09 18:25:22,341 - root - INFO - cp_measure_texture,bgruening remove 51acaef34e47 
2025-04-09 18:25:22,342 - root - INFO - cp_measure_texture,bgruening remove 658a2a451aec 
2025-04-09 18:25:22,342 - root - INFO - cp_measure_texture,bgruening remove 8f3f8c94626f 
2025-04-09 18:25:22,342 - root - INFO - cp_relate_objects,bgruening remove 3a2cfcd7c38a 
2025-04-09 18:25:22,342 - root - INFO - cp_relate_objects,bgruening remove b6f13e783ac5 
2025-04-09 18:25:22,342 - root - INFO - cp_relate_objects,bgruening remove f3f45c42bc36 
2025-04-09 18:25:22,342 - root - INFO - cp_relate_objects,bgruening remove f9969a97f034 
2025-04-09 18:25:22,342 - root - INFO - cp_save_images,bgruening remove 609911f19ab2 
2025-04-09 18:25:22,342 - root - INFO - cp_save_images,bgruening remove 6e0f244acd32 
2025-04-09 18:25:22,342 - root - INFO - cp_save_images,bgruening remove 84c3bd433b96 
2025-04-09 18:25:22,342 - root - INFO - cp_save_images,bgruening remove a45d360ae9d9 
2025-04-09 18:25:22,342 - root - INFO - cp_image_math,bgruening remove 2005f8058036 
2025-04-09 18:25:22,342 - root - INFO - cp_image_math,bgruening remove 6d3851ac885f 
