2025-04-09 18:26:48,239 - root - INFO - dropletutils_read_10x,ebi-gxa remove d62a9aa0411e 
2025-04-09 18:26:48,239 - root - INFO - dropletutils_read_10x,ebi-gxa remove f25f42dc256a 
2025-04-09 18:26:48,239 - root - INFO - dropletutils_empty_drops,ebi-gxa remove 00b41600e1c1 
2025-04-09 18:26:48,239 - root - INFO - dropletutils_empty_drops,ebi-gxa remove da189ce4016b 
2025-04-09 18:26:48,239 - root - INFO - retrieve_scxa,ebi-gxa remove cc21614b6693 
2025-04-09 18:26:48,239 - root - INFO - anndata_ops,ebi-gxa remove 004cd2ccf7fc 
2025-04-09 18:26:48,240 - root - INFO - anndata_ops,ebi-gxa remove 265348777440 
2025-04-09 18:26:48,240 - root - INFO - anndata_ops,ebi-gxa remove 35422e51b804 
2025-04-09 18:26:48,240 - root - INFO - anndata_ops,ebi-gxa remove 98f37271c17c 
2025-04-09 18:26:48,240 - root - INFO - anndata_ops,ebi-gxa remove c09d61ede252 
2025-04-09 18:26:48,240 - root - INFO - anndata_ops,ebi-gxa remove e4bb4666449e 
2025-04-09 18:26:48,240 - root - INFO - scanpy_compute_graph,ebi-gxa remove 087a7edb0995 
2025-04-09 18:26:48,240 - root - INFO - scanpy_compute_graph,ebi-gxa remove 53e6944bd162 
2025-04-09 18:26:48,240 - root - INFO - scanpy_compute_graph,ebi-gxa remove 6b2673e1f4c6 
2025-04-09 18:26:48,240 - root - INFO - scanpy_compute_graph,ebi-gxa remove aada17e5da75 
2025-04-09 18:26:48,240 - root - INFO - scanpy_compute_graph,ebi-gxa remove c7a904e3e09b 
2025-04-09 18:26:48,240 - root - INFO - scanpy_compute_graph,ebi-gxa remove c938bef2ca98 
2025-04-09 18:26:48,240 - root - INFO - scanpy_filter_cells,ebi-gxa remove 26a98de26847 
2025-04-09 18:26:48,240 - root - INFO - scanpy_filter_cells,ebi-gxa remove 3dcc1629e420 
2025-04-09 18:26:48,240 - root - INFO - scanpy_filter_cells,ebi-gxa remove 598f6161a665 
2025-04-09 18:26:48,240 - root - INFO - scanpy_filter_cells,ebi-gxa remove df56c78c5a8e 
2025-04-09 18:26:48,240 - root - INFO - scanpy_filter_cells,ebi-gxa remove e05cafd4e2b2 
2025-04-09 18:26:48,240 - root - INFO - scanpy_filter_genes,ebi-gxa remove 083418c42b90 
2025-04-09 18:26:48,240 - root - INFO - scanpy_filter_genes,ebi-gxa remove 228a51c5bc35 
2025-04-09 18:26:48,240 - root - INFO - scanpy_filter_genes,ebi-gxa remove 303c559f4e1f 
2025-04-09 18:26:48,240 - root - INFO - scanpy_filter_genes,ebi-gxa remove c678f671e151 
2025-04-09 18:26:48,240 - root - INFO - scanpy_filter_genes,ebi-gxa remove da2808112bb4 
2025-04-09 18:26:48,240 - root - INFO - scanpy_find_cluster,ebi-gxa remove 1e820072e8f1 
2025-04-09 18:26:48,240 - root - INFO - scanpy_find_cluster,ebi-gxa remove 455846afcc73 
2025-04-09 18:26:48,240 - root - INFO - scanpy_find_cluster,ebi-gxa remove 5a62843a2b9f 
2025-04-09 18:26:48,240 - root - INFO - scanpy_find_cluster,ebi-gxa remove 62d23f5d38f9 
2025-04-09 18:26:48,240 - root - INFO - scanpy_find_cluster,ebi-gxa remove b531acda966c 
2025-04-09 18:26:48,240 - root - INFO - scanpy_find_cluster,ebi-gxa remove e232ea3fff07 
2025-04-09 18:26:48,240 - root - INFO - scanpy_find_cluster,ebi-gxa remove e4006a341f74 
2025-04-09 18:26:48,240 - root - INFO - scanpy_find_markers,ebi-gxa remove 0d63195a9b9f 
2025-04-09 18:26:48,240 - root - INFO - scanpy_find_markers,ebi-gxa remove 9fe7e2da8fe6 
2025-04-09 18:26:48,240 - root - INFO - scanpy_find_markers,ebi-gxa remove a6a896082cd7 
2025-04-09 18:26:48,240 - root - INFO - scanpy_find_markers,ebi-gxa remove af5e4efa9e66 
2025-04-09 18:26:48,240 - root - INFO - scanpy_find_markers,ebi-gxa remove bfdca1eb4548 
2025-04-09 18:26:48,240 - root - INFO - scanpy_find_markers,ebi-gxa remove c18f446dcfbf 
2025-04-09 18:26:48,240 - root - INFO - scanpy_find_markers,ebi-gxa remove f00adc96e0bf 
2025-04-09 18:26:48,240 - root - INFO - scanpy_find_variable_genes,ebi-gxa remove 144c405d3ca4 
2025-04-09 18:26:48,240 - root - INFO - scanpy_find_variable_genes,ebi-gxa remove 1c59a010bb44 
2025-04-09 18:26:48,240 - root - INFO - scanpy_find_variable_genes,ebi-gxa remove 321f1b073cbc 
2025-04-09 18:26:48,240 - root - INFO - scanpy_find_variable_genes,ebi-gxa remove 5663eb6b965c 
2025-04-09 18:26:48,240 - root - INFO - scanpy_find_variable_genes,ebi-gxa remove 710530217502 
2025-04-09 18:26:48,240 - root - INFO - scanpy_find_variable_genes,ebi-gxa remove 84711701573e 
2025-04-09 18:26:48,240 - root - INFO - scanpy_find_variable_genes,ebi-gxa remove d88a29e2eba6 
2025-04-09 18:26:48,240 - root - INFO - scanpy_normalise_data,ebi-gxa remove 18ce7b88ff5d 
2025-04-09 18:26:48,240 - root - INFO - scanpy_normalise_data,ebi-gxa remove 28ab1cdd0cf5 
2025-04-09 18:26:48,240 - root - INFO - scanpy_normalise_data,ebi-gxa remove 7852b823ad45 
2025-04-09 18:26:48,240 - root - INFO - scanpy_normalise_data,ebi-gxa remove 978bd87a87c2 
2025-04-09 18:26:48,240 - root - INFO - scanpy_normalise_data,ebi-gxa remove a97c37e0309a 
2025-04-09 18:26:48,240 - root - INFO - scanpy_normalise_data,ebi-gxa remove f7322b68cc90 
2025-04-09 18:26:48,240 - root - INFO - scanpy_parameter_iterator,ebi-gxa remove 1a30a61effea 
2025-04-09 18:26:48,240 - root - INFO - scanpy_parameter_iterator,ebi-gxa remove 25e0b1fd2d05 
2025-04-09 18:26:48,240 - root - INFO - scanpy_parameter_iterator,ebi-gxa remove 328e7846309d 
2025-04-09 18:26:48,240 - root - INFO - scanpy_parameter_iterator,ebi-gxa remove 40feaaed47cf 
2025-04-09 18:26:48,240 - root - INFO - scanpy_parameter_iterator,ebi-gxa remove 4bb2ca8e2bd3 
2025-04-09 18:26:48,240 - root - INFO - scanpy_parameter_iterator,ebi-gxa remove 7c4d44c14ceb 
2025-04-09 18:26:48,240 - root - INFO - scanpy_parameter_iterator,ebi-gxa remove 81069608d570 
2025-04-09 18:26:48,240 - root - INFO - scanpy_parameter_iterator,ebi-gxa remove 93680e2ff8f4 
2025-04-09 18:26:48,240 - root - INFO - scanpy_parameter_iterator,ebi-gxa remove 99301e5feddc 
2025-04-09 18:26:48,240 - root - INFO - scanpy_parameter_iterator,ebi-gxa remove 9dbd170bec14 
2025-04-09 18:26:48,240 - root - INFO - scanpy_parameter_iterator,ebi-gxa remove a8c73996ac50 
2025-04-09 18:26:48,240 - root - INFO - scanpy_parameter_iterator,ebi-gxa remove ae4debc68f4a 
2025-04-09 18:26:48,240 - root - INFO - scanpy_parameter_iterator,ebi-gxa remove bdd0e28e16bc 
2025-04-09 18:26:48,240 - root - INFO - scanpy_parameter_iterator,ebi-gxa remove c6d3a3609a8a 
2025-04-09 18:26:48,240 - root - INFO - scanpy_parameter_iterator,ebi-gxa remove ce09dd900257 
2025-04-09 18:26:48,240 - root - INFO - scanpy_parameter_iterator,ebi-gxa remove d4c9061c8fef 
2025-04-09 18:26:48,240 - root - INFO - scanpy_parameter_iterator,ebi-gxa remove d574549f9dee 
2025-04-09 18:26:48,240 - root - INFO - scanpy_parameter_iterator,ebi-gxa remove ec800d531617 
2025-04-09 18:26:48,240 - root - INFO - scanpy_parameter_iterator,ebi-gxa remove f0dd61087af3 
2025-04-09 18:26:48,240 - root - INFO - scanpy_plot_embed,ebi-gxa remove 210026a1a50a 
2025-04-09 18:26:48,240 - root - INFO - scanpy_plot_embed,ebi-gxa remove 278dfcba81fd 
2025-04-09 18:26:48,240 - root - INFO - scanpy_plot_embed,ebi-gxa remove 68e82882a8f9 
2025-04-09 18:26:48,240 - root - INFO - scanpy_plot_embed,ebi-gxa remove 7c601934578b 
2025-04-09 18:26:48,240 - root - INFO - scanpy_plot_embed,ebi-gxa remove f8b5478a9fdf 
2025-04-09 18:26:48,240 - root - INFO - scanpy_plot_trajectory,ebi-gxa remove 0cb36b79741e 
2025-04-09 18:26:48,240 - root - INFO - scanpy_plot_trajectory,ebi-gxa remove 2d00acd70129 
2025-04-09 18:26:48,240 - root - INFO - scanpy_plot_trajectory,ebi-gxa remove 2fe4b4cba312 
2025-04-09 18:26:48,240 - root - INFO - scanpy_plot_trajectory,ebi-gxa remove 8e2fc37c3e0c 
2025-04-09 18:26:48,240 - root - INFO - scanpy_plot_trajectory,ebi-gxa remove e8e54d565c92 
2025-04-09 18:26:48,240 - root - INFO - scanpy_plot_trajectory,ebi-gxa remove eb10fa649a7e 
2025-04-09 18:26:48,240 - root - INFO - scanpy_read_10x,ebi-gxa remove 1b84ae7595ed 
2025-04-09 18:26:48,240 - root - INFO - scanpy_read_10x,ebi-gxa remove 247e401d454f 
2025-04-09 18:26:48,240 - root - INFO - scanpy_read_10x,ebi-gxa remove 3ffd959f55f4 
2025-04-09 18:26:48,240 - root - INFO - scanpy_read_10x,ebi-gxa remove 72cf1c8f5870 
2025-04-09 18:26:48,240 - root - INFO - scanpy_read_10x,ebi-gxa remove b021ae78ccb4 
2025-04-09 18:26:48,240 - root - INFO - scanpy_read_10x,ebi-gxa remove ce87cc7d65ea 
2025-04-09 18:26:48,240 - root - INFO - scanpy_read_10x,ebi-gxa remove cf55e0e462da 
2025-04-09 18:26:48,240 - root - INFO - scanpy_regress_variable,ebi-gxa remove 1ad1d9713563 
2025-04-09 18:26:48,240 - root - INFO - scanpy_regress_variable,ebi-gxa remove 63e18d37228d 
2025-04-09 18:26:48,240 - root - INFO - scanpy_regress_variable,ebi-gxa remove 6acb47a58ac7 
2025-04-09 18:26:48,240 - root - INFO - scanpy_regress_variable,ebi-gxa remove 866ea2391985 
2025-04-09 18:26:48,240 - root - INFO - scanpy_regress_variable,ebi-gxa remove 99c7380fae41 
2025-04-09 18:26:48,240 - root - INFO - scanpy_regress_variable,ebi-gxa remove b8f8890d95e4 
2025-04-09 18:26:48,240 - root - INFO - scanpy_run_diffmap,ebi-gxa remove 0580285b842e 
2025-04-09 18:26:48,240 - root - INFO - scanpy_run_diffmap,ebi-gxa remove 6586bfb21f41 
2025-04-09 18:26:48,240 - root - INFO - scanpy_run_diffmap,ebi-gxa remove 713e94af9d6c 
2025-04-09 18:26:48,240 - root - INFO - scanpy_run_diffmap,ebi-gxa remove 900b3c31fd3a 
2025-04-09 18:26:48,241 - root - INFO - scanpy_run_diffmap,ebi-gxa remove a05d2553484e 
2025-04-09 18:26:48,241 - root - INFO - scanpy_run_diffmap,ebi-gxa remove c869331377bf 
2025-04-09 18:26:48,241 - root - INFO - scanpy_run_dpt,ebi-gxa remove 0e264c40fd06 
2025-04-09 18:26:48,241 - root - INFO - scanpy_run_dpt,ebi-gxa remove 730d098a9f23 
2025-04-09 18:26:48,241 - root - INFO - scanpy_run_dpt,ebi-gxa remove c5a313b4337c 
2025-04-09 18:26:48,241 - root - INFO - scanpy_run_dpt,ebi-gxa remove e82f42730fa1 
2025-04-09 18:26:48,241 - root - INFO - scanpy_run_dpt,ebi-gxa remove ea6bea16d0e2 
2025-04-09 18:26:48,241 - root - INFO - scanpy_run_dpt,ebi-gxa remove eb764ec05bb9 
2025-04-09 18:26:48,241 - root - INFO - scanpy_run_fdg,ebi-gxa remove 14866357fbec 
2025-04-09 18:26:48,241 - root - INFO - scanpy_run_fdg,ebi-gxa remove 2ab5f5682507 
2025-04-09 18:26:48,241 - root - INFO - scanpy_run_fdg,ebi-gxa remove 425f2e046231 
2025-04-09 18:26:48,241 - root - INFO - scanpy_run_fdg,ebi-gxa remove 4c38558f0e7c 
2025-04-09 18:26:48,241 - root - INFO - scanpy_run_fdg,ebi-gxa remove 885681d258b4 
2025-04-09 18:26:48,241 - root - INFO - scanpy_run_fdg,ebi-gxa remove a82c905e2c26 
2025-04-09 18:26:48,241 - root - INFO - scanpy_run_paga,ebi-gxa remove 0488639e0e8a 
2025-04-09 18:26:48,241 - root - INFO - scanpy_run_paga,ebi-gxa remove a12f0d1b0fac 
2025-04-09 18:26:48,241 - root - INFO - scanpy_run_paga,ebi-gxa remove a9e541954c1c 
2025-04-09 18:26:48,241 - root - INFO - scanpy_run_paga,ebi-gxa remove eba43c4d86b9 
2025-04-09 18:26:48,241 - root - INFO - scanpy_run_paga,ebi-gxa remove f6148c49ff8b 
2025-04-09 18:26:48,241 - root - INFO - scanpy_run_paga,ebi-gxa remove fdaf18739b31 
2025-04-09 18:26:48,241 - root - INFO - scanpy_run_pca,ebi-gxa remove 2dd53b944e78 
2025-04-09 18:26:48,241 - root - INFO - scanpy_run_pca,ebi-gxa remove 4a54b92af339 
2025-04-09 18:26:48,241 - root - INFO - scanpy_run_pca,ebi-gxa remove 8b4dae3748d3 
2025-04-09 18:26:48,241 - root - INFO - scanpy_run_pca,ebi-gxa remove da13741428bf 
2025-04-09 18:26:48,241 - root - INFO - scanpy_run_pca,ebi-gxa remove f7ce9ed8a4f3 
2025-04-09 18:26:48,241 - root - INFO - scanpy_run_pca,ebi-gxa remove fe900f147809 
2025-04-09 18:26:48,241 - root - INFO - scanpy_run_tsne,ebi-gxa remove 2c6340dad187 
2025-04-09 18:26:48,241 - root - INFO - scanpy_run_tsne,ebi-gxa remove 3589dfaef3f6 
2025-04-09 18:26:48,241 - root - INFO - scanpy_run_tsne,ebi-gxa remove 5d92e38da1ea 
2025-04-09 18:26:48,241 - root - INFO - scanpy_run_tsne,ebi-gxa remove 9d2b6c6f9e07 
2025-04-09 18:26:48,241 - root - INFO - scanpy_run_tsne,ebi-gxa remove b946c0c60d4c 
2025-04-09 18:26:48,241 - root - INFO - scanpy_run_tsne,ebi-gxa remove d525452f8f2f 
2025-04-09 18:26:48,241 - root - INFO - scanpy_run_tsne,ebi-gxa remove e61ba8b05578 
2025-04-09 18:26:48,241 - root - INFO - scanpy_run_umap,ebi-gxa remove 01750c193a83 
2025-04-09 18:26:48,241 - root - INFO - scanpy_run_umap,ebi-gxa remove 135e8cacb57e 
2025-04-09 18:26:48,241 - root - INFO - scanpy_run_umap,ebi-gxa remove 3a7b97ddf3ff 
2025-04-09 18:26:48,241 - root - INFO - scanpy_run_umap,ebi-gxa remove 676e2964920a 
2025-04-09 18:26:48,241 - root - INFO - scanpy_run_umap,ebi-gxa remove a5731f913326 
2025-04-09 18:26:48,241 - root - INFO - scanpy_run_umap,ebi-gxa remove b282c349bd67 
2025-04-09 18:26:48,241 - root - INFO - scanpy_run_umap,ebi-gxa remove c111d7d04f0b 
2025-04-09 18:26:48,241 - root - INFO - scanpy_scale_data,ebi-gxa remove 1bb1d4419c48 
2025-04-09 18:26:48,241 - root - INFO - scanpy_scale_data,ebi-gxa remove 29a69127061f 
2025-04-09 18:26:48,241 - root - INFO - scanpy_scale_data,ebi-gxa remove 33d809001520 
2025-04-09 18:26:48,241 - root - INFO - scanpy_scale_data,ebi-gxa remove 3a0d4bebabc5 
2025-04-09 18:26:48,241 - root - INFO - scanpy_scale_data,ebi-gxa remove 4c73b070cbff 
2025-04-09 18:26:48,241 - root - INFO - scanpy_scale_data,ebi-gxa remove 796cd21bb304 
2025-04-09 18:26:48,241 - root - INFO - scanpy_scale_data,ebi-gxa remove 87a02d83b6f5 
2025-04-09 18:26:48,241 - root - INFO - scanpy_integrate_combat,ebi-gxa remove 0752a5c8a9da 
2025-04-09 18:26:48,241 - root - INFO - scanpy_integrate_combat,ebi-gxa remove 27c74c83eae5 
2025-04-09 18:26:48,241 - root - INFO - scanpy_integrate_combat,ebi-gxa remove 7322e7583847 
2025-04-09 18:26:48,241 - root - INFO - scanpy_integrate_harmony,ebi-gxa remove 14076b38c3bb 
2025-04-09 18:26:48,241 - root - INFO - scanpy_integrate_harmony,ebi-gxa remove 3f61bf17ca50 
2025-04-09 18:26:48,241 - root - INFO - scanpy_integrate_harmony,ebi-gxa remove 739f68e3cbca 
2025-04-09 18:26:48,241 - root - INFO - scanpy_integrate_mnn,ebi-gxa remove 1504334ef569 
2025-04-09 18:26:48,241 - root - INFO - scanpy_integrate_mnn,ebi-gxa remove b202e078a83f 
2025-04-09 18:26:48,241 - root - INFO - scanpy_integrate_mnn,ebi-gxa remove dc7fa97154f1 
2025-04-09 18:26:48,241 - root - INFO - scanpy_integrate_bbknn,ebi-gxa remove 032d52b00b7c 
2025-04-09 18:26:48,241 - root - INFO - scanpy_integrate_bbknn,ebi-gxa remove 26805c747e15 
2025-04-09 18:26:48,241 - root - INFO - scanpy_integrate_bbknn,ebi-gxa remove 89eef46fce58 
2025-04-09 18:26:48,241 - root - INFO - scanpy_multiplet_scrublet,ebi-gxa remove 2f9517a24c73 
2025-04-09 18:26:48,241 - root - INFO - scanpy_integrate_bbknn,ebi-gxa remove 032d52b00b7c 
2025-04-09 18:26:48,241 - root - INFO - scanpy_integrate_bbknn,ebi-gxa remove 26805c747e15 
2025-04-09 18:26:48,241 - root - INFO - scanpy_integrate_bbknn,ebi-gxa remove 89eef46fce58 
2025-04-09 18:26:48,241 - root - INFO - monocle3_create,ebi-gxa remove 46a523dc303f 
2025-04-09 18:26:48,241 - root - INFO - monocle3_create,ebi-gxa remove 5a4b2fcd04d1 
2025-04-09 18:26:48,241 - root - INFO - monocle3_diffexp,ebi-gxa remove a7d4f80d1265 
2025-04-09 18:26:48,241 - root - INFO - monocle3_diffexp,ebi-gxa remove d333006ef72a 
2025-04-09 18:26:48,241 - root - INFO - monocle3_learngraph,ebi-gxa remove 17e74fba97fd 
2025-04-09 18:26:48,241 - root - INFO - monocle3_learngraph,ebi-gxa remove 6b6b5a6d4021 
2025-04-09 18:26:48,241 - root - INFO - monocle3_learngraph,ebi-gxa remove 8ec85828b6e6 
2025-04-09 18:26:48,241 - root - INFO - monocle3_ordercells,ebi-gxa remove 762c57e35238 
2025-04-09 18:26:48,241 - root - INFO - monocle3_ordercells,ebi-gxa remove a14bd9053e2b 
2025-04-09 18:26:48,241 - root - INFO - monocle3_ordercells,ebi-gxa remove f58c4eb5446d 
2025-04-09 18:26:48,241 - root - INFO - monocle3_partition,ebi-gxa remove 60cedaee808d 
2025-04-09 18:26:48,241 - root - INFO - monocle3_partition,ebi-gxa remove 92ca41fbc123 
2025-04-09 18:26:48,241 - root - INFO - monocle3_partition,ebi-gxa remove b253a59cbb98 
2025-04-09 18:26:48,241 - root - INFO - monocle3_plotcells,ebi-gxa remove ad64e2d368d6 
2025-04-09 18:26:48,241 - root - INFO - monocle3_preprocess,ebi-gxa remove 0276a57983e8 
2025-04-09 18:26:48,241 - root - INFO - monocle3_preprocess,ebi-gxa remove 181ef11cba9d 
2025-04-09 18:26:48,241 - root - INFO - monocle3_preprocess,ebi-gxa remove 273d11a83e42 
2025-04-09 18:26:48,241 - root - INFO - monocle3_reducedim,ebi-gxa remove 82cc10768c74 
2025-04-09 18:26:48,241 - root - INFO - monocle3_reducedim,ebi-gxa remove 89aea3f27ed2 
2025-04-09 18:26:48,241 - root - INFO - monocle3_reducedim,ebi-gxa remove 98f4918eee70 
2025-04-09 18:26:48,241 - root - INFO - monocle3_topmarkers,ebi-gxa remove bc2df96ef963 
2025-04-09 18:26:48,241 - root - INFO - scmap_preprocess_sce,ebi-gxa remove b1bc3cb14097 
2025-04-09 18:26:48,241 - root - INFO - scmap_index_cell,ebi-gxa remove d9f79a39b39d 
2025-04-09 18:26:48,241 - root - INFO - scmap_index_cell,ebi-gxa remove dd2a84734b87 
2025-04-09 18:26:48,241 - root - INFO - scmap_index_cluster,ebi-gxa remove 314f21a351ea 
2025-04-09 18:26:48,241 - root - INFO - scmap_index_cluster,ebi-gxa remove 63f1a27dce34 
2025-04-09 18:26:48,241 - root - INFO - scmap_scmap_cell,ebi-gxa remove 2b85cec412c3 
2025-04-09 18:26:48,241 - root - INFO - scmap_scmap_cell,ebi-gxa remove 65b719530dd5 
2025-04-09 18:26:48,241 - root - INFO - scmap_scmap_cell,ebi-gxa remove f8921da94342 
2025-04-09 18:26:48,241 - root - INFO - scmap_scmap_cluster,ebi-gxa remove 037b0e7a7606 
2025-04-09 18:26:48,241 - root - INFO - scmap_scmap_cluster,ebi-gxa remove 0a1dabbae5fa 
2025-04-09 18:26:48,241 - root - INFO - scmap_scmap_cluster,ebi-gxa remove 97922339644a 
2025-04-09 18:26:48,241 - root - INFO - scmap_select_features,ebi-gxa remove 3e22b96ba4fb 
2025-04-09 18:26:48,241 - root - INFO - scmap_select_features,ebi-gxa remove 91f29745bda6 
2025-04-09 18:26:48,241 - root - INFO - scmap_select_features,ebi-gxa remove d0d9c3dfd609 
2025-04-09 18:26:48,241 - root - INFO - scmap_get_std_output,ebi-gxa remove 601a933714f1 
2025-04-09 18:26:48,242 - root - INFO - text_processing,bgruening remove fb4ff3c42cd3 
2025-04-09 18:26:48,242 - root - INFO - umi_tools_count,iuc remove 276b4111b253 
2025-04-09 18:26:48,242 - root - INFO - umi_tools_count,iuc remove 437d5c72f2e3 
2025-04-09 18:26:48,242 - root - INFO - umi_tools_count,iuc remove 933220bbc2ae 
2025-04-09 18:26:48,242 - root - INFO - decoupler_pseudobulk,ebi-gxa remove 130e25d3ce92 
2025-04-09 18:26:48,242 - root - INFO - decoupler_pseudobulk,ebi-gxa remove 4fa5f370599f 
2025-04-09 18:26:48,242 - root - INFO - decoupler_pseudobulk,ebi-gxa remove 893ff9213a34 
2025-04-09 18:26:48,242 - root - INFO - decoupler_pseudobulk,ebi-gxa remove ef054892d47f 
2025-04-09 18:26:48,242 - root - INFO - decoupler_pseudobulk,ebi-gxa remove f321c60167d4 
