2025-04-09 18:27:18,965 - root - INFO - pyprophet_export,galaxyp remove 2bc6bbf651b9 
2025-04-09 18:27:18,966 - root - INFO - pyprophet_export,galaxyp remove bd693a71a50b 
2025-04-09 18:27:18,966 - root - INFO - pyprophet_subsample,galaxyp remove 2e9d5337885e 
2025-04-09 18:27:18,966 - root - INFO - pyprophet_subsample,galaxyp remove 973e601622a1 
2025-04-09 18:27:18,966 - root - INFO - pyprophet_protein,galaxyp remove 741138de814c 
2025-04-09 18:27:18,966 - root - INFO - pyprophet_protein,galaxyp remove 931376727480 
2025-04-09 18:27:18,966 - root - INFO - pyprophet_peptide,galaxyp remove 0477424813de 
2025-04-09 18:27:18,966 - root - INFO - pyprophet_peptide,galaxyp remove 56f6a3d1080a 
2025-04-09 18:27:18,966 - root - INFO - pyprophet_peptide,galaxyp remove 611120fd1717 
2025-04-09 18:27:18,966 - root - INFO - pyprophet_merge,galaxyp remove 3496653f2ec6 
2025-04-09 18:27:18,966 - root - INFO - pyprophet_merge,galaxyp remove 73736112135d 
2025-04-09 18:27:18,966 - root - INFO - msstatstmt,galaxyp remove 8375a0035d79 
2025-04-09 18:27:18,966 - root - INFO - msstatstmt,galaxyp remove fd3dc69b78ff 
2025-04-09 18:27:18,966 - root - INFO - msstats,galaxyp remove 3e2606fa85bf 
2025-04-09 18:27:18,966 - root - INFO - msstats,galaxyp remove b7034eff0db1 
2025-04-09 18:27:18,966 - root - INFO - unipept,galaxyp remove 7863f1abcdda 
2025-04-09 18:27:18,966 - root - INFO - unipept,galaxyp remove 917fd3ebc223 
2025-04-09 18:27:18,966 - root - INFO - thermo_raw_file_converter,galaxyp remove 77a18a61aeed 
2025-04-09 18:27:18,966 - root - INFO - msconvert,galaxyp remove 9b61227976d6 
2025-04-09 18:27:18,966 - root - INFO - msconvert,galaxyp remove cc5ccfa8ee28 
2025-04-09 18:27:18,966 - root - INFO - fasta_merge_files_and_filter_unique_sequences,galaxyp remove 650d553c1fda 
2025-04-09 18:27:18,966 - root - INFO - maxquant,galaxyp remove 74f5d355d156 
2025-04-09 18:27:18,966 - root - INFO - maxquant,galaxyp remove 8934bc76bb52 
2025-04-09 18:27:18,966 - root - INFO - maxquant,galaxyp remove 8bac3cc5c5de 
2025-04-09 18:27:18,966 - root - INFO - maxquant,galaxyp remove ea0a1d50c83f 
2025-04-09 18:27:18,966 - root - INFO - maxquant_mqpar,galaxyp remove 256cc0e17454 
2025-04-09 18:27:18,966 - root - INFO - maxquant_mqpar,galaxyp remove 26693e21c3c8 
2025-04-09 18:27:18,966 - root - INFO - maxquant_mqpar,galaxyp remove 2d67fb758956 
2025-04-09 18:27:18,966 - root - INFO - peptideshaker,galaxyp remove d67a3c1bfd09 
2025-04-09 18:27:18,966 - root - INFO - hardklor,galaxyp remove 539f157784e7 
2025-04-09 18:27:18,966 - root - INFO - msgfplus,galaxyp remove ee56530a559f 
2025-04-09 18:27:18,966 - root - INFO - cardinal_single_ion_segmentation,galaxyp remove 4cb6c83d3777 
2025-04-09 18:27:18,966 - root - INFO - cardinal_colocalization,galaxyp remove d3ca64dafdef 
2025-04-09 18:27:18,966 - root - INFO - cardinal_filtering,galaxyp remove 0c4579390f73 
2025-04-09 18:27:18,966 - root - INFO - cardinal_filtering,galaxyp remove 105056844497 
2025-04-09 18:27:18,966 - root - INFO - cardinal_filtering,galaxyp remove 1990986966c1 
2025-04-09 18:27:18,966 - root - INFO - cardinal_filtering,galaxyp remove 1d4a6fe69a40 
2025-04-09 18:27:18,966 - root - INFO - cardinal_filtering,galaxyp remove 2aefa66e48e5 
2025-04-09 18:27:18,966 - root - INFO - cardinal_filtering,galaxyp remove 58376f5a6319 
2025-04-09 18:27:18,966 - root - INFO - cardinal_filtering,galaxyp remove a4475567dd22 
2025-04-09 18:27:18,966 - root - INFO - cardinal_filtering,galaxyp remove d2ccd8348018 
2025-04-09 18:27:18,966 - root - INFO - cardinal_filtering,galaxyp remove e92efed83208 
2025-04-09 18:27:18,966 - root - INFO - cardinal_segmentations,galaxyp remove 0159b15b1281 
2025-04-09 18:27:18,966 - root - INFO - cardinal_segmentations,galaxyp remove 034885df9b09 
2025-04-09 18:27:18,966 - root - INFO - cardinal_segmentations,galaxyp remove 2da46f180f35 
2025-04-09 18:27:18,966 - root - INFO - cardinal_segmentations,galaxyp remove 4a2ac25d1063 
2025-04-09 18:27:18,966 - root - INFO - cardinal_segmentations,galaxyp remove 5279bc051339 
2025-04-09 18:27:18,966 - root - INFO - cardinal_segmentations,galaxyp remove 653ad2b367f2 
2025-04-09 18:27:18,966 - root - INFO - cardinal_segmentations,galaxyp remove 9f7d1ec01767 
2025-04-09 18:27:18,966 - root - INFO - cardinal_segmentations,galaxyp remove b16b64ca7b7c 
2025-04-09 18:27:18,966 - root - INFO - cardinal_segmentations,galaxyp remove f4fcd7c81b5b 
2025-04-09 18:27:18,966 - root - INFO - cardinal_data_exporter,galaxyp remove 137bfc63e758 
2025-04-09 18:27:18,966 - root - INFO - cardinal_data_exporter,galaxyp remove 28ba52c9548c 
2025-04-09 18:27:18,966 - root - INFO - cardinal_data_exporter,galaxyp remove 350a84ea795c 
2025-04-09 18:27:18,966 - root - INFO - cardinal_data_exporter,galaxyp remove 90d2e00e1304 
2025-04-09 18:27:18,966 - root - INFO - cardinal_data_exporter,galaxyp remove a5d09f2daf71 
2025-04-09 18:27:18,966 - root - INFO - cardinal_data_exporter,galaxyp remove b6a4dd06cde0 
2025-04-09 18:27:18,966 - root - INFO - cardinal_data_exporter,galaxyp remove be5d1c3c51e5 
2025-04-09 18:27:18,966 - root - INFO - cardinal_data_exporter,galaxyp remove e30d8b72415f 
2025-04-09 18:27:18,966 - root - INFO - cardinal_data_exporter,galaxyp remove e521b5767819 
2025-04-09 18:27:18,966 - root - INFO - cardinal_data_exporter,galaxyp remove f2d98f110420 
2025-04-09 18:27:18,966 - root - INFO - cardinal_classification,galaxyp remove 2308bd817e3e 
2025-04-09 18:27:18,966 - root - INFO - cardinal_classification,galaxyp remove 24c000517173 
2025-04-09 18:27:18,966 - root - INFO - cardinal_classification,galaxyp remove 3f4cb76b0c5f 
2025-04-09 18:27:18,966 - root - INFO - cardinal_classification,galaxyp remove 42f6e30b00f2 
2025-04-09 18:27:18,966 - root - INFO - cardinal_classification,galaxyp remove 47fc5b518ffc 
2025-04-09 18:27:18,966 - root - INFO - cardinal_classification,galaxyp remove 8337ff96a54b 
2025-04-09 18:27:18,966 - root - INFO - cardinal_classification,galaxyp remove cbc7e53518ce 
2025-04-09 18:27:18,966 - root - INFO - cardinal_classification,galaxyp remove eddc2ae2db80 
2025-04-09 18:27:18,966 - root - INFO - cardinal_mz_images,galaxyp remove 08ebd8da780c 
2025-04-09 18:27:18,966 - root - INFO - cardinal_mz_images,galaxyp remove 27a4c660bbca 
2025-04-09 18:27:18,966 - root - INFO - cardinal_mz_images,galaxyp remove 4a05e47cd0ea 
2025-04-09 18:27:18,966 - root - INFO - cardinal_mz_images,galaxyp remove 5629069fca8f 
2025-04-09 18:27:18,966 - root - INFO - cardinal_mz_images,galaxyp remove 56b3b7d5f2b5 
2025-04-09 18:27:18,966 - root - INFO - cardinal_mz_images,galaxyp remove 5e6f8fb2df07 
2025-04-09 18:27:18,966 - root - INFO - cardinal_mz_images,galaxyp remove 773a24b240e1 
2025-04-09 18:27:18,966 - root - INFO - cardinal_mz_images,galaxyp remove 7828af552085 
2025-04-09 18:27:18,966 - root - INFO - cardinal_mz_images,galaxyp remove c4df3005e04d 
2025-04-09 18:27:18,966 - root - INFO - cardinal_quality_report,galaxyp remove 19f68d9ae773 
2025-04-09 18:27:18,966 - root - INFO - cardinal_quality_report,galaxyp remove 23d0394b5908 
2025-04-09 18:27:18,966 - root - INFO - cardinal_quality_report,galaxyp remove d4803c1e5e19 
2025-04-09 18:27:18,966 - root - INFO - cardinal_quality_report,galaxyp remove ecaebe7c7b54 
2025-04-09 18:27:18,966 - root - INFO - cardinal_quality_report,galaxyp remove f0d1f3e97303 
2025-04-09 18:27:18,966 - root - INFO - cardinal_quality_report,galaxyp remove f365bad862c9 
2025-04-09 18:27:18,966 - root - INFO - cardinal_quality_report,galaxyp remove fde8ba3a0766 
2025-04-09 18:27:18,966 - root - INFO - cardinal_preprocessing,galaxyp remove 141a9288be9c 
2025-04-09 18:27:18,967 - root - INFO - cardinal_preprocessing,galaxyp remove 1b875f0b8024 
2025-04-09 18:27:18,967 - root - INFO - cardinal_preprocessing,galaxyp remove accf9fb6ea01 
2025-04-09 18:27:18,967 - root - INFO - cardinal_preprocessing,galaxyp remove ca727a6dede6 
2025-04-09 18:27:18,967 - root - INFO - cardinal_preprocessing,galaxyp remove e86a8be551b9 
2025-04-09 18:27:18,967 - root - INFO - cardinal_spectra_plots,galaxyp remove 0b7e00e5b9d2 
2025-04-09 18:27:18,967 - root - INFO - cardinal_spectra_plots,galaxyp remove 12dde78d554b 
2025-04-09 18:27:18,967 - root - INFO - cardinal_spectra_plots,galaxyp remove 3642ed221eb2 
2025-04-09 18:27:18,967 - root - INFO - cardinal_spectra_plots,galaxyp remove 64ea4507e0bd 
2025-04-09 18:27:18,967 - root - INFO - cardinal_spectra_plots,galaxyp remove 9b6b86e771c2 
2025-04-09 18:27:18,967 - root - INFO - cardinal_spectra_plots,galaxyp remove d333733dd571 
2025-04-09 18:27:18,967 - root - INFO - cardinal_spectra_plots,galaxyp remove f17b01ec5c22 
2025-04-09 18:27:18,967 - root - INFO - cardinal_spectra_plots,galaxyp remove fdbf4de09a91 
2025-04-09 18:27:18,967 - root - INFO - cardinal_combine,galaxyp remove 129cddd02600 
2025-04-09 18:27:18,967 - root - INFO - cardinal_combine,galaxyp remove 2b1868ab3724 
2025-04-09 18:27:18,967 - root - INFO - cardinal_combine,galaxyp remove 5f066029763e 
2025-04-09 18:27:18,967 - root - INFO - cardinal_combine,galaxyp remove 7cd9208028bf 
2025-04-09 18:27:18,967 - root - INFO - cardinal_combine,galaxyp remove 7e18fcb92a6a 
2025-04-09 18:27:18,967 - root - INFO - cardinal_combine,galaxyp remove a8ecb52264c4 
2025-04-09 18:27:18,967 - root - INFO - cardinal_combine,galaxyp remove aad328eb6c0f 
2025-04-09 18:27:18,967 - root - INFO - cardinal_combine,galaxyp remove c3eb5cd37ebe 
2025-04-09 18:27:18,967 - root - INFO - megahit_contig2fastg,iuc remove b910d0cbc00b 
2025-04-09 18:27:18,967 - root - INFO - megahit_contig2fastg,iuc remove ed22349139ee 
2025-04-09 18:27:18,967 - root - INFO - eggnog_mapper,galaxyp remove 96cac424c870 
2025-04-09 18:27:18,967 - root - INFO - eggnog_mapper,galaxyp remove a37df6f6b869 
2025-04-09 18:27:18,967 - root - INFO - myrimatch,galaxyp remove a039a8d4c7e0 
2025-04-09 18:27:18,967 - root - INFO - gffcompare_to_bed,galaxyp remove 9a4cfc910674 
2025-04-09 18:27:18,967 - root - INFO - mz_to_sqlite,galaxyp remove 8190f6083c0d 
2025-04-09 18:27:18,967 - root - INFO - metaquantome_db,galaxyp remove 860429737408 
2025-04-09 18:27:18,967 - root - INFO - metaquantome_expand,galaxyp remove 4187b6df1a40 
2025-04-09 18:27:18,967 - root - INFO - metaquantome_filter,galaxyp remove a1daafbf5233 
2025-04-09 18:27:18,967 - root - INFO - metaquantome_sample,galaxyp remove 40ca115438d2 
2025-04-09 18:27:18,967 - root - INFO - metaquantome_stat,galaxyp remove b648e45fd3cf 
2025-04-09 18:27:18,967 - root - INFO - metaquantome_viz,galaxyp remove eb811f3018ea 
2025-04-09 18:27:18,967 - root - INFO - maxbin2,mbernt remove cfd50144a871 
2025-04-09 18:27:18,967 - root - INFO - mt2mq,galaxyp remove 9c8e7137d331 
2025-04-09 18:27:18,967 - root - INFO - openms_rnadigestor,galaxyp remove 3e7d3f64392b 
2025-04-09 18:27:18,967 - root - INFO - openms_rnadigestor,galaxyp remove 88969677ae51 
2025-04-09 18:27:18,967 - root - INFO - openms_spectrafilterbernnorm,galaxyp remove ac9a76f39deb 
2025-04-09 18:27:18,967 - root - INFO - openms_spectrafilterbernnorm,galaxyp remove ec9c04b05fa2 
2025-04-09 18:27:18,967 - root - INFO - openms_nucleicacidsearchengine,galaxyp remove 00b91aaec050 
2025-04-09 18:27:18,967 - root - INFO - openms_nucleicacidsearchengine,galaxyp remove fe6eddc2e756 
2025-04-09 18:27:18,967 - root - INFO - openms_idfilter,galaxyp remove 406612b1a8f1 
2025-04-09 18:27:18,967 - root - INFO - openms_idfilter,galaxyp remove a050a685eea1 
2025-04-09 18:27:18,967 - root - INFO - openms_ticcalculator,galaxyp remove 32667824b653 
2025-04-09 18:27:18,967 - root - INFO - openms_ticcalculator,galaxyp remove ed6c05e730de 
2025-04-09 18:27:18,967 - root - INFO - openms_spectrafilterparentpeakmower,galaxyp remove 75492ef0bff5 
2025-04-09 18:27:18,967 - root - INFO - openms_spectrafilterparentpeakmower,galaxyp remove e60558a87656 
2025-04-09 18:27:18,967 - root - INFO - openms_featurefindersuperhirn,galaxyp remove 6b6f5338c01c 
2025-04-09 18:27:18,967 - root - INFO - openms_featurefindersuperhirn,galaxyp remove c42075bb5123 
2025-04-09 18:27:18,967 - root - INFO - openms_featurefindercentroided,galaxyp remove 6eda2adf7613 
2025-04-09 18:27:18,967 - root - INFO - openms_featurefindercentroided,galaxyp remove b57f420a47b9 
2025-04-09 18:27:18,967 - root - INFO - openms_precursorionselector,galaxyp remove fa7a58de2977 
2025-04-09 18:27:18,967 - root - INFO - openms_precursorionselector,galaxyp remove faac17171cc2 
2025-04-09 18:27:18,967 - root - INFO - openms_maraclusteradapter,galaxyp remove 2be8c63444db 
2025-04-09 18:27:18,967 - root - INFO - openms_maraclusteradapter,galaxyp remove c1f58afbc706 
2025-04-09 18:27:18,967 - root - INFO - openms_labeledeval,galaxyp remove 01d8dbc6ccf7 
2025-04-09 18:27:18,967 - root - INFO - openms_labeledeval,galaxyp remove 6af4a3054890 
2025-04-09 18:27:18,967 - root - INFO - openms_semanticvalidator,galaxyp remove 702ed84d9f4c 
2025-04-09 18:27:18,967 - root - INFO - openms_semanticvalidator,galaxyp remove b60c5420dac6 
2025-04-09 18:27:18,967 - root - INFO - openms_mascotadapteronline,galaxyp remove 92476035066d 
2025-04-09 18:27:18,967 - root - INFO - openms_mascotadapteronline,galaxyp remove a90f253da067 
2025-04-09 18:27:18,967 - root - INFO - openms_msgfplusadapter,galaxyp remove e3310bcd96d7 
2025-04-09 18:27:18,967 - root - INFO - openms_idripper,galaxyp remove b017e7bd2316 
2025-04-09 18:27:18,967 - root - INFO - openms_idripper,galaxyp remove b50cc9d1d1a9 
2025-04-09 18:27:18,967 - root - INFO - openms_proteininference,galaxyp remove 7951e3db2efd 
2025-04-09 18:27:18,967 - root - INFO - openms_proteininference,galaxyp remove e18096659b38 
2025-04-09 18:27:18,967 - root - INFO - openms_ptmodel,galaxyp remove 039029f54c89 
2025-04-09 18:27:18,967 - root - INFO - openms_ptmodel,galaxyp remove b6db68398c9e 
2025-04-09 18:27:18,967 - root - INFO - openms_spectramerger,galaxyp remove bf529c279902 
2025-04-09 18:27:18,967 - root - INFO - openms_spectramerger,galaxyp remove e08b7d2880f4 
2025-04-09 18:27:18,967 - root - INFO - openms_spectrafilterthresholdmower,galaxyp remove dd4ae875c004 
2025-04-09 18:27:18,967 - root - INFO - openms_spectrafilterthresholdmower,galaxyp remove e9ec21114394 
2025-04-09 18:27:18,967 - root - INFO - openms_spectrafilternlargest,galaxyp remove 05a7ffa3f655 
2025-04-09 18:27:18,967 - root - INFO - openms_spectrafilternlargest,galaxyp remove 94e8fba2995e 
2025-04-09 18:27:18,967 - root - INFO - openms_psmfeatureextractor,galaxyp remove 151e4b119c70 
2025-04-09 18:27:18,967 - root - INFO - openms_psmfeatureextractor,galaxyp remove 8d4b175e06b5 
2025-04-09 18:27:18,967 - root - INFO - openms_mzmlsplitter,galaxyp remove 5aabc469cce0 
2025-04-09 18:27:18,967 - root - INFO - openms_fuzzydiff,galaxyp remove ed9a839cbbda 
2025-04-09 18:27:18,967 - root - INFO - openms_proteinquantifier,galaxyp remove bb1e75938909 
2025-04-09 18:27:18,967 - root - INFO - openms_metaprosip,galaxyp remove 73c1493ac4c2 
2025-04-09 18:27:18,967 - root - INFO - openms_metaprosip,galaxyp remove c18e6eb07aa9 
2025-04-09 18:27:18,967 - root - INFO - openms_dtaextractor,galaxyp remove d8b1ec05fbd7 
2025-04-09 18:27:18,967 - root - INFO - openms_dtaextractor,galaxyp remove e31fe5424cbe 
2025-04-09 18:27:18,967 - root - INFO - openms_maprttransformer,galaxyp remove 88ac532206c7 
2025-04-09 18:27:18,967 - root - INFO - openms_maprttransformer,galaxyp remove fd6de4cdb9e9 
2025-04-09 18:27:18,967 - root - INFO - openms_peptideindexer,galaxyp remove c4a73c6a8dca 
2025-04-09 18:27:18,967 - root - INFO - openms_peptideindexer,galaxyp remove d8ee5700c66b 
2025-04-09 18:27:18,967 - root - INFO - openms_digestor,galaxyp remove 4827e132ac53 
2025-04-09 18:27:18,967 - root - INFO - openms_digestor,galaxyp remove 7af5860ae563 
2025-04-09 18:27:18,967 - root - INFO - openms_masstraceextractor,galaxyp remove d7e537b28220 
2025-04-09 18:27:18,967 - root - INFO - openms_internalcalibration,galaxyp remove 4682dcff7e2f 
2025-04-09 18:27:18,967 - root - INFO - openms_internalcalibration,galaxyp remove 6c58aa0ed5c1 
2025-04-09 18:27:18,967 - root - INFO - openms_spectrafilternormalizer,galaxyp remove 8904d228594a 
2025-04-09 18:27:18,967 - root - INFO - openms_spectrafilternormalizer,galaxyp remove d736764156d9 
2025-04-09 18:27:18,967 - root - INFO - openms_qcexporter,galaxyp remove 7e8a254ef96d 
2025-04-09 18:27:18,967 - root - INFO - openms_qcexporter,galaxyp remove adf7f5301284 
2025-04-09 18:27:18,968 - root - INFO - openms_rtevaluation,galaxyp remove 0cf2a9047a17 
2025-04-09 18:27:18,968 - root - INFO - openms_rtevaluation,galaxyp remove b08e0ac606a4 
2025-04-09 18:27:18,968 - root - INFO - openms_metabolitespectralmatcher,galaxyp remove 7b5df538705e 
2025-04-09 18:27:18,968 - root - INFO - openms_metabolitespectralmatcher,galaxyp remove d8503d5dd2ba 
2025-04-09 18:27:18,968 - root - INFO - openms_idmerger,galaxyp remove 64dbb1eb0048 
2025-04-09 18:27:18,968 - root - INFO - openms_idmerger,galaxyp remove 978de6b97ca8 
2025-04-09 18:27:18,968 - root - INFO - openms_mrmtransitiongrouppicker,galaxyp remove a9000c129043 
2025-04-09 18:27:18,968 - root - INFO - openms_mrmtransitiongrouppicker,galaxyp remove cf352aac62b4 
2025-04-09 18:27:18,968 - root - INFO - openms_qcmerger,galaxyp remove 786873b9c3e3 
2025-04-09 18:27:18,968 - root - INFO - openms_featurelinkerlabeled,galaxyp remove a33857ab19d0 
2025-04-09 18:27:18,968 - root - INFO - openms_featurelinkerlabeled,galaxyp remove fc56e75d8b14 
2025-04-09 18:27:18,968 - root - INFO - openms_xtandemadapter,galaxyp remove 1add9bacdccd 
2025-04-09 18:27:18,968 - root - INFO - openms_xtandemadapter,galaxyp remove 9e16ba5b88e8 
2025-04-09 18:27:18,968 - root - INFO - openms_spectrafilterwindowmower,galaxyp remove 45207485f1f1 
2025-04-09 18:27:18,968 - root - INFO - openms_spectrafilterwindowmower,galaxyp remove b010de2e4641 
2025-04-09 18:27:18,968 - root - INFO - openms_pepnovoadapter,galaxyp remove 3bfc9aba4809 
2025-04-09 18:27:18,968 - root - INFO - openms_pepnovoadapter,galaxyp remove ae0d71611437 
2025-04-09 18:27:18,968 - root - INFO - openms_idsplitter,galaxyp remove 629b818f162c 
2025-04-09 18:27:18,968 - root - INFO - openms_idsplitter,galaxyp remove de2d6f629cea 
2025-04-09 18:27:18,968 - root - INFO - openms_openswathassaygenerator,galaxyp remove 5848492bfc5a 
2025-04-09 18:27:18,968 - root - INFO - openms_openswathassaygenerator,galaxyp remove a41cd777ced9 
2025-04-09 18:27:18,968 - root - INFO - openms_sequencecoveragecalculator,galaxyp remove 01e5bd3ad317 
2025-04-09 18:27:18,968 - root - INFO - openms_sequencecoveragecalculator,galaxyp remove 7cfb36b97c87 
2025-04-09 18:27:18,968 - root - INFO - openms_idconflictresolver,galaxyp remove 79a706245fd3 
2025-04-09 18:27:18,968 - root - INFO - openms_idconflictresolver,galaxyp remove fb0e6f70a1df 
2025-04-09 18:27:18,968 - root - INFO - openms_peakpickerwavelet,galaxyp remove 341af0b11af9 
2025-04-09 18:27:18,968 - root - INFO - openms_peakpickerwavelet,galaxyp remove bf3353f27d33 
2025-04-09 18:27:18,968 - root - INFO - openms_peakpickeriterative,galaxyp remove 0c37d0660a6b 
2025-04-09 18:27:18,968 - root - INFO - openms_decharger,galaxyp remove 62cce3757d5b 
2025-04-09 18:27:18,968 - root - INFO - openms_decharger,galaxyp remove 95bf997c9cf5 
2025-04-09 18:27:18,968 - root - INFO - openms_compnovocid,galaxyp remove 4e5e5257f296 
2025-04-09 18:27:18,968 - root - INFO - openms_compnovocid,galaxyp remove ea09480c5d8f 
2025-04-09 18:27:18,968 - root - INFO - openms_fileconverter,galaxyp remove 62e19948b50f 
2025-04-09 18:27:18,968 - root - INFO - openms_fileconverter,galaxyp remove f2388622d581 
2025-04-09 18:27:18,968 - root - INFO - openms_masscalculator,galaxyp remove 65c6e741ddf3 
2025-04-09 18:27:18,968 - root - INFO - openms_masscalculator,galaxyp remove ff18cb79cdd2 
2025-04-09 18:27:18,968 - root - INFO - openms_openswathworkflow,galaxyp remove 3967f7cf35b9 
2025-04-09 18:27:18,968 - root - INFO - openms_openswathworkflow,galaxyp remove 48e2d8b51c8a 
2025-04-09 18:27:18,968 - root - INFO - openms_mapalignerposeclustering,galaxyp remove d17db97d139f 
2025-04-09 18:27:18,968 - root - INFO - openms_mapalignerposeclustering,galaxyp remove e237cb433a92 
2025-04-09 18:27:18,968 - root - INFO - openms_qcembedder,galaxyp remove 254e748f243a 
2025-04-09 18:27:18,968 - root - INFO - openms_qcembedder,galaxyp remove 2c6f5858e89a 
2025-04-09 18:27:18,968 - root - INFO - openms_epifany,galaxyp remove 03e13b23a78b 
2025-04-09 18:27:18,968 - root - INFO - openms_epifany,galaxyp remove 16cdef222ea2 
2025-04-09 18:27:18,968 - root - INFO - openms_idrtcalibration,galaxyp remove 28805cf9b024 
2025-04-09 18:27:18,968 - root - INFO - openms_idrtcalibration,galaxyp remove 8bd1fe67a9b1 
2025-04-09 18:27:18,968 - root - INFO - openms_msfraggeradapter,galaxyp remove 52a0856534d9 
2025-04-09 18:27:18,968 - root - INFO - openms_msfraggeradapter,galaxyp remove 6bcc338b9dc6 
2025-04-09 18:27:18,968 - root - INFO - openms_mapaligneridentification,galaxyp remove 992bb7e5bf8d 
2025-04-09 18:27:18,968 - root - INFO - openms_mapaligneridentification,galaxyp remove bf50f9eb1dcb 
2025-04-09 18:27:18,968 - root - INFO - openms_siriusadapter,galaxyp remove 01731de4b735 
2025-04-09 18:27:18,968 - root - INFO - openms_siriusadapter,galaxyp remove ac6f09817679 
2025-04-09 18:27:18,968 - root - INFO - openms_qccalculator,galaxyp remove 044adca691a7 
2025-04-09 18:27:18,968 - root - INFO - openms_qccalculator,galaxyp remove 8bcc0d2ad96e 
2025-04-09 18:27:18,968 - root - INFO - openms_phosphoscoring,galaxyp remove 4c583fde2a28 
2025-04-09 18:27:18,968 - root - INFO - openms_phosphoscoring,galaxyp remove c04ff2777ed2 
2025-04-09 18:27:18,968 - root - INFO - openms_featurelinkerunlabeled,galaxyp remove 6b88274392ce 
2025-04-09 18:27:18,968 - root - INFO - openms_featurelinkerunlabeled,galaxyp remove a6e006df7659 
2025-04-09 18:27:18,968 - root - INFO - openms_filefilter,galaxyp remove acf2b5b25c75 
2025-04-09 18:27:18,968 - root - INFO - openms_filefilter,galaxyp remove c8c4aa72a49d 
2025-04-09 18:27:18,968 - root - INFO - openms_featurefindermetabo,galaxyp remove 00080bb4299e 
2025-04-09 18:27:18,968 - root - INFO - openms_featurefindermetabo,galaxyp remove 21dc135961b5 
2025-04-09 18:27:18,968 - root - INFO - openms_featurefindermultiplex,galaxyp remove 3098bea02bd8 
2025-04-09 18:27:18,968 - root - INFO - openms_featurefindermultiplex,galaxyp remove 5e5771b511a3 
2025-04-09 18:27:18,968 - root - INFO - openms_spectrafilterscaler,galaxyp remove daae178002c3 
2025-04-09 18:27:18,968 - root - INFO - openms_spectrafilterscaler,galaxyp remove e27862d4e69f 
2025-04-09 18:27:18,968 - root - INFO - openms_mssimulator,galaxyp remove 04228172e123 
2025-04-09 18:27:18,968 - root - INFO - openms_mssimulator,galaxyp remove 98bb49e7b5ba 
2025-04-09 18:27:18,968 - root - INFO - openms_featurelinkerunlabeledkd,galaxyp remove 2570414d1fd9 
2025-04-09 18:27:18,968 - root - INFO - openms_featurelinkerunlabeledkd,galaxyp remove 7a9d97cfe93c 
2025-04-09 18:27:18,968 - root - INFO - openms_proteinresolver,galaxyp remove 814d6f4706e3 
2025-04-09 18:27:18,968 - root - INFO - openms_proteinresolver,galaxyp remove 95f90fab5ce8 
2025-04-09 18:27:18,968 - root - INFO - openms_isobaricanalyzer,galaxyp remove 57a06b90bb00 
2025-04-09 18:27:18,968 - root - INFO - openms_isobaricanalyzer,galaxyp remove d52e76ea2c11 
2025-04-09 18:27:18,968 - root - INFO - openms_filemerger,galaxyp remove 8b871a67ba56 
2025-04-09 18:27:18,968 - root - INFO - openms_qcextractor,galaxyp remove 7468a1c8ca6e 
2025-04-09 18:27:18,968 - root - INFO - openms_qcextractor,galaxyp remove ef970936ce43 
2025-04-09 18:27:18,968 - root - INFO - openms_fileinfo,galaxyp remove 98f171dab07c 
2025-04-09 18:27:18,968 - root - INFO - openms_fileinfo,galaxyp remove e8dce5e07fa5 
2025-04-09 18:27:18,968 - root - INFO - openms_spectrastsearchadapter,galaxyp remove 27ddea86fe90 
2025-04-09 18:27:18,968 - root - INFO - openms_spectrastsearchadapter,galaxyp remove 28e96ae21a44 
2025-04-09 18:27:18,968 - root - INFO - openms_seedlistgenerator,galaxyp remove bff2e0548994 
2025-04-09 18:27:18,968 - root - INFO - openms_seedlistgenerator,galaxyp remove f840d8e8099a 
2025-04-09 18:27:18,968 - root - INFO - openms_mapalignertreeguided,galaxyp remove 25c08f95cdf4 
2025-04-09 18:27:18,968 - root - INFO - openms_mapalignertreeguided,galaxyp remove 759648882c3c 
2025-04-09 18:27:18,968 - root - INFO - openms_speclibsearcher,galaxyp remove 69489bd3426b 
2025-04-09 18:27:18,968 - root - INFO - openms_speclibsearcher,galaxyp remove 863a35a84426 
2025-04-09 18:27:18,968 - root - INFO - openms_compnovo,galaxyp remove 3a8e53c6b9d6 
2025-04-09 18:27:18,968 - root - INFO - openms_compnovo,galaxyp remove 77d92924bb5a 
2025-04-09 18:27:18,968 - root - INFO - openms_spectrafiltermarkermower,galaxyp remove 96fad29730dd 
2025-04-09 18:27:18,968 - root - INFO - openms_noisefiltersgolay,galaxyp remove 1312f9119f74 
2025-04-09 18:27:18,968 - root - INFO - openms_noisefiltersgolay,galaxyp remove f2834f001a80 
2025-04-09 18:27:18,968 - root - INFO - openms_idfileconverter,galaxyp remove 250d6a43f66b 
2025-04-09 18:27:18,968 - root - INFO - openms_idfileconverter,galaxyp remove 43a1db77b7a6 
2025-04-09 18:27:18,968 - root - INFO - openms_targetedfileconverter,galaxyp remove 51b9c2d5b4c3 
2025-04-09 18:27:18,968 - root - INFO - openms_targetedfileconverter,galaxyp remove 6562463bf496 
2025-04-09 18:27:18,968 - root - INFO - openms_cometadapter,galaxyp remove 2ffc94cb0766 
2025-04-09 18:27:18,968 - root - INFO - openms_cometadapter,galaxyp remove a4ada39679ae 
2025-04-09 18:27:18,968 - root - INFO - openms_externalcalibration,galaxyp remove 4f6a44916c89 
2025-04-09 18:27:18,968 - root - INFO - openms_externalcalibration,galaxyp remove 61f5ad339398 
2025-04-09 18:27:18,968 - root - INFO - openms_featurefinderisotopewavelet,galaxyp remove 4643d1a80309 
2025-04-09 18:27:18,969 - root - INFO - openms_featurefinderisotopewavelet,galaxyp remove becf3642c634 
2025-04-09 18:27:18,969 - root - INFO - openms_falsediscoveryrate,galaxyp remove 100359fb8e7c 
2025-04-09 18:27:18,969 - root - INFO - openms_falsediscoveryrate,galaxyp remove 469690558892 
2025-04-09 18:27:18,969 - root - INFO - openms_cruxadapter,galaxyp remove a8dd6f1257ab 
2025-04-09 18:27:18,969 - root - INFO - openms_cruxadapter,galaxyp remove aed7aeb6feec 
2025-04-09 18:27:18,969 - root - INFO - openms_idmapper,galaxyp remove 138a734e21a1 
2025-04-09 18:27:18,969 - root - INFO - openms_idmapper,galaxyp remove 2517c03f5cd3 
2025-04-09 18:27:18,969 - root - INFO - openms_featurefinderidentification,galaxyp remove 5471eba33b70 
2025-04-09 18:27:18,969 - root - INFO - openms_featurefinderidentification,galaxyp remove c1beeebc9db7 
2025-04-09 18:27:18,969 - root - INFO - openms_mrmmapper,galaxyp remove 9a62bfe7661d 
2025-04-09 18:27:18,969 - root - INFO - openms_mrmmapper,galaxyp remove bc8e70bada0e 
2025-04-09 18:27:18,969 - root - INFO - openms_omssaadapter,galaxyp remove 886991df53f7 
2025-04-09 18:27:18,969 - root - INFO - openms_omssaadapter,galaxyp remove f91e7d51c17f 
2025-04-09 18:27:18,969 - root - INFO - openms_eicextractor,galaxyp remove 0546885ddaf9 
2025-04-09 18:27:18,969 - root - INFO - openms_eicextractor,galaxyp remove 2bd3c83eed94 
2025-04-09 18:27:18,969 - root - INFO - openms_mapalignerspectrum,galaxyp remove 051ded4b9e1f 
2025-04-09 18:27:18,969 - root - INFO - openms_mapalignerspectrum,galaxyp remove b5b03aacbfd9 
2025-04-09 18:27:18,969 - root - INFO - openms_openswathfilesplitter,galaxyp remove 0ab17cc5cf0c 
2025-04-09 18:27:18,969 - root - INFO - openms_openswathfilesplitter,galaxyp remove 40abe25cb21c 
2025-04-09 18:27:18,969 - root - INFO - openms_msstatsconverter,galaxyp remove 0dcd11bc33f8 
2025-04-09 18:27:18,969 - root - INFO - openms_msstatsconverter,galaxyp remove e444b158fb20 
2025-04-09 18:27:18,969 - root - INFO - openms_tofcalibration,galaxyp remove 40a101cabd0e 
2025-04-09 18:27:18,969 - root - INFO - openms_tofcalibration,galaxyp remove 90f459a4da0e 
2025-04-09 18:27:18,969 - root - INFO - openms_rnpxlsearch,galaxyp remove 3dc6d9795d5b 
2025-04-09 18:27:18,969 - root - INFO - openms_rnpxlsearch,galaxyp remove 7911914e96f6 
2025-04-09 18:27:18,969 - root - INFO - openms_featurelinkerunlabeledqt,galaxyp remove 91f990434dc1 
2025-04-09 18:27:18,969 - root - INFO - openms_featurelinkerunlabeledqt,galaxyp remove bd07412009d1 
2025-04-09 18:27:18,969 - root - INFO - openms_clustermasstracesbyprecursor,galaxyp remove f0682a468daa 
2025-04-09 18:27:18,969 - root - INFO - openms_clustermasstracesbyprecursor,galaxyp remove f61e132c4536 
2025-04-09 18:27:18,969 - root - INFO - openms_mztabexporter,galaxyp remove 9bf4fbcf20c8 
2025-04-09 18:27:18,969 - root - INFO - openms_mztabexporter,galaxyp remove e270a5689e12 
2025-04-09 18:27:18,969 - root - INFO - openms_svmtheoreticalspectrumgeneratortrainer,galaxyp remove 94b81345543d 
2025-04-09 18:27:18,969 - root - INFO - openms_svmtheoreticalspectrumgeneratortrainer,galaxyp remove b1a8601e2ea0 
2025-04-09 18:27:18,969 - root - INFO - openms_rnpxlxicfilter,galaxyp remove c2827f0ca312 
2025-04-09 18:27:18,969 - root - INFO - openms_openswathfeaturexmltotsv,galaxyp remove 5c50095229a5 
2025-04-09 18:27:18,969 - root - INFO - openms_openswathfeaturexmltotsv,galaxyp remove b8192a9b7f9c 
2025-04-09 18:27:18,969 - root - INFO - openms_erpairfinder,galaxyp remove e5e2b0d57f1d 
2025-04-09 18:27:18,969 - root - INFO - openms_gnpsexport,galaxyp remove 22885d201eb8 
2025-04-09 18:27:18,969 - root - INFO - openms_gnpsexport,galaxyp remove 2dabae2814df 
2025-04-09 18:27:18,969 - root - INFO - openms_xmlvalidator,galaxyp remove 75bb0f81cfa3 
2025-04-09 18:27:18,969 - root - INFO - openms_myrimatchadapter,galaxyp remove 7b1dc8fbf6ab 
2025-04-09 18:27:18,969 - root - INFO - openms_myrimatchadapter,galaxyp remove d9512d2a688c 
2025-04-09 18:27:18,969 - root - INFO - openms_featurefindermetaboident,galaxyp remove 539b683e9752 
2025-04-09 18:27:18,969 - root - INFO - openms_featurefindermetaboident,galaxyp remove 7e29bf457263 
2025-04-09 18:27:18,969 - root - INFO - openms_qcimporter,galaxyp remove 0cfaedd90c2b 
2025-04-09 18:27:18,969 - root - INFO - openms_qcimporter,galaxyp remove ddf8a08bbd91 
2025-04-09 18:27:18,969 - root - INFO - openms_consensusid,galaxyp remove feebe2054e40 
2025-04-09 18:27:18,969 - root - INFO - openms_speclibcreator,galaxyp remove 5d837ca93d0e 
2025-04-09 18:27:18,969 - root - INFO - openms_speclibcreator,galaxyp remove 70105532a580 
2025-04-09 18:27:18,969 - root - INFO - openms_multiplexresolver,galaxyp remove 381448b2db6d 
2025-04-09 18:27:18,969 - root - INFO - openms_multiplexresolver,galaxyp remove b3dcd2098472 
2025-04-09 18:27:18,969 - root - INFO - openms_metaboliteadductdecharger,galaxyp remove 68e3317532cb 
2025-04-09 18:27:18,969 - root - INFO - openms_metaboliteadductdecharger,galaxyp remove ebc51eae71cd 
2025-04-09 18:27:18,969 - root - INFO - openms_simplesearchengine,galaxyp remove 1b56031ac321 
2025-04-09 18:27:18,969 - root - INFO - openms_simplesearchengine,galaxyp remove e42e8b553f7d 
2025-04-09 18:27:18,969 - root - INFO - openms_featurefindermrm,galaxyp remove 9a9bbeefcd5d 
2025-04-09 18:27:18,969 - root - INFO - openms_qualitycontrol,galaxyp remove 2f08fa7ab72c 
2025-04-09 18:27:18,969 - root - INFO - openms_qualitycontrol,galaxyp remove e2f683fcd6bd 
2025-04-09 18:27:18,969 - root - INFO - openms_consensusmapnormalizer,galaxyp remove 226f58ac71c5 
2025-04-09 18:27:18,969 - root - INFO - openms_consensusmapnormalizer,galaxyp remove 9ff14d340f84 
2025-04-09 18:27:18,969 - root - INFO - openms_openswathchromatogramextractor,galaxyp remove 71555764c24a 
2025-04-09 18:27:18,969 - root - INFO - openms_openswathchromatogramextractor,galaxyp remove e9c148b32f87 
2025-04-09 18:27:18,969 - root - INFO - openms_mapnormalizer,galaxyp remove 7d45a120519f 
2025-04-09 18:27:18,969 - root - INFO - openms_mapnormalizer,galaxyp remove cd9af291f6d4 
2025-04-09 18:27:18,969 - root - INFO - openms_spectrafiltersqrtmower,galaxyp remove 886dff8ca0cb 
2025-04-09 18:27:18,969 - root - INFO - openms_spectrafiltersqrtmower,galaxyp remove fb74176ff8f9 
2025-04-09 18:27:18,969 - root - INFO - openms_transformationevaluation,galaxyp remove 24d0298006e1 
2025-04-09 18:27:18,969 - root - INFO - openms_transformationevaluation,galaxyp remove fc8e5a66639c 
2025-04-09 18:27:18,969 - root - INFO - openms_clustermasstraces,galaxyp remove 6d513a5aaa36 
2025-04-09 18:27:18,969 - root - INFO - openms_clustermasstraces,galaxyp remove 8fad84d1a74d 
2025-04-09 18:27:18,969 - root - INFO - openms_precursormasscorrector,galaxyp remove 315dca04e06f 
2025-04-09 18:27:18,969 - root - INFO - openms_precursormasscorrector,galaxyp remove e15d84652dba 
2025-04-09 18:27:18,969 - root - INFO - openms_assaygeneratormetabo,galaxyp remove cb9d2162b340 
2025-04-09 18:27:18,969 - root - INFO - openms_assaygeneratormetabo,galaxyp remove d30e724536fc 
2025-04-09 18:27:18,969 - root - INFO - openms_openswathconfidencescoring,galaxyp remove fa73919cc97e 
2025-04-09 18:27:18,969 - root - INFO - openms_rnamasscalculator,galaxyp remove 4f8478024146 
2025-04-09 18:27:18,969 - root - INFO - openms_rnamasscalculator,galaxyp remove f8475273db10 
2025-04-09 18:27:18,969 - root - INFO - openms_openpepxllf,galaxyp remove 04168c0bdfa7 
2025-04-09 18:27:18,969 - root - INFO - openms_openpepxllf,galaxyp remove e574d3f268f6 
2025-04-09 18:27:18,969 - root - INFO - openms_idmassaccuracy,galaxyp remove 31bc4129f589 
2025-04-09 18:27:18,969 - root - INFO - openms_idmassaccuracy,galaxyp remove 65be0674bb70 
2025-04-09 18:27:18,969 - root - INFO - openms_accuratemasssearch,galaxyp remove 2dea459da18e 
2025-04-09 18:27:18,969 - root - INFO - openms_accuratemasssearch,galaxyp remove 40e0709178a5 
2025-04-09 18:27:18,969 - root - INFO - openms_noisefiltergaussian,galaxyp remove 038c7525527e 
2025-04-09 18:27:18,969 - root - INFO - openms_noisefiltergaussian,galaxyp remove 4b6ea1de6dc4 
2025-04-09 18:27:18,969 - root - INFO - openms_openswathrtnormalizer,galaxyp remove 7d73049c05c0 
2025-04-09 18:27:18,969 - root - INFO - openms_openswathrtnormalizer,galaxyp remove f25fbb8ff7cf 
2025-04-09 18:27:18,969 - root - INFO - openms_mascotadapter,galaxyp remove 57fb2083a8cb 
2025-04-09 18:27:18,969 - root - INFO - openms_mascotadapter,galaxyp remove fb751f9c050b 
2025-04-09 18:27:18,969 - root - INFO - openms_rtmodel,galaxyp remove 654e2bf18e82 
2025-04-09 18:27:18,969 - root - INFO - openms_rtmodel,galaxyp remove a9ece00a3e54 
2025-04-09 18:27:18,969 - root - INFO - openms_ffeval,galaxyp remove 12513e823fd0 
2025-04-09 18:27:18,969 - root - INFO - openms_ffeval,galaxyp remove a02af506fe40 
2025-04-09 18:27:18,969 - root - INFO - openms_demeanderize,galaxyp remove 37caa89b3ab1 
2025-04-09 18:27:18,969 - root - INFO - openms_demeanderize,galaxyp remove c64f929ec2bf 
2025-04-09 18:27:18,969 - root - INFO - openms_lowmempeakpickerhiresrandomaccess,galaxyp remove 4cfd0b909d6e 
2025-04-09 18:27:18,970 - root - INFO - openms_lowmempeakpickerhires,galaxyp remove d8a68a6dec7b 
2025-04-09 18:27:18,970 - root - INFO - openms_percolatoradapter,galaxyp remove 147aaac03456 
2025-04-09 18:27:18,970 - root - INFO - openms_fidoadapter,galaxyp remove b552ec8456e7 
2025-04-09 18:27:18,970 - root - INFO - openms_fidoadapter,galaxyp remove c3a5cd016963 
2025-04-09 18:27:18,970 - root - INFO - openms_idposteriorerrorprobability,galaxyp remove 18ee86db4af2 
2025-04-09 18:27:18,970 - root - INFO - openms_idposteriorerrorprobability,galaxyp remove 711a081d80ba 
2025-04-09 18:27:18,970 - root - INFO - openms_baselinefilter,galaxyp remove 1936361a3dbb 
2025-04-09 18:27:18,970 - root - INFO - openms_mapstatistics,galaxyp remove 05215884f6d0 
2025-04-09 18:27:18,970 - root - INFO - openms_mapstatistics,galaxyp remove 9e25560d4ded 
2025-04-09 18:27:18,970 - root - INFO - openms_decoydatabase,galaxyp remove 622bb8ee4942 
2025-04-09 18:27:18,970 - root - INFO - openms_decoydatabase,galaxyp remove 71a6c870aa48 
2025-04-09 18:27:18,970 - root - INFO - openms_idscoreswitcher,galaxyp remove ec0d05b20eed 
2025-04-09 18:27:18,970 - root - INFO - openms_idscoreswitcher,galaxyp remove ee6cc162893a 
2025-04-09 18:27:18,970 - root - INFO - openms_idextractor,galaxyp remove 2a2fa2b57306 
2025-04-09 18:27:18,970 - root - INFO - openms_idextractor,galaxyp remove d1d410b94443 
2025-04-09 18:27:18,970 - root - INFO - openms_textexporter,galaxyp remove 1c596fdaf34a 
2025-04-09 18:27:18,970 - root - INFO - openms_luciphoradapter,galaxyp remove 720efe4c4f10 
2025-04-09 18:27:18,970 - root - INFO - openms_luciphoradapter,galaxyp remove b67078922766 
2025-04-09 18:27:18,970 - root - INFO - openms_openswathrewritetofeaturexml,galaxyp remove 175016416031 
2025-04-09 18:27:18,970 - root - INFO - openms_openswathrewritetofeaturexml,galaxyp remove 5ad2d341fb2f 
2025-04-09 18:27:18,970 - root - INFO - openms_qcshrinker,galaxyp remove 910f1fdf039a 
2025-04-09 18:27:18,970 - root - INFO - openms_qcshrinker,galaxyp remove ccfc3e189087 
2025-04-09 18:27:18,970 - root - INFO - openms_highresprecursormasscorrector,galaxyp remove 8962ca0b2456 
2025-04-09 18:27:18,970 - root - INFO - openms_highresprecursormasscorrector,galaxyp remove cdbd06d8cbd5 
2025-04-09 18:27:18,970 - root - INFO - openms_novoradapter,galaxyp remove 16fcd0ea9937 
2025-04-09 18:27:18,970 - root - INFO - openms_novoradapter,galaxyp remove 562d46a2f8b6 
2025-04-09 18:27:18,970 - root - INFO - openms_openswathanalyzer,galaxyp remove 7ca917175b23 
2025-04-09 18:27:18,970 - root - INFO - openms_openswathanalyzer,galaxyp remove bc57c90ba60f 
2025-04-09 18:27:18,970 - root - INFO - openms_cvinspector,galaxyp remove 3b585b370ab8 
2025-04-09 18:27:18,970 - root - INFO - openms_cvinspector,galaxyp remove 53695d887eaa 
2025-04-09 18:27:18,970 - root - INFO - openms_openswathmzmlfilecacher,galaxyp remove e7c43d17e3dc 
2025-04-09 18:27:18,970 - root - INFO - openms_openswathmzmlfilecacher,galaxyp remove fc775d5aa321 
2025-04-09 18:27:18,970 - root - INFO - openms_mrmpairfinder,galaxyp remove 482de0c17531 
2025-04-09 18:27:18,970 - root - INFO - openms_mrmpairfinder,galaxyp remove a040e1ed8736 
2025-04-09 18:27:18,970 - root - INFO - openms_openswathdecoygenerator,galaxyp remove 1814187218fe 
2025-04-09 18:27:18,970 - root - INFO - openms_openswathdecoygenerator,galaxyp remove 3769d3a7e9ba 
2025-04-09 18:27:18,970 - root - INFO - openms_databasefilter,galaxyp remove 0c98acedb17a 
2025-04-09 18:27:18,970 - root - INFO - openms_databasefilter,galaxyp remove d589c931720d 
2025-04-09 18:27:18,970 - root - INFO - proteomiqon_peptidespectrummatching,galaxyp remove db6faafbf75b 
2025-04-09 18:27:18,970 - root - INFO - proteomiqon_proteininference,galaxyp remove 8e4fb95a319a 
2025-04-09 18:27:18,970 - root - INFO - metanovo,galaxyp remove 7a5ff5359b13 
